SF:lib/core/config/runtime_config.dart
DA:8,0
DA:20,0
DA:22,0
DA:25,0
DA:27,0
DA:28,0
DA:31,1
DA:33,1
DA:35,1
DA:36,2
DA:40,1
DA:43,1
DA:48,1
DA:49,1
DA:52,1
DA:55,2
DA:56,2
LF:17
LH:11
end_of_record
SF:lib/core/network/resources/base_response_dto.dart
DA:14,4
DA:18,4
DA:22,3
DA:23,0
LF:4
LH:3
end_of_record
SF:lib/core/network/resources/base_response_dto.g.dart
DA:9,4
DA:12,4
DA:13,8
DA:14,4
DA:15,8
DA:18,0
DA:21,0
DA:22,0
DA:23,0
DA:24,0
DA:27,4
DA:30,4
DA:32,0
DA:35,0
LF:14
LH:7
end_of_record
SF:lib/features/auth/data/dtos/auth_response_dto.dart
DA:16,0
DA:17,0
DA:21,1
DA:22,3
DA:38,0
DA:39,0
LF:6
LH:2
end_of_record
SF:lib/features/auth/data/dtos/auth_response_dto.g.dart
DA:9,0
DA:10,0
DA:11,0
DA:12,0
DA:14,0
DA:17,0
DA:18,0
DA:19,0
DA:20,0
DA:21,0
DA:24,0
DA:25,0
DA:26,0
DA:27,0
DA:28,0
DA:30,0
DA:33,0
DA:34,0
DA:35,0
DA:36,0
DA:37,0
LF:21
LH:0
end_of_record
SF:lib/features/auth/data/dtos/login_request_dto.dart
DA:17,0
DA:18,0
LF:2
LH:0
end_of_record
SF:lib/features/auth/data/dtos/login_request_dto.g.dart
DA:9,0
DA:10,0
DA:11,0
DA:12,0
DA:13,0
DA:14,0
DA:15,0
DA:16,0
DA:19,0
DA:20,0
DA:21,0
DA:22,0
DA:23,0
DA:24,0
DA:25,0
DA:26,0
LF:16
LH:0
end_of_record
SF:lib/features/auth/data/dtos/register_request_dto.dart
DA:15,0
DA:16,0
LF:2
LH:0
end_of_record
SF:lib/features/auth/data/dtos/register_request_dto.g.dart
DA:9,0
DA:10,0
DA:11,0
DA:12,0
DA:13,0
DA:14,0
DA:17,0
DA:18,0
DA:19,0
DA:20,0
DA:21,0
DA:22,0
LF:12
LH:0
end_of_record
SF:lib/features/auth/data/dtos/refresh_token_response_dto.dart
DA:15,0
DA:16,0
DA:24,1
DA:25,3
LF:4
LH:2
end_of_record
SF:lib/features/auth/data/dtos/refresh_token_response_dto.g.dart
DA:9,0
DA:10,0
DA:11,0
DA:12,0
DA:15,0
DA:17,0
DA:18,0
DA:19,0
LF:8
LH:0
end_of_record
SF:lib/features/auth/domain/entities/auth_entity.dart
DA:6,6
LF:1
LH:1
end_of_record
SF:lib/core/constants/api_constants.dart
DA:4,0
DA:5,0
DA:24,1
DA:25,1
LF:4
LH:2
end_of_record
SF:lib/core/network/_riverpod/authenticated_network_providers.g.dart
DA:15,0
DA:24,0
DA:25,0
DA:35,0
DA:36,0
DA:38,0
DA:41,0
DA:43,0
DA:45,0
DA:49,0
DA:50,0
DA:52,0
DA:57,0
LF:13
LH:0
end_of_record
SF:lib/core/network/_riverpod/authenticated_network_providers.dart
DA:10,0
DA:14,0
DA:15,0
DA:19,0
DA:23,0
DA:27,0
LF:6
LH:0
end_of_record
SF:lib/core/network/dio/dio_client.dart
DA:15,0
DA:16,0
DA:17,0
DA:24,0
DA:26,0
DA:27,0
DA:28,0
DA:29,0
DA:30,0
DA:32,0
LF:10
LH:0
end_of_record
SF:lib/core/network/dio/interceptors/auth_interceptor.dart
DA:16,1
DA:40,1
DA:47,1
DA:52,1
DA:53,2
DA:54,1
DA:55,3
DA:56,1
DA:59,2
DA:60,1
DA:63,1
DA:68,1
DA:69,1
DA:73,4
DA:74,1
DA:82,1
DA:83,1
DA:84,2
DA:85,1
DA:86,1
DA:92,2
DA:93,0
DA:94,0
DA:96,0
DA:97,0
DA:103,1
DA:104,1
DA:107,2
DA:108,1
DA:109,1
DA:113,1
DA:114,1
DA:116,1
DA:118,1
DA:119,1
DA:120,1
DA:122,1
DA:123,1
DA:125,1
DA:126,1
DA:129,1
DA:130,1
DA:131,1
DA:132,1
DA:133,0
DA:141,2
DA:145,1
DA:147,3
DA:149,2
DA:150,2
DA:151,2
DA:153,2
DA:154,2
DA:157,0
DA:160,1
DA:161,2
DA:162,1
DA:165,0
DA:168,0
DA:172,0
DA:179,1
DA:183,1
DA:184,4
DA:187,1
DA:190,4
DA:193,3
DA:197,3
DA:198,2
DA:201,1
DA:205,3
DA:206,2
DA:207,2
DA:210,1
DA:216,1
DA:217,3
DA:220,1
DA:221,1
DA:222,1
DA:223,1
DA:228,2
DA:229,1
DA:230,1
DA:231,2
DA:234,2
DA:235,2
DA:236,1
DA:237,0
DA:238,0
DA:239,0
DA:241,0
DA:249,1
LF:91
LH:78
end_of_record
SF:lib/core/network/dio/interceptors/logging_interceptor.dart
DA:6,0
DA:8,0
DA:9,0
DA:12,0
DA:14,0
DA:15,0
DA:16,0
DA:18,0
DA:21,0
DA:23,0
DA:24,0
DA:25,0
DA:26,0
DA:28,0
DA:31,0
DA:32,0
LF:16
LH:0
end_of_record
SF:lib/core/utils/logger/app_logger.dart
DA:7,30
DA:8,0
DA:12,20
DA:15,0
DA:16,0
DA:17,0
DA:18,0
DA:21,28
DA:22,28
DA:23,8
DA:24,4
DA:25,12
DA:27,0
DA:28,0
DA:29,0
DA:30,0
DA:31,0
LF:17
LH:7
end_of_record
SF:lib/core/services/push/firebase_push_adapters.dart
DA:17,0
DA:18,0
DA:22,0
DA:24,0
DA:33,0
DA:34,0
DA:37,0
DA:39,0
DA:40,0
DA:43,0
DA:44,0
DA:46,0
DA:48,0
DA:49,0
DA:52,0
DA:53,0
DA:55,0
DA:57,0
DA:59,0
DA:61,0
DA:64,0
DA:65,0
DA:66,0
DA:67,0
DA:68,0
DA:73,1
DA:77,1
DA:79,3
DA:82,1
DA:84,2
DA:86,1
DA:87,2
DA:93,0
DA:95,0
DA:109,0
DA:111,0
DA:112,0
DA:121,0
DA:122,0
DA:123,0
DA:124,0
DA:127,0
DA:131,0
DA:138,0
DA:139,0
DA:157,0
DA:158,0
DA:159,0
DA:165,0
DA:167,0
DA:168,0
DA:169,0
DA:172,0
DA:173,0
DA:174,0
DA:175,0
LF:56
LH:7
end_of_record
SF:lib/firebase_options.dart
DA:18,0
DA:22,0
DA:23,0
DA:25,0
DA:27,0
DA:28,0
DA:32,0
DA:33,0
DA:37,0
DA:38,0
DA:43,0
LF:11
LH:0
end_of_record
SF:lib/core/services/push/push_notification_contracts.dart
DA:2,2
DA:10,4
DA:22,2
DA:23,1
DA:24,1
DA:25,1
DA:26,1
DA:29,1
DA:30,1
DA:31,1
DA:32,2
DA:35,2
DA:37,2
DA:38,6
DA:39,6
DA:40,6
DA:41,6
DA:43,0
DA:45,0
DA:61,1
DA:65,3
DA:66,3
DA:67,1
DA:71,2
DA:72,1
DA:73,3
DA:79,1
DA:87,1
DA:89,1
DA:90,3
DA:93,1
DA:96,1
DA:97,1
DA:98,1
DA:99,1
DA:135,1
DA:139,1
DA:140,1
LF:38
LH:36
end_of_record
SF:lib/core/services/push/push_persistence_adapter.dart
DA:9,1
DA:19,0
DA:21,0
DA:23,0
DA:26,0
DA:28,0
DA:32,1
DA:33,2
DA:34,1
DA:35,3
DA:36,0
DA:37,0
DA:39,0
DA:40,0
DA:44,1
DA:45,2
DA:46,1
DA:47,3
DA:48,2
DA:49,4
DA:53,2
DA:54,3
DA:55,0
DA:57,1
DA:61,1
DA:62,2
DA:63,1
DA:64,2
DA:65,1
DA:66,2
DA:67,2
DA:68,3
DA:70,1
DA:74,0
DA:75,0
DA:76,0
DA:77,0
DA:80,1
DA:81,2
DA:82,1
DA:84,1
DA:85,1
DA:86,1
DA:87,1
DA:88,3
DA:89,1
DA:90,1
DA:91,1
DA:92,1
DA:93,1
DA:94,1
DA:95,1
DA:96,1
DA:98,0
DA:102,3
DA:104,2
DA:105,1
DA:106,5
DA:110,1
DA:111,1
DA:112,1
DA:113,2
DA:114,0
DA:118,1
DA:119,1
DA:120,4
DA:122,2
DA:124,0
DA:127,1
DA:132,1
DA:133,1
DA:134,1
DA:141,1
DA:142,3
LF:74
LH:57
end_of_record
SF:lib/core/services/push_notification_service.dart
DA:21,1
DA:47,1
DA:48,2
DA:50,1
DA:52,1
DA:53,2
DA:54,1
DA:55,1
DA:56,1
DA:63,1
DA:64,1
DA:65,1
DA:67,3
DA:69,0
DA:73,2
DA:77,2
DA:78,4
DA:79,1
DA:80,1
DA:81,2
DA:87,2
DA:88,4
DA:89,2
DA:94,2
DA:95,4
DA:96,2
DA:102,2
DA:103,1
DA:104,2
DA:110,1
DA:112,1
DA:114,1
DA:115,1
DA:116,1
DA:118,1
DA:122,1
DA:123,1
DA:125,2
DA:127,1
DA:131,2
DA:132,1
DA:133,2
DA:134,2
DA:138,1
DA:139,3
DA:142,1
DA:143,1
DA:144,4
DA:146,1
DA:147,1
DA:149,0
DA:152,1
DA:155,1
DA:156,1
DA:157,2
DA:158,2
DA:159,1
DA:160,0
DA:166,2
DA:167,2
DA:168,1
DA:172,1
DA:174,2
DA:177,1
DA:178,2
DA:184,1
DA:188,1
DA:190,1
DA:191,1
DA:192,2
DA:195,2
DA:196,1
DA:200,2
DA:202,1
DA:203,1
DA:207,2
DA:210,1
DA:212,1
DA:213,1
DA:216,1
DA:217,2
DA:218,2
DA:220,1
DA:221,3
DA:224,2
DA:226,2
DA:230,1
DA:232,2
DA:234,2
DA:235,2
DA:239,1
DA:240,2
DA:241,2
DA:242,1
DA:244,1
DA:247,1
DA:248,3
DA:251,1
DA:252,2
DA:253,1
DA:255,2
DA:256,2
DA:260,0
DA:261,0
DA:264,0
DA:265,0
DA:268,0
DA:269,0
DA:272,0
DA:273,0
DA:276,3
DA:277,0
DA:278,0
DA:279,0
DA:280,0
DA:281,0
DA:283,0
LF:117
LH:100
end_of_record
SF:lib/features/auth/presentation/providers/di/storage_di_providers.g.dart
DA:14,0
DA:27,0
DA:28,0
DA:38,0
DA:39,0
DA:41,0
DA:45,0
DA:47,0
DA:49,0
DA:53,0
DA:54,0
DA:56,0
DA:61,0
DA:66,0
DA:79,0
DA:80,0
DA:90,0
DA:91,0
DA:93,0
DA:97,0
DA:99,0
DA:101,0
DA:105,0
DA:106,0
DA:108,0
DA:113,0
DA:119,3
DA:132,1
DA:133,1
DA:143,0
DA:144,0
DA:146,0
DA:150,0
DA:152,0
DA:154,0
DA:158,1
DA:159,1
DA:161,1
DA:166,0
DA:172,3
DA:185,1
DA:186,1
DA:196,1
DA:197,1
DA:199,1
DA:203,1
DA:205,1
DA:207,1
DA:211,0
DA:212,0
DA:214,0
DA:219,1
DA:225,3
DA:238,1
DA:239,1
DA:249,1
DA:250,1
DA:252,1
DA:255,1
DA:257,1
DA:259,1
DA:263,0
DA:264,0
DA:266,0
DA:271,1
DA:276,3
DA:289,1
DA:290,1
DA:300,1
DA:301,1
DA:303,1
DA:307,1
DA:309,1
DA:311,1
DA:315,0
DA:316,0
DA:318,0
DA:323,1
LF:78
LH:36
end_of_record
SF:lib/features/auth/presentation/providers/di/storage_di_providers.dart
DA:15,0
DA:17,0
DA:21,0
DA:23,0
DA:24,0
DA:28,0
DA:30,0
DA:31,0
DA:35,1
DA:37,2
DA:38,1
DA:42,1
DA:44,2
DA:45,1
DA:49,1
DA:51,2
DA:52,1
LF:17
LH:9
end_of_record
SF:lib/core/usecases/usecase.dart
DA:9,6
LF:1
LH:1
end_of_record
SF:lib/core/utils/logger/logger_impl.dart
DA:9,10
DA:10,10
DA:11,10
DA:21,7
DA:23,14
DA:26,7
DA:28,14
DA:31,2
DA:33,4
DA:36,4
DA:41,8
LF:11
LH:11
end_of_record
SF:lib/features/auth/data/models/token_model.dart
DA:14,0
DA:15,0
DA:20,0
DA:21,0
DA:22,0
DA:23,0
DA:30,0
DA:31,0
DA:32,0
DA:33,0
LF:10
LH:0
end_of_record
SF:lib/features/auth/data/models/token_model.g.dart
DA:9,0
DA:10,0
DA:11,0
DA:14,0
DA:15,0
DA:16,0
DA:17,0
LF:7
LH:0
end_of_record
SF:lib/features/auth/data/datasources/token_local_data_source_impl.dart
DA:13,0
DA:19,0
DA:22,0
DA:25,0
DA:26,0
DA:28,0
DA:31,0
DA:32,0
DA:36,0
DA:37,0
DA:38,0
DA:41,0
DA:42,0
DA:44,0
DA:45,0
DA:49,0
DA:52,0
DA:54,0
DA:57,0
DA:58,0
DA:61,0
DA:62,0
DA:64,0
DA:65,0
DA:67,0
DA:68,0
DA:72,0
DA:75,0
DA:77,0
DA:78,0
DA:79,0
DA:80,0
DA:83,0
DA:84,0
DA:86,0
DA:87,0
DA:91,0
DA:94,0
DA:95,0
DA:97,0
DA:98,0
DA:100,0
DA:101,0
DA:105,0
DA:108,0
DA:111,0
DA:113,0
DA:114,0
DA:115,0
DA:117,0
DA:121,0
DA:126,0
DA:130,0
DA:131,0
DA:136,0
DA:137,0
DA:141,0
DA:142,0
LF:58
LH:0
end_of_record
SF:lib/features/auth/data/repositories_impl/token_storage_repository_impl.dart
DA:13,0
DA:15,0
DA:18,0
DA:20,0
DA:21,0
DA:23,0
DA:24,0
DA:25,0
DA:26,0
DA:28,0
DA:29,0
DA:30,0
DA:34,0
DA:35,0
DA:39,0
DA:42,0
DA:44,0
DA:46,0
DA:47,0
DA:48,0
DA:49,0
DA:51,0
DA:53,0
DA:54,0
DA:57,0
DA:58,0
DA:59,0
DA:63,0
DA:64,0
DA:68,0
DA:71,0
DA:73,0
DA:75,0
DA:76,0
DA:77,0
DA:78,0
DA:80,0
DA:81,0
DA:82,0
DA:86,0
DA:87,0
DA:91,0
DA:94,0
DA:96,0
DA:98,0
DA:99,0
DA:100,0
DA:101,0
DA:103,0
DA:104,0
DA:105,0
DA:109,0
DA:110,0
DA:114,0
DA:117,0
DA:119,0
DA:121,0
DA:122,0
DA:123,0
DA:124,0
DA:126,0
DA:127,0
DA:128,0
DA:132,0
DA:133,0
LF:65
LH:0
end_of_record
SF:lib/features/auth/domain/usecases/clear_tokens_usecase.dart
DA:10,2
DA:12,2
DA:14,4
LF:3
LH:3
end_of_record
SF:lib/features/auth/domain/usecases/get_tokens_usecase.dart
DA:11,2
DA:13,2
DA:15,4
LF:3
LH:3
end_of_record
SF:lib/features/auth/domain/usecases/store_tokens_usecase.dart
DA:11,2
DA:13,2
DA:15,6
DA:23,2
LF:4
LH:4
end_of_record
SF:lib/core/network/resources/page_dto.dart
DA:17,2
DA:21,2
LF:2
LH:2
end_of_record
SF:lib/core/network/resources/page_dto.g.dart
DA:9,2
DA:12,2
DA:13,6
DA:14,4
DA:15,4
DA:16,4
DA:17,4
DA:18,2
DA:21,0
DA:24,0
DA:25,0
DA:26,0
DA:27,0
DA:28,0
DA:29,0
DA:30,0
LF:16
LH:8
end_of_record
SF:lib/core/network/socket/socket_client.dart
DA:25,2
DA:33,0
DA:36,0
DA:39,3
DA:42,1
DA:43,1
DA:44,0
DA:47,1
DA:48,0
DA:52,4
DA:53,1
DA:55,1
DA:56,1
DA:57,3
DA:61,0
DA:62,0
DA:63,0
DA:66,0
DA:67,0
DA:70,0
DA:71,0
DA:74,0
DA:75,0
DA:77,0
DA:78,0
DA:79,0
DA:82,0
DA:83,0
DA:86,0
DA:87,0
DA:88,0
DA:89,0
DA:90,0
DA:91,0
DA:93,0
DA:95,0
DA:96,0
DA:97,0
DA:98,0
DA:99,0
DA:100,0
DA:104,0
DA:109,0
DA:112,0
DA:114,0
DA:115,0
DA:116,0
DA:121,0
DA:122,0
DA:123,0
DA:125,0
DA:127,0
DA:128,0
DA:129,0
DA:130,0
DA:136,0
DA:137,0
DA:138,0
DA:140,0
DA:145,0
DA:146,0
DA:150,1
DA:151,4
DA:153,1
DA:154,1
DA:155,1
DA:157,1
DA:158,1
DA:160,1
DA:161,4
DA:165,1
DA:166,1
DA:168,4
DA:169,1
DA:171,1
DA:172,1
DA:173,1
DA:175,2
DA:176,2
DA:178,4
DA:182,1
DA:183,2
DA:184,3
DA:185,0
DA:186,0
DA:191,0
DA:193,0
DA:195,0
DA:197,0
DA:199,0
DA:200,0
DA:205,0
DA:206,0
DA:208,0
DA:209,0
DA:210,0
DA:213,0
DA:214,0
DA:216,0
DA:217,0
DA:218,0
DA:220,0
DA:223,0
DA:224,0
DA:231,0
DA:232,0
DA:233,0
DA:234,0
DA:235,0
DA:238,0
DA:242,2
DA:243,2
DA:244,2
LF:113
LH:35
end_of_record
SF:lib/core/utils/validators.dart
DA:2,1
DA:8,1
DA:11,1
DA:14,2
DA:17,2
DA:20,0
DA:26,1
DA:27,2
DA:28,4
DA:31,5
DA:32,5
DA:33,10
DA:36,3
DA:37,6
DA:40,0
DA:42,0
DA:43,0
DA:45,0
LF:18
LH:13
end_of_record
SF:lib/core/theme/app_theme.dart
DA:19,7
DA:22,0
DA:23,0
DA:24,0
DA:26,0
DA:28,0
DA:34,0
DA:35,0
DA:37,0
DA:40,0
DA:41,0
DA:42,0
DA:43,0
DA:44,0
DA:45,0
DA:46,0
DA:47,0
DA:50,0
DA:51,0
DA:55,0
DA:58,0
DA:59,0
DA:60,0
DA:62,0
DA:63,0
DA:64,0
DA:70,0
DA:71,0
DA:77,0
DA:78,0
DA:79,0
DA:80,0
DA:81,0
DA:82,0
DA:84,0
DA:92,0
DA:96,0
DA:97,0
DA:98,0
DA:99,0
DA:100,0
DA:101,0
DA:109,0
DA:113,0
DA:114,0
DA:115,0
DA:116,0
DA:117,0
DA:125,0
DA:130,0
DA:131,0
DA:133,0
DA:135,0
DA:137,0
DA:139,0
DA:141,0
DA:143,0
DA:145,0
DA:147,0
DA:149,0
DA:151,0
DA:153,0
DA:157,0
DA:158,0
DA:159,0
DA:161,0
DA:162,0
DA:163,0
DA:165,0
DA:166,0
DA:167,0
DA:172,0
DA:173,0
DA:174,0
DA:175,0
DA:177,0
DA:178,0
DA:179,0
DA:181,0
DA:182,0
DA:183,0
DA:185,0
DA:186,0
DA:187,0
DA:189,0
DA:190,0
DA:191,0
DA:193,0
DA:194,0
DA:195,0
DA:197,0
DA:198,0
DA:199,0
DA:201,0
DA:202,0
DA:203,0
DA:205,0
DA:206,0
DA:207,0
DA:209,0
DA:210,0
DA:211,0
DA:213,0
DA:214,0
DA:215,0
DA:217,0
DA:218,0
DA:219,0
DA:221,0
DA:222,0
DA:223,0
DA:225,0
DA:226,0
DA:227,0
DA:229,0
DA:230,0
DA:231,0
DA:236,0
DA:237,0
DA:238,0
DA:239,0
DA:242,0
DA:243,0
DA:247,0
DA:248,0
DA:249,0
DA:250,0
DA:251,0
DA:252,0
DA:253,0
DA:258,0
DA:259,0
DA:265,0
DA:266,0
DA:271,0
DA:272,0
DA:273,0
DA:274,0
DA:276,0
DA:278,0
DA:279,0
DA:280,0
DA:282,0
DA:287,0
DA:288,0
DA:289,0
DA:290,0
DA:292,0
DA:294,0
DA:298,0
DA:299,0
DA:300,0
DA:301,0
DA:303,0
DA:308,0
DA:309,0
DA:310,0
DA:311,0
DA:312,0
DA:319,0
DA:320,0
DA:321,0
DA:322,0
DA:323,0
DA:325,0
DA:326,0
DA:327,0
DA:336,0
DA:337,0
DA:341,21
DA:343,7
DA:346,6
DA:348,2
DA:351,3
DA:353,1
DA:357,2
DA:359,2
DA:360,2
DA:361,2
DA:362,2
DA:363,1
DA:364,1
DA:369,0
DA:372,0
DA:373,0
DA:374,0
DA:375,0
DA:379,0
LF:188
LH:14
end_of_record
SF:lib/core/theme/theme_provider.g.dart
DA:14,21
DA:19,7
DA:20,7
DA:30,7
DA:31,7
DA:33,7
DA:35,7
DA:38,0
DA:39,0
DA:41,0
DA:46,7
DA:52,7
DA:55,7
DA:57,7
DA:64,14
DA:71,18
DA:79,6
DA:80,6
DA:90,6
DA:91,6
DA:93,6
DA:96,6
DA:98,6
DA:100,6
DA:104,0
DA:105,0
DA:107,0
DA:112,6
DA:115,0
DA:120,0
DA:121,0
DA:131,0
DA:132,0
DA:134,0
DA:137,0
DA:139,0
DA:141,0
DA:145,0
DA:146,0
DA:148,0
DA:153,0
DA:156,3
DA:160,1
DA:161,1
DA:171,1
DA:172,1
DA:174,1
DA:177,1
DA:179,1
DA:181,1
DA:185,0
DA:186,0
DA:188,0
DA:193,1
DA:196,0
DA:200,0
DA:201,0
DA:211,0
DA:212,0
DA:214,0
DA:217,0
DA:219,0
DA:221,0
DA:225,0
DA:226,0
DA:228,0
DA:233,0
LF:67
LH:32
end_of_record
SF:lib/core/theme/theme_provider.dart
DA:15,0
DA:20,0
DA:22,0
DA:24,0
DA:25,0
DA:30,0
DA:32,0
DA:39,5
DA:40,5
DA:42,0
DA:44,0
DA:50,21
DA:51,10
DA:57,7
DA:59,28
DA:61,5
DA:62,2
DA:66,2
DA:67,4
DA:70,8
DA:75,2
DA:76,6
DA:79,2
DA:83,0
DA:86,0
DA:89,0
DA:93,6
DA:95,18
DA:98,0
DA:100,0
DA:103,1
DA:105,4
DA:108,0
DA:110,0
LF:34
LH:18
end_of_record
SF:lib/core/theme/app_colors.dart
DA:54,5
DA:57,0
DA:60,2
DA:63,1
DA:66,2
DA:69,0
DA:72,0
DA:75,0
DA:78,2
DA:81,2
DA:84,0
DA:87,0
DA:90,4
DA:93,4
DA:96,0
DA:99,0
DA:102,0
DA:105,0
DA:108,0
DA:111,0
DA:114,0
DA:117,2
DA:120,0
DA:123,0
DA:126,2
DA:127,2
DA:129,0
DA:132,0
DA:133,0
DA:135,0
DA:136,0
DA:141,1
DA:144,0
DA:147,1
DA:150,0
DA:153,0
DA:156,0
DA:159,0
DA:162,0
DA:165,1
DA:168,0
DA:171,0
DA:174,0
DA:177,1
DA:180,1
DA:183,0
DA:186,0
DA:189,0
DA:192,0
DA:195,0
DA:198,0
DA:201,0
DA:204,1
DA:207,0
DA:210,0
DA:213,1
DA:214,1
DA:216,0
DA:219,0
DA:220,0
DA:222,0
DA:223,0
DA:228,0
DA:231,0
DA:234,0
DA:237,0
DA:240,0
DA:243,0
DA:246,0
DA:249,0
DA:252,0
DA:255,0
DA:258,0
DA:261,0
DA:264,0
DA:267,0
DA:270,0
DA:273,0
DA:276,0
DA:279,0
DA:282,0
DA:285,0
DA:288,0
DA:291,0
DA:294,0
DA:297,0
DA:300,0
DA:301,0
DA:303,0
DA:306,0
DA:307,0
DA:309,0
DA:310,0
LF:93
LH:19
end_of_record
SF:lib/core/theme/app_text_styles.dart
DA:8,0
DA:9,0
DA:12,0
DA:16,0
DA:17,0
DA:20,0
DA:24,0
DA:25,0
DA:28,0
DA:32,0
DA:33,0
DA:39,0
DA:40,0
DA:46,0
DA:47,0
DA:53,0
DA:54,0
DA:61,0
DA:62,0
DA:68,0
DA:69,0
DA:75,0
DA:76,0
DA:83,0
DA:84,0
DA:90,0
DA:91,0
DA:97,0
DA:98,0
DA:105,0
DA:106,0
DA:112,0
DA:113,0
DA:121,0
DA:122,0
DA:128,0
DA:129,0
DA:135,0
DA:136,0
DA:143,0
DA:144,0
DA:150,0
DA:151,0
DA:157,0
DA:158,0
DA:164,0
DA:165,0
DA:172,0
DA:173,0
DA:175,0
DA:178,0
DA:179,0
DA:181,0
DA:185,0
DA:186,0
DA:190,0
DA:191,0
LF:57
LH:0
end_of_record
SF:lib/core/routing/app_router.dart
DA:39,46
DA:41,0
DA:42,0
DA:43,0
DA:44,0
DA:45,0
DA:46,0
DA:47,0
DA:48,0
DA:49,0
DA:50,0
DA:51,0
DA:52,0
DA:53,0
DA:54,0
DA:55,0
DA:56,0
DA:57,0
DA:58,0
DA:59,0
DA:60,0
DA:61,0
DA:62,0
DA:63,0
DA:71,1
DA:76,1
DA:78,1
DA:80,1
DA:81,1
DA:82,1
DA:83,1
DA:85,3
DA:86,1
DA:89,1
DA:91,1
DA:94,0
DA:98,1
DA:101,0
DA:105,1
DA:108,2
DA:110,1
DA:113,0
DA:116,1
DA:119,0
DA:121,1
DA:124,0
DA:126,1
DA:129,0
DA:133,1
DA:136,2
DA:137,1
DA:138,1
DA:141,0
DA:145,1
DA:148,0
DA:152,1
DA:155,2
DA:156,1
DA:157,1
DA:160,1
DA:161,1
DA:162,2
DA:165,1
DA:166,1
DA:168,1
DA:169,1
DA:172,0
DA:173,0
DA:174,0
DA:177,0
DA:178,0
DA:187,1
DA:190,0
DA:191,1
DA:192,1
DA:195,0
DA:196,0
DA:197,0
DA:200,0
DA:201,0
DA:208,1
DA:211,0
DA:213,1
DA:216,0
DA:218,1
DA:221,0
DA:225,1
DA:228,0
DA:230,1
DA:233,0
DA:235,1
DA:238,0
DA:239,0
DA:240,0
DA:245,1
DA:248,0
DA:251,0
DA:255,2
DA:256,2
DA:257,2
DA:262,0
DA:263,0
DA:264,0
DA:265,0
DA:266,0
DA:267,0
DA:268,0
DA:269,0
DA:271,0
DA:272,0
DA:274,0
DA:276,0
DA:279,0
DA:280,0
DA:281,0
DA:282,0
LF:116
LH:48
end_of_record
SF:lib/core/constants/order_constants.dart
DA:2,0
DA:23,0
LF:2
LH:0
end_of_record
SF:lib/core/error/dio_exception_handler.dart
DA:6,1
DA:7,1
DA:8,1
DA:9,1
DA:10,1
DA:13,1
DA:14,0
DA:15,0
DA:17,0
DA:18,0
DA:19,0
DA:20,0
DA:25,0
DA:26,0
DA:27,0
DA:29,0
DA:31,0
DA:33,0
DA:36,0
DA:41,1
DA:44,1
DA:47,1
DA:50,1
DA:55,0
DA:56,0
DA:57,0
DA:58,0
DA:59,0
DA:60,0
DA:61,0
DA:62,0
DA:63,0
DA:64,0
DA:65,0
DA:66,0
LF:35
LH:10
end_of_record
SF:lib/core/error/error_mapper.dart
DA:7,2
DA:8,2
DA:9,2
DA:10,0
DA:12,1
DA:15,2
DA:16,0
DA:18,2
DA:19,0
DA:21,2
DA:22,2
DA:24,1
DA:25,0
DA:29,1
DA:33,1
DA:38,1
DA:48,0
DA:49,0
DA:50,0
DA:51,0
DA:52,0
DA:54,0
DA:60,0
DA:61,0
DA:62,0
DA:63,0
DA:64,0
LF:27
LH:12
end_of_record
SF:lib/core/network/_riverpod/network_providers.g.dart
DA:15,0
DA:24,0
DA:25,0
DA:35,0
DA:36,0
DA:38,0
DA:41,0
DA:43,0
DA:45,0
DA:49,0
DA:50,0
DA:52,0
DA:57,0
LF:13
LH:0
end_of_record
SF:lib/core/network/_riverpod/network_providers.dart
DA:10,0
DA:13,0
DA:14,0
LF:3
LH:0
end_of_record
SF:lib/features/home/presentation/pages/home_page.dart
DA:11,90
DA:13,0
DA:14,0
DA:18,0
DA:20,0
DA:22,0
DA:23,0
DA:27,0
DA:29,0
DA:31,0
DA:33,0
DA:34,0
DA:36,0
DA:39,0
DA:40,0
DA:41,0
DA:42,0
DA:45,0
DA:51,0
DA:52,0
DA:54,0
DA:59,0
DA:62,0
DA:68,0
DA:69,0
DA:70,0
DA:71,0
DA:72,0
DA:74,0
DA:75,0
DA:76,0
DA:77,0
DA:78,0
DA:80,0
DA:81,0
DA:82,0
DA:83,0
DA:85,0
DA:86,0
DA:88,0
DA:89,0
DA:91,0
DA:92,0
DA:93,0
DA:96,0
DA:98,0
DA:99,0
DA:103,0
DA:104,0
DA:106,0
DA:107,0
DA:109,0
DA:120,0
DA:122,0
DA:125,0
DA:128,0
DA:130,0
DA:137,0
DA:138,0
DA:139,0
DA:140,0
DA:142,0
DA:143,0
DA:145,0
DA:146,0
DA:148,0
DA:152,0
DA:154,0
DA:156,0
DA:157,0
DA:159,0
DA:168,0
DA:169,0
DA:170,0
DA:171,0
DA:172,0
DA:173,0
DA:174,0
DA:180,0
DA:181,0
DA:182,0
DA:183,0
DA:184,0
DA:185,0
DA:186,0
DA:187,0
DA:188,0
DA:189,0
DA:190,0
DA:191,0
DA:201,0
DA:202,0
DA:203,0
DA:204,0
DA:205,0
DA:206,0
DA:208,0
DA:209,0
DA:210,0
DA:218,0
DA:219,0
DA:220,0
DA:221,0
DA:222,0
DA:223,0
DA:224,0
DA:225,0
DA:226,0
DA:227,0
DA:228,0
DA:229,0
DA:231,0
DA:232,0
DA:233,0
DA:235,0
DA:236,0
DA:238,0
DA:240,0
DA:242,0
DA:243,0
DA:244,0
DA:247,0
DA:259,0
LF:123
LH:1
end_of_record
SF:lib/features/orders/presentation/screens/order_detail_screen.dart
DA:21,0
DA:23,0
DA:24,0
DA:28,0
DA:30,0
DA:33,0
DA:35,0
DA:36,0
DA:37,0
DA:39,0
DA:40,0
DA:41,0
DA:42,0
DA:46,0
DA:48,0
DA:49,0
DA:50,0
DA:51,0
DA:60,0
DA:66,0
DA:68,0
DA:69,0
DA:71,0
DA:72,0
DA:73,0
DA:75,0
DA:76,0
DA:77,0
DA:78,0
DA:80,0
DA:86,0
DA:93,0
DA:95,0
DA:97,0
DA:99,0
DA:100,0
DA:102,0
DA:103,0
DA:104,0
DA:106,0
DA:108,0
DA:109,0
DA:111,0
DA:113,0
DA:114,0
DA:117,0
DA:118,0
DA:121,0
DA:122,0
DA:123,0
DA:126,0
DA:129,0
DA:131,0
DA:134,0
DA:136,0
DA:139,0
DA:141,0
DA:144,0
DA:146,0
DA:147,0
DA:150,0
DA:155,0
DA:156,0
DA:158,0
DA:167,0
DA:169,0
DA:171,0
DA:173,0
DA:175,0
DA:177,0
DA:182,0
DA:184,0
DA:186,0
DA:188,0
DA:190,0
DA:195,0
DA:197,0
DA:199,0
DA:200,0
DA:201,0
DA:202,0
DA:203,0
DA:204,0
DA:205,0
DA:206,0
DA:212,0
DA:214,0
DA:216,0
DA:218,0
DA:219,0
DA:220,0
DA:222,0
DA:223,0
DA:224,0
DA:225,0
DA:226,0
DA:228,0
DA:233,0
DA:234,0
DA:235,0
DA:236,0
DA:237,0
DA:239,0
DA:240,0
DA:242,0
DA:243,0
DA:244,0
DA:245,0
DA:246,0
DA:248,0
DA:257,0
DA:258,0
DA:259,0
DA:260,0
DA:262,0
DA:263,0
DA:264,0
DA:266,0
DA:267,0
DA:268,0
DA:269,0
DA:271,0
DA:278,0
DA:281,0
DA:282,0
DA:292,0
DA:294,0
DA:296,0
DA:297,0
DA:299,0
DA:300,0
DA:301,0
DA:302,0
DA:303,0
DA:304,0
DA:305,0
DA:306,0
DA:312,0
DA:313,0
DA:315,0
DA:316,0
DA:325,0
DA:327,0
DA:329,0
DA:331,0
DA:332,0
DA:333,0
DA:334,0
DA:335,0
DA:336,0
DA:337,0
DA:342,0
DA:344,0
DA:345,0
DA:347,0
DA:348,0
DA:350,0
DA:351,0
DA:353,0
DA:356,0
DA:359,0
DA:361,0
DA:362,0
DA:363,0
DA:364,0
DA:366,0
DA:367,0
DA:368,0
DA:369,0
DA:370,0
DA:372,0
DA:375,0
DA:376,0
DA:377,0
DA:378,0
DA:380,0
DA:387,0
DA:388,0
DA:389,0
DA:392,0
DA:394,0
DA:395,0
DA:397,0
DA:398,0
DA:400,0
DA:403,0
DA:404,0
DA:405,0
DA:406,0
DA:408,0
LF:190
LH:0
end_of_record
SF:lib/features/auth/presentation/screens/login_screen.dart
DA:13,45
DA:15,0
DA:16,0
DA:20,0
DA:23,0
DA:24,0
DA:25,0
DA:26,0
DA:27,0
DA:29,0
DA:30,0
DA:31,0
DA:32,0
DA:36,0
DA:37,0
DA:38,0
DA:39,0
DA:41,0
DA:44,0
DA:47,0
DA:48,0
DA:53,0
DA:54,0
DA:56,0
DA:59,0
DA:60,0
DA:67,0
DA:68,0
DA:71,0
DA:72,0
DA:73,0
DA:74,0
DA:75,0
LF:33
LH:1
end_of_record
SF:lib/features/auth/presentation/screens/register_screen.dart
DA:12,45
DA:14,0
DA:17,0
DA:18,0
DA:19,0
DA:20,0
DA:21,0
DA:26,0
DA:27,0
DA:45,0
DA:46,0
DA:50,0
DA:51,0
DA:53,0
DA:54,0
DA:57,0
DA:61,0
DA:62,0
DA:63,0
DA:65,0
DA:68,0
DA:74,0
DA:75,0
DA:76,0
DA:77,0
LF:25
LH:1
end_of_record
SF:lib/features/notification/presentation/screens/notification_screen.dart
DA:14,46
DA:16,1
DA:17,1
DA:26,1
DA:28,1
DA:29,3
DA:30,2
DA:34,1
DA:35,2
DA:36,1
DA:37,1
DA:40,3
DA:42,3
DA:43,1
DA:44,5
DA:45,1
DA:46,3
DA:49,2
DA:51,0
DA:52,0
DA:53,0
DA:54,0
DA:60,1
DA:61,1
DA:62,1
DA:63,0
DA:64,4
DA:67,1
DA:68,1
DA:69,1
DA:70,1
DA:71,2
DA:72,2
DA:73,1
DA:76,1
DA:77,2
DA:78,1
DA:79,1
DA:85,1
DA:86,3
DA:87,1
DA:88,1
DA:89,1
DA:90,1
DA:91,1
DA:92,4
DA:94,1
DA:95,2
DA:96,5
DA:97,5
DA:103,1
DA:104,3
DA:105,1
DA:106,1
DA:107,0
DA:108,0
DA:109,0
DA:110,0
DA:112,1
DA:113,2
DA:114,2
DA:115,3
DA:116,1
DA:117,1
DA:123,1
DA:124,3
DA:125,1
DA:126,1
DA:127,1
DA:128,1
DA:129,1
DA:130,4
DA:133,1
DA:134,2
DA:135,3
DA:136,0
DA:138,2
DA:145,1
DA:146,1
DA:147,1
DA:149,1
DA:151,0
DA:152,0
DA:154,0
DA:156,0
DA:163,1
DA:165,4
DA:166,1
DA:167,2
DA:171,1
DA:172,2
DA:173,1
DA:175,1
DA:179,1
DA:182,1
DA:184,1
DA:185,1
DA:186,1
DA:187,1
DA:190,1
DA:196,3
DA:198,1
DA:200,1
DA:202,1
DA:204,1
DA:205,2
DA:216,1
DA:217,2
DA:218,1
DA:219,1
DA:220,1
DA:223,2
DA:225,1
DA:226,1
DA:227,1
DA:230,2
DA:236,1
DA:238,1
DA:239,1
DA:240,1
DA:242,1
DA:243,1
DA:246,1
DA:249,1
DA:250,1
DA:251,2
DA:255,1
DA:256,1
DA:258,2
DA:263,2
DA:265,1
DA:266,1
DA:267,1
DA:269,2
DA:270,1
DA:271,2
DA:272,2
DA:274,1
DA:278,1
DA:279,1
DA:280,2
DA:283,1
DA:284,2
LF:143
LH:129
end_of_record
SF:lib/features/search/presentation/screens/search_screen.dart
DA:8,45
DA:10,0
DA:12,0
DA:14,0
DA:15,0
DA:16,0
DA:18,0
DA:21,0
DA:23,0
DA:24,0
DA:27,0
DA:28,0
DA:30,0
DA:31,0
DA:35,0
DA:37,0
DA:39,0
DA:40,0
DA:41,0
DA:46,0
DA:53,0
DA:60,0
DA:61,0
DA:62,0
DA:63,0
DA:65,0
DA:66,0
DA:67,0
DA:69,0
DA:75,0
DA:77,0
DA:79,0
LF:32
LH:1
end_of_record
SF:lib/features/main/presentation/pages/main_screen.dart
DA:10,45
DA:12,0
DA:14,0
DA:19,0
DA:21,0
DA:23,0
DA:25,0
DA:33,0
DA:35,0
DA:37,0
DA:39,0
DA:46,0
DA:48,0
DA:49,0
DA:51,0
DA:53,0
DA:54,0
LF:17
LH:1
end_of_record
SF:lib/features/user_address/presentation/screens/address_list_screen.dart
DA:15,45
DA:17,0
DA:18,0
DA:23,0
DA:25,0
DA:26,0
DA:28,0
DA:29,0
DA:33,0
DA:35,0
DA:36,0
DA:39,0
DA:41,0
DA:42,0
DA:46,0
DA:47,0
DA:48,0
DA:49,0
DA:53,0
DA:55,0
DA:56,0
DA:59,0
DA:60,0
DA:61,0
DA:62,0
DA:66,0
DA:67,0
DA:68,0
DA:70,0
DA:71,0
DA:72,0
DA:73,0
DA:74,0
DA:76,0
DA:77,0
DA:78,0
DA:82,0
DA:83,0
DA:84,0
DA:86,0
DA:87,0
DA:93,0
DA:97,0
DA:98,0
DA:99,0
DA:100,0
DA:102,0
DA:103,0
DA:105,0
DA:106,0
DA:107,0
DA:108,0
DA:109,0
DA:111,0
DA:116,0
DA:117,0
DA:118,0
DA:121,0
DA:122,0
DA:123,0
DA:129,0
DA:130,0
DA:131,0
DA:133,0
DA:134,0
DA:135,0
DA:139,0
DA:141,0
DA:146,0
DA:147,0
DA:150,0
DA:151,0
DA:152,0
DA:155,0
DA:156,0
DA:157,0
DA:158,0
DA:159,0
DA:160,0
DA:161,0
DA:162,0
DA:163,0
DA:165,0
DA:166,0
DA:167,0
DA:168,0
DA:169,0
DA:173,0
DA:179,0
DA:180,0
DA:181,0
DA:183,0
DA:184,0
DA:191,0
DA:192,0
DA:193,0
DA:194,0
DA:195,0
DA:196,0
DA:198,0
DA:200,0
DA:201,0
DA:202,0
DA:203,0
DA:204,0
DA:207,0
DA:209,0
DA:210,0
DA:213,0
DA:214,0
DA:215,0
DA:216,0
DA:217,0
DA:219,0
DA:222,0
DA:223,0
DA:224,0
DA:225,0
DA:226,0
DA:227,0
DA:231,0
DA:232,0
DA:233,0
DA:234,0
DA:235,0
DA:237,0
DA:238,0
DA:239,0
DA:241,0
DA:242,0
DA:246,0
DA:247,0
DA:257,0
DA:258,0
DA:261,0
DA:262,0
DA:265,0
DA:267,0
DA:268,0
DA:271,0
DA:273,0
DA:276,0
DA:278,0
DA:279,0
DA:281,0
DA:282,0
DA:283,0
DA:285,0
DA:286,0
DA:287,0
DA:288,0
DA:289,0
DA:292,0
DA:293,0
DA:294,0
DA:295,0
DA:296,0
DA:298,0
DA:299,0
DA:300,0
DA:301,0
DA:302,0
DA:303,0
DA:305,0
DA:306,0
DA:309,0
LF:166
LH:1
end_of_record
SF:lib/features/user_address/presentation/screens/add_edit_address_screen.dart
DA:21,45
DA:23,0
DA:25,0
DA:44,0
DA:46,0
DA:47,0
DA:48,0
DA:49,0
DA:50,0
DA:52,0
DA:53,0
DA:54,0
DA:55,0
DA:56,0
DA:57,0
DA:58,0
DA:59,0
DA:60,0
DA:63,0
DA:65,0
DA:66,0
DA:67,0
DA:68,0
DA:69,0
DA:70,0
DA:71,0
DA:72,0
DA:73,0
DA:76,0
DA:78,0
DA:79,0
DA:81,0
DA:82,0
DA:83,0
DA:84,0
DA:85,0
DA:86,0
DA:87,0
DA:88,0
DA:89,0
DA:90,0
DA:91,0
DA:92,0
DA:95,0
DA:96,0
DA:97,0
DA:98,0
DA:100,0
DA:101,0
DA:102,0
DA:107,0
DA:108,0
DA:109,0
DA:110,0
DA:111,0
DA:112,0
DA:114,0
DA:115,0
DA:116,0
DA:119,0
DA:120,0
DA:121,0
DA:122,0
DA:123,0
DA:124,0
DA:125,0
DA:127,0
DA:128,0
DA:129,0
DA:137,0
DA:138,0
DA:140,0
DA:141,0
DA:142,0
DA:143,0
DA:144,0
DA:145,0
DA:146,0
DA:148,0
DA:150,0
DA:151,0
DA:155,0
DA:156,0
DA:157,0
DA:158,0
DA:161,0
DA:162,0
DA:163,0
DA:165,0
DA:166,0
DA:170,0
DA:174,0
DA:176,0
DA:177,0
DA:178,0
DA:180,0
DA:184,0
DA:185,0
DA:186,0
DA:187,0
DA:188,0
DA:190,0
DA:193,0
DA:195,0
DA:198,0
DA:199,0
DA:200,0
DA:201,0
DA:202,0
DA:204,0
DA:207,0
DA:208,0
DA:209,0
DA:210,0
DA:211,0
DA:213,0
DA:220,0
DA:221,0
DA:222,0
DA:223,0
DA:224,0
DA:231,0
DA:233,0
DA:234,0
DA:235,0
DA:238,0
DA:242,0
DA:243,0
DA:244,0
DA:245,0
DA:247,0
DA:248,0
DA:249,0
DA:250,0
DA:258,0
DA:260,0
DA:264,0
DA:265,0
DA:266,0
DA:267,0
DA:268,0
DA:269,0
DA:270,0
DA:271,0
DA:272,0
DA:274,0
DA:277,0
DA:278,0
DA:279,0
DA:281,0
DA:283,0
DA:284,0
DA:285,0
DA:286,0
DA:287,0
DA:288,0
DA:290,0
DA:291,0
DA:296,0
DA:297,0
DA:298,0
DA:299,0
DA:300,0
DA:301,0
DA:302,0
DA:303,0
DA:304,0
DA:305,0
DA:308,0
DA:312,0
DA:314,0
DA:315,0
DA:316,0
DA:317,0
DA:318,0
LF:175
LH:1
end_of_record
SF:lib/features/user_address/domain/entities/user_address_entity.dart
DA:19,2
DA:38,1
DA:55,1
DA:56,1
DA:57,1
DA:58,1
DA:59,1
DA:60,1
DA:61,1
DA:62,1
DA:63,1
DA:64,1
DA:65,1
DA:66,1
DA:67,1
DA:68,0
DA:69,1
DA:70,1
DA:75,1
DA:76,5
DA:77,3
DA:78,1
DA:79,1
DA:83,0
DA:85,0
DA:88,0
DA:89,0
DA:90,0
DA:91,0
DA:92,0
DA:93,0
DA:94,0
DA:95,0
DA:96,0
DA:97,0
DA:98,0
DA:99,0
DA:100,0
DA:101,0
DA:104,0
DA:106,0
DA:107,0
DA:108,0
DA:109,0
DA:110,0
DA:111,0
DA:112,0
DA:113,0
DA:114,0
DA:115,0
DA:116,0
DA:117,0
DA:118,0
DA:119,0
DA:123,0
DA:125,0
LF:56
LH:22
end_of_record
SF:lib/features/splash/presentation/screens/splash_screen.dart
DA:12,46
DA:14,1
DA:15,1
DA:25,1
DA:27,1
DA:30,2
DA:35,3
DA:36,1
DA:37,1
DA:42,3
DA:43,1
DA:44,1
DA:49,3
DA:50,1
DA:51,1
DA:57,2
DA:60,3
DA:61,2
DA:62,5
DA:66,1
DA:68,2
DA:69,1
DA:72,1
DA:74,3
DA:75,4
DA:76,2
DA:78,1
DA:79,1
DA:81,1
DA:82,1
DA:85,1
DA:86,1
DA:87,1
DA:92,1
DA:93,1
DA:94,1
DA:95,1
DA:96,1
DA:97,1
DA:99,1
DA:103,1
DA:104,1
DA:105,1
DA:106,1
DA:107,1
DA:108,1
DA:109,1
DA:110,1
DA:112,1
DA:115,1
DA:116,1
DA:117,4
DA:121,1
DA:122,1
DA:128,1
DA:129,1
DA:130,1
DA:131,1
DA:132,1
DA:134,1
DA:135,1
DA:139,1
DA:141,1
DA:151,2
DA:154,1
DA:155,1
DA:156,1
DA:157,3
DA:158,1
DA:159,1
DA:160,1
DA:162,1
DA:163,1
DA:166,1
DA:168,1
DA:169,1
DA:170,4
DA:177,2
DA:179,1
DA:181,1
DA:182,1
DA:184,1
DA:197,1
DA:198,1
DA:199,1
DA:200,1
DA:201,1
DA:202,1
DA:203,2
DA:204,1
DA:205,1
DA:206,1
DA:208,1
DA:211,1
DA:215,1
DA:216,1
DA:217,1
DA:218,1
DA:219,1
DA:220,1
DA:226,2
DA:229,1
DA:230,1
DA:231,1
DA:232,1
DA:234,1
DA:235,1
DA:236,1
DA:237,1
DA:238,1
DA:242,1
DA:243,1
DA:244,1
DA:245,1
DA:253,2
DA:254,2
DA:255,1
DA:256,0
DA:257,0
DA:258,0
DA:259,0
DA:260,0
DA:262,1
DA:264,1
DA:265,1
DA:266,1
DA:267,1
DA:269,1
DA:270,1
DA:273,4
DA:275,1
DA:277,1
DA:278,1
DA:288,2
DA:291,1
DA:292,1
DA:293,1
DA:295,1
DA:296,1
DA:298,1
DA:305,2
LF:141
LH:136
end_of_record
SF:lib/core/routing/constants/app_routes.dart
DA:44,0
DA:45,0
DA:46,0
DA:47,0
LF:4
LH:0
end_of_record
SF:lib/core/routing/models/app_router_config.dart
DA:13,46
DA:23,0
DA:32,0
DA:33,0
DA:34,0
DA:35,0
DA:36,0
DA:37,0
DA:38,0
DA:39,0
LF:10
LH:1
end_of_record
SF:lib/core/routing/models/i_auth_checker.dart
DA:20,0
DA:21,0
LF:2
LH:0
end_of_record
SF:lib/core/routing/guards/guard_manager.dart
DA:12,1
DA:15,1
DA:16,1
DA:23,2
DA:24,1
DA:26,2
DA:30,2
DA:31,2
DA:39,0
DA:40,0
DA:47,0
DA:48,0
DA:55,0
DA:59,0
DA:63,0
LF:15
LH:8
end_of_record
SF:lib/core/routing/helpers/navigation_helper.dart
DA:8,0
DA:9,0
DA:13,0
DA:14,0
DA:18,0
DA:19,0
DA:23,0
DA:24,0
DA:28,0
DA:29,0
DA:33,0
DA:34,0
DA:38,0
DA:39,0
DA:43,0
DA:44,0
DA:48,0
DA:49,0
DA:53,0
DA:54,0
DA:58,0
DA:59,0
DA:63,0
DA:64,0
DA:68,0
DA:69,0
DA:73,0
DA:74,0
DA:78,0
DA:79,0
DA:85,0
DA:86,0
DA:90,0
DA:91,0
DA:95,0
DA:96,0
DA:100,0
DA:101,0
DA:105,0
DA:106,0
DA:110,0
DA:111,0
DA:115,0
DA:116,0
DA:120,0
DA:121,0
DA:125,0
DA:126,0
DA:130,0
DA:131,0
DA:135,0
DA:136,0
DA:141,0
DA:142,0
DA:146,0
DA:147,0
DA:151,0
DA:152,0
DA:156,0
DA:157,0
DA:163,0
DA:164,0
DA:165,0
DA:170,0
DA:171,0
DA:175,0
DA:176,0
DA:180,0
DA:184,0
DA:188,0
DA:193,0
DA:199,0
DA:201,0
DA:202,0
DA:203,0
DA:204,0
DA:205,0
DA:206,0
DA:207,0
DA:208,0
DA:210,0
DA:212,0
DA:223,0
DA:229,0
DA:230,0
DA:231,0
DA:232,0
DA:233,0
DA:234,0
DA:235,0
DA:236,0
DA:237,0
DA:238,0
DA:240,0
DA:241,0
DA:242,0
DA:243,0
DA:244,0
DA:245,0
DA:246,0
DA:247,0
DA:248,0
DA:249,0
DA:250,0
DA:251,0
DA:252,0
DA:253,0
DA:254,0
DA:255,0
DA:256,0
DA:257,0
DA:260,0
DA:261,0
DA:262,0
DA:263,0
DA:264,0
LF:116
LH:0
end_of_record
SF:lib/core/routing/providers/riverpod_auth_notifier.dart
DA:21,0
DA:24,0
DA:25,0
DA:26,0
DA:27,0
DA:31,0
DA:32,0
DA:34,0
DA:36,0
LF:9
LH:0
end_of_record
SF:lib/core/routing/providers/router_config.g.dart
DA:15,0
DA:26,0
DA:27,0
DA:37,0
DA:38,0
DA:40,0
DA:43,0
DA:45,0
DA:47,0
DA:51,0
DA:52,0
DA:54,0
DA:59,0
DA:64,0
DA:73,0
DA:74,0
DA:84,0
DA:85,0
DA:87,0
DA:90,0
DA:92,0
DA:94,0
DA:98,0
DA:99,0
DA:101,0
DA:106,0
DA:111,0
DA:120,0
DA:121,0
DA:131,0
DA:132,0
DA:134,0
DA:137,0
DA:139,0
DA:141,0
DA:145,0
DA:146,0
DA:148,0
DA:153,0
DA:158,0
DA:167,0
DA:168,0
DA:178,0
DA:179,0
DA:181,0
DA:184,0
DA:186,0
DA:188,0
DA:192,0
DA:193,0
DA:195,0
DA:200,0
LF:52
LH:0
end_of_record
SF:lib/core/routing/providers/router_config.dart
DA:9,0
DA:12,0
DA:14,0
DA:19,0
DA:32,0
DA:45,0
LF:6
LH:0
end_of_record
SF:lib/core/routing/providers/router_provider.g.dart
DA:20,0
DA:40,0
DA:41,0
DA:51,0
DA:52,0
DA:54,0
DA:57,0
DA:59,0
DA:61,0
DA:65,0
DA:66,0
DA:68,0
DA:73,0
LF:13
LH:0
end_of_record
SF:lib/core/routing/providers/router_provider.dart
DA:18,0
DA:20,0
DA:21,0
DA:24,0
DA:27,0
DA:28,0
DA:32,0
DA:35,0
DA:41,0
LF:9
LH:0
end_of_record
SF:lib/core/services/deep_link/_riverpod/deep_link_provider.g.dart
DA:13,0
DA:23,0
DA:24,0
DA:34,0
DA:35,0
DA:37,0
DA:40,0
DA:42,0
DA:44,0
DA:48,0
DA:49,0
DA:51,0
DA:56,0
LF:13
LH:0
end_of_record
SF:lib/core/services/deep_link/_riverpod/deep_link_provider.dart
DA:7,0
DA:9,0
LF:2
LH:0
end_of_record
SF:lib/core/services/app_initializer/_riverpod/app_initializer_provider.g.dart
DA:15,6
DA:30,2
DA:31,2
DA:41,0
DA:42,0
DA:44,0
DA:48,0
DA:50,0
DA:52,0
DA:56,2
DA:57,2
DA:59,2
DA:64,0
LF:13
LH:6
end_of_record
SF:lib/core/services/app_initializer/_riverpod/app_initializer_provider.dart
DA:13,0
DA:15,0
DA:16,0
DA:17,0
DA:19,0
DA:20,0
DA:21,0
DA:22,0
DA:23,0
DA:25,0
DA:27,0
DA:32,0
DA:33,0
DA:34,0
DA:35,0
DA:37,0
DA:39,0
LF:17
LH:0
end_of_record
SF:lib/features/profile/presentation/providers/profile_notifier.g.dart
DA:13,6
DA:17,2
DA:18,2
DA:28,2
DA:29,2
DA:31,2
DA:33,2
DA:36,0
DA:37,0
DA:39,0
DA:44,2
DA:48,2
DA:51,2
DA:53,2
DA:60,4
LF:15
LH:12
end_of_record
SF:lib/features/profile/presentation/providers/profile_notifier.dart
DA:12,2
DA:17,2
DA:21,6
DA:22,2
DA:27,6
DA:28,2
DA:30,2
DA:31,1
DA:32,3
DA:34,2
DA:35,6
DA:40,1
DA:45,3
DA:46,1
DA:47,3
DA:49,0
DA:50,3
DA:54,3
DA:55,1
DA:57,1
DA:58,1
DA:59,3
DA:61,1
DA:62,3
DA:67,1
DA:68,3
DA:69,2
DA:71,1
DA:72,1
DA:75,1
DA:77,3
LF:31
LH:30
end_of_record
SF:lib/core/services/app_initializer/app_initializer_service.dart
DA:10,0
DA:16,0
DA:19,0
DA:21,0
DA:22,0
DA:25,0
DA:28,0
DA:33,0
DA:36,0
DA:38,0
DA:39,0
DA:42,0
DA:44,0
LF:13
LH:0
end_of_record
SF:lib/core/services/deep_link/deep_link_service.dart
DA:15,0
DA:20,0
DA:21,0
DA:29,0
DA:32,0
DA:33,0
DA:34,0
DA:35,0
DA:37,0
DA:38,0
DA:43,0
DA:45,0
DA:46,0
DA:49,0
DA:54,0
DA:55,0
DA:57,0
DA:60,0
DA:64,0
DA:65,0
DA:66,0
DA:68,0
DA:72,0
DA:74,0
DA:75,0
DA:79,0
DA:85,0
DA:87,0
DA:89,0
LF:29
LH:0
end_of_record
SF:lib/core/services/location/_riverpod/location_service_provider.g.dart
DA:13,0
DA:23,0
DA:24,0
DA:34,0
DA:35,0
DA:37,0
DA:40,0
DA:42,0
DA:44,0
DA:48,0
DA:49,0
DA:51,0
DA:56,0
LF:13
LH:0
end_of_record
SF:lib/core/services/location/_riverpod/location_service_provider.dart
DA:7,0
DA:9,0
LF:2
LH:0
end_of_record
SF:lib/core/services/location/geolocator_location_service.dart
DA:8,0
DA:10,0
DA:13,0
DA:15,0
DA:17,0
DA:21,0
DA:22,0
DA:23,0
DA:24,0
DA:25,0
DA:30,0
DA:31,0
DA:35,0
DA:38,0
DA:43,0
DA:46,0
DA:48,0
DA:50,0
DA:53,0
DA:60,0
DA:61,0
DA:65,0
DA:70,0
DA:76,0
DA:78,0
DA:83,0
DA:84,0
DA:87,0
DA:88,0
DA:90,0
DA:91,0
DA:92,0
DA:94,0
DA:95,0
DA:96,0
DA:98,0
DA:99,0
DA:100,0
DA:101,0
DA:103,0
DA:104,0
DA:105,0
DA:108,0
DA:109,0
DA:111,0
DA:115,0
DA:120,0
DA:123,0
DA:125,0
DA:127,0
DA:128,0
DA:129,0
DA:130,0
DA:131,0
DA:132,0
DA:142,0
DA:143,0
DA:147,0
DA:151,0
DA:156,0
DA:163,0
DA:171,0
DA:173,0
DA:176,0
DA:178,0
DA:181,0
DA:183,0
LF:67
LH:0
end_of_record
SF:lib/core/services/push/customer_push_wake_coordinator.dart
DA:7,8
DA:15,1
DA:19,1
DA:21,6
DA:24,3
DA:26,3
DA:27,5
DA:32,2
DA:33,1
DA:34,2
LF:10
LH:10
end_of_record
SF:lib/core/storage/adapter/hive_registry.dart
DA:16,0
DA:17,0
DA:18,0
DA:21,0
DA:22,0
DA:25,0
DA:26,0
DA:33,0
DA:34,0
DA:42,0
DA:43,0
DA:44,0
DA:45,0
LF:13
LH:0
end_of_record
SF:lib/features/profile/data/models/user_model.dart
DA:25,0
DA:26,0
DA:34,0
DA:36,0
DA:37,0
DA:38,0
DA:40,0
DA:41,0
DA:42,0
DA:43,0
DA:44,0
DA:45,0
DA:46,0
DA:47,0
DA:48,0
DA:49,0
DA:50,0
DA:51,0
DA:55,0
DA:58,0
DA:59,0
DA:60,0
DA:61,0
DA:62,0
DA:63,0
DA:64,0
DA:65,0
DA:66,0
DA:67,0
DA:68,0
DA:69,0
DA:70,0
DA:71,0
DA:72,0
DA:73,0
DA:74,0
DA:75,0
DA:76,0
DA:77,0
DA:78,0
DA:79,0
DA:80,0
DA:83,0
DA:84,0
DA:86,0
DA:89,0
DA:90,0
DA:91,0
DA:95,0
DA:96,0
DA:97,0
DA:98,0
DA:99,0
DA:100,0
DA:101,0
DA:102,0
DA:103,0
DA:104,0
DA:105,0
DA:106,0
DA:107,0
DA:111,0
DA:112,0
DA:113,0
DA:114,0
DA:115,0
DA:116,0
DA:117,0
DA:118,0
DA:119,0
DA:120,0
DA:121,0
DA:122,0
DA:123,0
LF:74
LH:0
end_of_record
SF:lib/features/profile/data/models/user_model.g.dart
DA:9,0
DA:10,0
DA:11,0
DA:12,0
DA:13,0
DA:14,0
DA:15,0
DA:16,0
DA:17,0
DA:18,0
DA:19,0
DA:20,0
DA:23,0
DA:24,0
DA:25,0
DA:26,0
DA:27,0
DA:28,0
DA:29,0
DA:30,0
DA:31,0
DA:32,0
DA:33,0
DA:34,0
DA:35,0
LF:25
LH:0
end_of_record
SF:lib/features/cart/data/adapters/cart_dto_adapter.dart
DA:11,0
DA:13,0
DA:14,0
DA:15,0
DA:17,0
DA:18,0
DA:19,0
DA:20,0
DA:24,0
DA:27,0
DA:28,0
DA:29,0
DA:30,0
DA:31,0
DA:32,0
DA:33,0
DA:36,0
DA:39,0
DA:40,0
DA:41,0
DA:43,0
DA:44,0
LF:22
LH:0
end_of_record
SF:lib/features/cart/data/adapters/cart_item_dto_adapter.dart
DA:10,0
DA:12,0
DA:13,0
DA:14,0
DA:16,0
DA:17,0
DA:18,0
DA:19,0
DA:20,0
DA:21,0
DA:22,0
DA:23,0
DA:24,0
DA:25,0
DA:29,0
DA:32,0
DA:33,0
DA:34,0
DA:35,0
DA:36,0
DA:37,0
DA:38,0
DA:39,0
DA:40,0
DA:41,0
DA:42,0
DA:43,0
DA:44,0
DA:45,0
DA:46,0
DA:47,0
DA:48,0
DA:49,0
DA:50,0
DA:53,0
DA:56,0
DA:57,0
DA:58,0
DA:60,0
DA:61,0
LF:40
LH:0
end_of_record
SF:lib/core/theme/theme_extensions.dart
DA:11,18
DA:14,0
DA:17,0
DA:23,0
DA:24,0
DA:26,0
DA:27,0
DA:29,0
DA:30,0
DA:32,0
DA:33,0
DA:35,0
DA:36,0
DA:38,0
DA:39,0
DA:41,0
DA:42,0
DA:44,0
DA:45,0
DA:47,0
DA:48,0
DA:50,0
DA:51,0
DA:53,0
DA:54,0
DA:56,0
DA:57,0
DA:59,0
DA:60,0
DA:63,0
DA:64,0
DA:66,0
DA:67,0
DA:68,0
DA:75,0
DA:76,0
DA:78,0
DA:81,0
DA:82,0
DA:87,0
DA:88,0
DA:92,0
DA:93,0
DA:94,0
DA:100,0
DA:101,0
DA:102,0
DA:108,0
DA:109,0
DA:110,0
LF:50
LH:1
end_of_record
SF:lib/core/utils/screen_util_extensions.dart
DA:7,0
DA:8,2
DA:9,4
DA:10,2
DA:11,0
DA:12,2
DA:15,0
DA:16,0
DA:17,0
DA:18,0
DA:19,0
DA:22,0
DA:23,0
DA:24,0
DA:27,0
DA:28,0
DA:29,2
DA:30,4
DA:31,0
DA:34,0
DA:35,2
DA:36,4
DA:37,4
DA:38,2
DA:39,0
DA:40,0
DA:41,0
DA:44,0
DA:45,0
DA:46,0
DA:47,0
DA:50,0
DA:51,0
DA:52,0
DA:55,0
DA:56,0
DA:62,0
DA:65,0
DA:68,0
DA:69,0
DA:72,0
DA:77,0
DA:78,0
DA:83,0
DA:88,0
DA:89,0
DA:90,0
LF:47
LH:10
end_of_record
SF:lib/core/widgets/layout/amber_bottom_nav_bar.dart
DA:17,0
DA:23,0
DA:25,0
DA:27,0
DA:29,0
DA:31,0
DA:32,0
DA:33,0
DA:34,0
DA:40,0
DA:42,0
DA:43,0
DA:46,0
DA:47,0
DA:49,0
DA:52,0
DA:53,0
DA:55,0
DA:58,0
DA:59,0
DA:75,0
DA:82,0
DA:84,0
DA:85,0
DA:87,0
DA:90,0
DA:91,0
DA:92,0
DA:93,0
DA:94,0
DA:95,0
DA:96,0
DA:100,0
DA:101,0
DA:102,0
DA:103,0
DA:110,0
DA:112,0
DA:113,0
DA:114,0
DA:116,0
DA:121,0
DA:122,0
DA:123,0
DA:128,0
LF:45
LH:0
end_of_record
SF:lib/core/widgets/layout/glass_app_bar.dart
DA:30,0
DA:40,0
DA:42,0
DA:43,0
DA:44,0
DA:45,0
DA:46,0
DA:47,0
DA:48,0
DA:49,0
DA:50,0
DA:56,0
DA:58,0
DA:63,0
DA:64,0
DA:66,0
DA:67,0
DA:72,0
DA:73,0
DA:74,0
DA:75,0
DA:76,0
DA:77,0
DA:78,0
DA:89,0
DA:92,0
DA:94,0
DA:105,0
DA:114,0
DA:119,0
DA:121,0
DA:122,0
DA:123,0
DA:126,0
DA:127,0
DA:129,0
DA:130,0
DA:131,0
DA:158,0
DA:165,0
DA:167,0
DA:168,0
DA:169,0
DA:172,0
DA:173,0
DA:175,0
DA:176,0
DA:177,0
DA:183,0
DA:184,0
DA:186,0
LF:51
LH:0
end_of_record
SF:lib/core/widgets/layout/editorial_header.dart
DA:16,0
DA:29,0
DA:31,0
DA:33,0
DA:35,0
DA:37,0
DA:38,0
DA:39,0
DA:42,0
DA:43,0
DA:44,0
DA:48,0
DA:49,0
DA:50,0
DA:54,0
DA:61,0
DA:62,0
DA:63,0
DA:64,0
DA:68,0
DA:69,0
DA:71,0
DA:72,0
DA:73,0
DA:74,0
DA:75,0
DA:76,0
DA:77,0
DA:84,0
DA:85,0
DA:86,0
DA:87,0
DA:91,0
DA:92,0
DA:97,0
DA:99,0
DA:100,0
DA:101,0
DA:102,0
DA:103,0
DA:106,0
DA:115,0
DA:116,0
DA:117,0
DA:118,0
DA:119,0
LF:46
LH:0
end_of_record
SF:lib/core/widgets/inputs/amber_search_bar.dart
DA:34,0
DA:45,0
DA:46,0
DA:54,0
DA:56,0
DA:57,0
DA:58,0
DA:59,0
DA:60,0
DA:65,0
DA:67,0
DA:68,0
DA:70,0
DA:71,0
DA:74,0
DA:75,0
DA:76,0
DA:79,0
DA:81,0
DA:83,0
DA:85,0
DA:86,0
DA:87,0
DA:88,0
DA:93,0
DA:94,0
DA:95,0
DA:100,0
DA:101,0
DA:109,0
DA:110,0
DA:111,0
DA:112,0
DA:113,0
DA:114,0
DA:115,0
DA:116,0
DA:123,0
DA:124,0
DA:125,0
DA:129,0
DA:141,0
DA:142,0
DA:144,0
DA:145,0
DA:146,0
DA:149,0
DA:151,0
DA:152,0
DA:153,0
DA:154,0
DA:160,0
DA:161,0
DA:162,0
LF:54
LH:0
end_of_record
SF:lib/core/widgets/cards/glassmorphic_card.dart
DA:19,0
DA:34,0
DA:36,0
DA:37,0
DA:38,0
DA:39,0
DA:40,0
DA:41,0
DA:42,0
DA:43,0
DA:44,0
DA:45,0
DA:51,0
DA:52,0
DA:53,0
DA:54,0
DA:55,0
DA:56,0
DA:57,0
DA:58,0
DA:59,0
DA:60,0
DA:61,0
DA:62,0
DA:65,0
DA:81,0
DA:90,0
DA:92,0
DA:94,0
DA:98,0
DA:101,0
DA:103,0
DA:104,0
DA:105,0
DA:106,0
DA:107,0
DA:109,0
DA:110,0
DA:112,0
DA:113,0
DA:119,0
DA:120,0
DA:123,0
DA:125,0
DA:126,0
DA:127,0
DA:129,0
DA:130,0
DA:144,0
DA:145,0
DA:156,0
DA:157,0
DA:158,0
DA:159,0
DA:166,0
DA:168,0
DA:169,0
DA:170,0
DA:172,0
DA:174,0
DA:175,0
LF:61
LH:0
end_of_record
SF:lib/core/widgets/chips/category_pill.dart
DA:24,0
DA:32,0
DA:33,0
DA:39,0
DA:41,0
DA:42,0
DA:43,0
DA:44,0
DA:45,0
DA:46,0
DA:48,0
DA:49,0
DA:51,0
DA:53,0
DA:55,0
DA:57,0
DA:60,0
DA:61,0
DA:64,0
DA:65,0
DA:67,0
DA:71,0
DA:72,0
DA:73,0
DA:74,0
DA:79,0
DA:80,0
DA:81,0
DA:87,0
DA:88,0
DA:90,0
DA:97,0
DA:98,0
DA:100,0
DA:105,0
LF:35
LH:0
end_of_record
SF:lib/core/widgets/media/app_image.dart
DA:15,0
DA:27,0
DA:28,0
DA:29,0
DA:31,0
DA:32,0
DA:34,0
DA:36,0
DA:38,0
DA:39,0
DA:44,0
DA:45,0
DA:46,0
DA:47,0
DA:48,0
DA:49,0
DA:50,0
DA:51,0
DA:52,0
DA:53,0
DA:54,0
DA:55,0
DA:59,0
DA:62,0
DA:63,0
DA:64,0
DA:65,0
DA:66,0
DA:67,0
DA:70,0
DA:71,0
DA:72,0
DA:73,0
DA:74,0
DA:75,0
DA:76,0
DA:78,0
DA:79,0
DA:80,0
DA:81,0
DA:82,0
DA:83,0
DA:84,0
DA:87,0
DA:90,0
DA:91,0
DA:96,0
DA:97,0
DA:98,0
DA:99,0
DA:100,0
LF:51
LH:0
end_of_record
SF:lib/core/widgets/errors/error_screens.dart
DA:7,45
DA:9,0
DA:11,0
DA:12,0
DA:15,0
DA:16,0
DA:18,0
DA:24,0
DA:25,0
DA:27,0
DA:32,0
DA:33,0
DA:35,0
DA:37,0
DA:42,0
DA:43,0
DA:44,0
DA:56,45
DA:58,0
DA:60,0
DA:61,0
DA:64,0
DA:65,0
DA:66,0
DA:67,0
DA:69,0
DA:75,0
DA:76,0
DA:78,0
DA:81,0
DA:86,0
DA:87,0
DA:89,0
DA:90,0
DA:91,0
DA:94,0
DA:95,0
DA:96,0
DA:98,0
LF:39
LH:2
end_of_record
SF:lib/core/widgets/feedback/toast/toast_extensions.dart
DA:7,0
DA:12,0
DA:21,0
DA:26,0
DA:35,0
DA:40,0
DA:49,0
DA:54,0
DA:66,0
DA:71,0
DA:80,0
DA:85,0
DA:94,0
DA:99,0
DA:108,0
DA:113,0
LF:16
LH:0
end_of_record
SF:lib/core/widgets/feedback/toast/toast_provider.g.dart
DA:14,0
DA:19,0
DA:20,0
DA:30,0
DA:31,0
DA:33,0
DA:35,0
DA:38,0
DA:39,0
DA:41,0
DA:46,0
DA:52,0
DA:55,0
DA:57,0
DA:64,0
LF:15
LH:0
end_of_record
SF:lib/core/widgets/feedback/toast/toast_provider.dart
DA:18,0
DA:28,0
DA:31,0
DA:32,0
DA:35,0
DA:39,0
DA:40,0
DA:43,0
DA:47,0
DA:48,0
DA:51,0
DA:55,0
DA:56,0
LF:13
LH:0
end_of_record
SF:lib/core/widgets/feedback/toast/toast_utils.dart
DA:7,0
DA:10,0
DA:11,0
DA:12,0
DA:13,0
DA:16,0
DA:19,0
DA:20,0
DA:23,0
DA:26,0
DA:27,0
DA:30,0
DA:34,0
DA:37,0
DA:43,1
DA:44,1
DA:48,1
DA:49,1
DA:53,0
DA:56,0
DA:58,0
DA:66,0
DA:67,0
DA:75,0
DA:76,0
DA:84,0
DA:87,0
DA:89,0
DA:93,0
DA:96,0
DA:98,0
DA:102,0
DA:105,0
DA:107,0
DA:111,0
DA:114,0
DA:116,0
DA:120,0
DA:121,0
DA:129,0
DA:130,0
DA:138,0
DA:139,0
DA:147,0
DA:148,0
DA:157,0
DA:158,0
DA:167,0
DA:168,0
DA:178,0
DA:181,0
DA:183,0
DA:192,0
DA:193,0
DA:202,0
DA:205,0
DA:206,0
DA:210,0
DA:219,0
DA:220,0
DA:225,0
DA:228,0
DA:230,0
DA:238,0
DA:241,0
DA:243,0
DA:251,0
DA:254,0
DA:256,0
DA:264,0
DA:267,0
DA:269,0
DA:277,0
DA:280,0
DA:288,0
DA:291,0
DA:299,0
DA:302,0
DA:310,0
DA:313,0
DA:321,0
DA:324,0
LF:82
LH:4
end_of_record
SF:lib/core/widgets/feedback/toast/app_toast.dart
DA:15,0
DA:18,1
DA:24,1
DA:34,1
DA:40,1
DA:50,0
DA:56,0
DA:66,0
DA:72,0
DA:82,1
DA:89,1
DA:90,1
DA:91,1
DA:92,1
DA:94,2
DA:98,1
DA:100,1
DA:102,1
DA:105,1
DA:107,1
DA:108,1
DA:111,1
DA:118,1
DA:119,1
DA:120,1
DA:122,1
DA:123,1
DA:124,1
DA:126,1
DA:141,1
DA:142,1
DA:144,1
DA:145,1
DA:146,1
DA:149,1
DA:150,1
DA:161,1
DA:163,1
DA:165,1
DA:167,0
DA:169,0
DA:175,1
DA:177,1
DA:179,1
DA:181,0
DA:183,0
DA:189,1
DA:191,1
DA:193,1
DA:195,0
DA:197,0
DA:203,1
DA:205,1
DA:207,1
DA:209,0
DA:211,0
DA:217,0
DA:218,0
DA:222,0
DA:223,0
LF:60
LH:43
end_of_record
SF:lib/features/auth/data/datasources/auth_remote_datasource_impl.dart
DA:43,0
DA:45,0
DA:48,0
DA:49,0
DA:50,0
DA:52,0
DA:53,0
DA:54,0
DA:56,0
DA:57,0
DA:61,0
DA:64,0
DA:65,0
DA:66,0
DA:67,0
DA:68,0
DA:71,0
DA:72,0
DA:73,0
DA:75,0
DA:76,0
DA:80,0
DA:83,0
DA:84,0
DA:85,0
DA:87,0
DA:88,0
DA:89,0
DA:91,0
DA:92,0
DA:96,0
DA:99,0
DA:100,0
DA:103,0
DA:105,0
DA:106,0
DA:107,0
DA:109,0
DA:110,0
DA:114,0
DA:117,0
DA:118,0
DA:119,0
DA:121,0
DA:122,0
DA:123,0
DA:125,0
DA:126,0
LF:48
LH:0
end_of_record
SF:lib/features/auth/data/datasources/auth_remote_datasource_impl.g.dart
DA:14,0
DA:22,0
DA:24,0
DA:25,0
DA:26,0
DA:28,0
DA:29,0
DA:30,0
DA:31,0
DA:36,0
DA:38,0
DA:41,0
DA:42,0
DA:43,0
DA:46,0
DA:52,0
DA:56,0
DA:57,0
DA:58,0
DA:60,0
DA:61,0
DA:62,0
DA:63,0
DA:68,0
DA:70,0
DA:73,0
DA:74,0
DA:75,0
DA:78,0
DA:84,0
DA:86,0
DA:87,0
DA:88,0
DA:90,0
DA:91,0
DA:92,0
DA:93,0
DA:98,0
DA:100,0
DA:103,0
DA:104,0
DA:105,0
DA:108,0
DA:114,0
DA:118,0
DA:119,0
DA:120,0
DA:121,0
DA:122,0
DA:123,0
DA:124,0
DA:125,0
DA:126,0
DA:131,0
DA:133,0
DA:136,0
DA:137,0
DA:138,0
DA:141,0
DA:147,0
DA:149,0
DA:150,0
DA:151,0
DA:152,0
DA:153,0
DA:154,0
DA:155,0
DA:156,0
DA:157,0
DA:162,0
DA:164,0
DA:167,0
DA:169,0
DA:175,0
DA:176,0
DA:177,0
DA:178,0
DA:179,0
DA:180,0
DA:182,0
DA:188,0
DA:189,0
DA:193,0
DA:195,0
DA:196,0
DA:199,0
LF:86
LH:0
end_of_record
SF:lib/features/auth/data/dtos/social_login_request_dto.dart
DA:18,0
DA:19,0
LF:2
LH:0
end_of_record
SF:lib/features/auth/data/dtos/social_login_request_dto.g.dart
DA:9,0
DA:11,0
DA:12,0
DA:13,0
DA:14,0
DA:15,0
DA:16,0
DA:17,0
DA:18,0
DA:21,0
DA:23,0
DA:24,0
DA:25,0
DA:26,0
DA:27,0
DA:28,0
DA:29,0
DA:30,0
LF:18
LH:0
end_of_record
SF:lib/features/auth/domain/entities/biometric_entity.dart
DA:6,0
DA:8,0
DA:11,0
DA:12,0
DA:13,0
DA:16,0
DA:17,0
DA:19,0
DA:21,0
DA:29,0
DA:31,0
DA:33,0
DA:35,0
LF:13
LH:0
end_of_record
SF:lib/features/auth/data/datasources/biometric_local_datasource_impl.dart
DA:17,0
DA:19,0
DA:22,0
DA:23,0
DA:24,0
DA:26,0
DA:29,0
DA:30,0
DA:31,0
DA:36,0
DA:39,0
DA:40,0
DA:42,0
DA:44,0
DA:46,0
DA:47,0
DA:48,0
DA:49,0
DA:50,0
DA:51,0
DA:55,0
DA:58,0
DA:59,0
DA:63,0
DA:66,0
DA:68,0
DA:77,0
DA:79,0
DA:84,0
DA:85,0
DA:89,0
DA:95,0
DA:97,0
DA:102,0
DA:103,0
DA:105,0
DA:107,0
DA:108,0
DA:112,0
DA:115,0
DA:117,0
DA:119,0
DA:123,0
DA:124,0
DA:127,0
DA:130,0
DA:131,0
DA:135,0
DA:138,0
DA:140,0
DA:141,0
DA:143,0
DA:145,0
DA:146,0
DA:150,0
DA:153,0
DA:154,0
DA:157,0
DA:162,0
DA:165,0
DA:166,0
DA:170,0
DA:173,0
DA:175,0
DA:176,0
LF:65
LH:0
end_of_record
SF:lib/features/auth/data/repositories_impl/auth_repository_impl.dart
DA:19,1
DA:21,1
DA:24,1
DA:25,1
DA:26,1
DA:27,1
DA:28,1
DA:29,1
DA:30,1
DA:32,2
DA:35,2
DA:36,3
DA:38,3
DA:40,1
DA:42,2
DA:45,0
DA:49,0
DA:54,0
DA:55,0
DA:56,0
DA:57,0
DA:58,0
DA:59,0
DA:60,0
DA:61,0
DA:63,0
DA:65,0
DA:66,0
DA:68,0
DA:70,0
DA:71,0
DA:73,0
DA:77,1
DA:80,1
DA:85,2
DA:87,3
DA:88,1
DA:90,3
DA:92,0
DA:93,0
DA:95,0
DA:99,1
DA:102,2
DA:104,2
DA:105,3
DA:107,3
DA:109,0
DA:111,0
DA:114,0
DA:118,1
DA:121,2
DA:122,1
DA:123,0
DA:124,0
DA:126,0
LF:55
LH:29
end_of_record
SF:lib/features/auth/domain/usecases/login_usecase.dart
DA:12,2
DA:14,2
DA:16,4
DA:17,0
DA:20,4
DA:21,0
DA:26,4
DA:38,3
DA:47,1
DA:50,0
DA:51,0
DA:52,0
DA:55,0
DA:56,0
DA:58,0
DA:59,0
LF:16
LH:7
end_of_record
SF:lib/features/auth/domain/usecases/social_login_usecase.dart
DA:10,1
DA:12,1
DA:14,2
DA:27,1
LF:4
LH:4
end_of_record
SF:lib/features/auth/data/repositories_impl/biometric_repository_impl.dart
DA:13,0
DA:15,0
DA:18,0
DA:19,0
DA:20,0
DA:21,0
DA:23,0
DA:27,0
DA:30,0
DA:31,0
DA:32,0
DA:33,0
DA:35,0
DA:39,0
DA:42,0
DA:43,0
DA:44,0
DA:45,0
DA:47,0
DA:51,0
DA:57,0
DA:61,0
DA:62,0
DA:63,0
DA:65,0
DA:69,0
DA:72,0
DA:73,0
DA:74,0
DA:75,0
DA:77,0
DA:81,0
DA:84,0
DA:85,0
DA:86,0
DA:87,0
DA:89,0
DA:93,0
DA:96,0
DA:97,0
DA:98,0
DA:99,0
DA:101,0
DA:105,0
DA:108,0
DA:109,0
DA:110,0
DA:111,0
DA:113,0
LF:49
LH:0
end_of_record
SF:lib/features/auth/domain/usecases/authenticate_with_biometric_usecase.dart
DA:11,1
DA:13,0
DA:17,0
DA:25,0
LF:4
LH:1
end_of_record
SF:lib/features/auth/domain/usecases/check_biometric_availability_usecase.dart
DA:10,1
DA:12,1
DA:14,2
LF:3
LH:3
end_of_record
SF:lib/features/auth/domain/usecases/disable_biometric_usecase.dart
DA:10,1
DA:12,0
DA:14,0
LF:3
LH:1
end_of_record
SF:lib/features/auth/domain/usecases/enable_biometric_usecase.dart
DA:10,1
DA:12,0
DA:15,0
DA:16,0
DA:19,0
DA:20,0
DA:21,0
DA:31,0
LF:8
LH:1
end_of_record
SF:lib/features/auth/domain/usecases/get_auth_session_usecase.dart
DA:11,1
DA:13,0
DA:15,0
LF:3
LH:1
end_of_record
SF:lib/features/auth/domain/usecases/get_available_biometrics_usecase.dart
DA:12,1
DA:14,0
DA:16,0
LF:3
LH:1
end_of_record
SF:lib/features/auth/domain/usecases/logout_usecase.dart
DA:10,1
DA:12,1
DA:14,2
DA:15,0
DA:16,0
DA:19,3
DA:26,1
DA:28,0
LF:8
LH:5
end_of_record
SF:lib/features/auth/domain/usecases/refresh_token_usecase.dart
DA:11,2
DA:13,2
DA:15,4
DA:16,1
DA:19,6
DA:26,2
DA:30,0
DA:33,0
DA:36,0
DA:37,0
DA:39,0
LF:11
LH:6
end_of_record
SF:lib/features/auth/domain/usecases/register_usecase.dart
DA:11,2
DA:13,2
DA:15,4
DA:16,1
DA:19,4
DA:20,1
DA:23,6
DA:24,1
DA:27,8
DA:37,2
DA:44,0
DA:47,0
DA:48,0
DA:49,0
DA:50,0
DA:51,0
DA:54,0
DA:56,0
DA:57,0
DA:58,0
DA:59,0
DA:62,0
DA:63,0
LF:23
LH:10
end_of_record
SF:lib/features/auth/presentation/providers/biometric/biometric_notifier.g.dart
DA:14,3
DA:20,1
DA:21,1
DA:31,1
DA:32,1
DA:34,1
DA:36,1
DA:39,0
DA:40,0
DA:42,0
DA:47,1
DA:53,1
DA:56,1
DA:58,1
DA:65,2
LF:15
LH:12
end_of_record
SF:lib/features/auth/presentation/providers/biometric/biometric_notifier.dart
DA:26,1
DA:28,4
DA:29,4
DA:30,4
DA:31,4
DA:32,4
DA:33,4
DA:38,1
DA:39,1
DA:40,3
DA:42,3
DA:43,2
DA:45,0
DA:46,0
DA:47,0
DA:48,0
DA:54,0
DA:57,0
DA:58,0
DA:60,0
DA:61,0
DA:62,0
DA:63,0
DA:66,0
DA:70,0
DA:71,0
DA:72,0
DA:74,0
DA:82,0
DA:83,0
DA:86,0
DA:94,0
DA:95,0
DA:96,0
DA:98,0
DA:99,0
DA:101,0
DA:103,0
DA:104,0
DA:105,0
DA:106,0
DA:109,0
DA:110,0
DA:111,0
DA:118,0
DA:122,0
DA:123,0
DA:125,0
DA:126,0
DA:131,0
DA:133,0
DA:134,0
DA:135,0
DA:136,0
DA:142,0
DA:143,0
DA:144,0
DA:150,0
DA:151,0
DA:152,0
DA:154,0
DA:155,0
DA:157,0
DA:158,0
DA:159,0
DA:160,0
DA:162,0
DA:163,0
DA:164,0
DA:170,0
DA:171,0
DA:173,0
DA:174,0
DA:176,0
DA:177,0
DA:178,0
DA:179,0
DA:181,0
DA:183,0
DA:184,0
LF:80
LH:12
end_of_record
SF:lib/features/auth/presentation/providers/biometric/biometric_state.dart
DA:12,46
DA:21,0
DA:22,0
DA:23,0
DA:26,0
DA:27,0
DA:28,0
DA:30,1
DA:38,1
DA:39,1
DA:40,1
DA:41,0
DA:42,1
DA:43,0
DA:47,1
DA:50,1
DA:51,3
DA:52,3
DA:53,3
DA:54,0
DA:55,0
DA:58,0
DA:60,0
DA:61,0
DA:62,0
DA:63,0
DA:64,0
DA:67,0
DA:69,0
LF:29
LH:11
end_of_record
SF:lib/features/auth/presentation/providers/di/biometric_di_providers.g.dart
DA:14,0
DA:27,0
DA:28,0
DA:38,0
DA:39,0
DA:41,0
DA:45,0
DA:47,0
DA:49,0
DA:53,0
DA:54,0
DA:56,0
DA:63,0
DA:68,0
DA:76,0
DA:77,0
DA:87,0
DA:88,0
DA:90,0
DA:93,0
DA:95,0
DA:97,0
DA:101,0
DA:102,0
DA:104,0
DA:109,0
DA:114,0
DA:127,0
DA:128,0
DA:138,0
DA:139,0
DA:141,0
DA:145,0
DA:147,0
DA:149,0
DA:153,0
DA:154,0
DA:156,0
DA:161,0
DA:167,3
DA:180,1
DA:181,1
DA:191,0
DA:192,0
DA:194,0
DA:198,0
DA:200,0
DA:202,0
DA:206,1
DA:207,1
DA:209,1
DA:214,0
DA:220,2
DA:221,1
DA:234,1
DA:235,1
DA:245,1
DA:247,1
DA:249,1
DA:253,1
DA:255,1
DA:257,1
DA:261,0
DA:262,0
DA:264,0
DA:271,1
DA:277,2
DA:278,1
DA:291,1
DA:292,1
DA:302,1
DA:303,1
DA:305,1
DA:309,1
DA:311,1
DA:313,1
DA:317,0
DA:318,0
DA:320,0
DA:327,1
DA:333,2
DA:334,1
DA:347,1
DA:348,1
DA:358,1
DA:359,1
DA:361,1
DA:365,1
DA:367,1
DA:369,1
DA:373,0
DA:374,0
DA:376,0
DA:383,1
DA:389,3
DA:402,1
DA:403,1
DA:413,1
DA:414,1
DA:416,1
DA:420,1
DA:422,1
DA:424,1
DA:428,0
DA:429,0
DA:431,0
DA:436,1
DA:442,3
DA:455,1
DA:456,1
DA:466,1
DA:467,1
DA:469,1
DA:473,1
DA:475,1
DA:477,1
DA:481,0
DA:482,0
DA:484,0
DA:489,1
DA:495,3
DA:508,1
DA:509,1
DA:519,1
DA:520,1
DA:522,1
DA:526,1
DA:528,1
DA:530,1
DA:534,0
DA:535,0
DA:537,0
DA:542,1
LF:133
LH:69
end_of_record
SF:lib/features/auth/presentation/providers/di/biometric_di_providers.dart
DA:22,0
DA:24,0
DA:28,0
DA:30,0
DA:38,0
DA:40,0
DA:41,0
DA:42,0
DA:50,0
DA:52,0
DA:53,0
DA:61,1
DA:63,2
DA:64,1
DA:68,1
DA:70,2
DA:71,1
DA:75,1
DA:77,2
DA:78,1
DA:82,1
DA:84,2
DA:85,1
DA:89,1
DA:91,2
DA:92,1
DA:96,1
DA:98,2
DA:99,1
LF:29
LH:18
end_of_record
SF:lib/features/auth/presentation/providers/di/auth_di_providers.g.dart
DA:13,0
DA:18,0
DA:19,0
DA:29,0
DA:30,0
DA:32,0
DA:35,0
DA:37,0
DA:39,0
DA:43,0
DA:44,0
DA:46,0
DA:51,0
DA:54,0
DA:64,0
DA:65,0
DA:75,0
DA:76,0
DA:78,0
DA:82,0
DA:84,0
DA:86,0
DA:90,0
DA:91,0
DA:93,0
DA:98,0
DA:102,3
DA:107,1
DA:108,1
DA:118,0
DA:119,0
DA:121,0
DA:124,0
DA:126,0
DA:128,0
DA:132,1
DA:133,1
DA:135,1
DA:140,0
DA:143,3
DA:148,1
DA:149,1
DA:159,1
DA:160,1
DA:162,1
DA:165,1
DA:167,1
DA:169,1
DA:173,0
DA:174,0
DA:176,0
DA:181,1
DA:184,3
DA:190,1
DA:191,1
DA:201,1
DA:202,1
DA:204,1
DA:207,1
DA:209,1
DA:211,1
DA:215,0
DA:216,0
DA:218,0
DA:223,1
DA:226,3
DA:236,1
DA:237,1
DA:247,1
DA:248,1
DA:250,1
DA:254,1
DA:256,1
DA:258,1
DA:262,0
DA:263,0
DA:265,0
DA:270,1
DA:274,3
DA:284,1
DA:285,1
DA:295,1
DA:296,1
DA:298,1
DA:302,1
DA:304,1
DA:306,1
DA:310,0
DA:311,0
DA:313,0
DA:318,1
DA:322,3
DA:327,1
DA:328,1
DA:338,1
DA:339,1
DA:341,1
DA:344,1
DA:346,1
DA:348,1
DA:352,0
DA:353,0
DA:355,0
DA:360,1
LF:104
LH:56
end_of_record
SF:lib/features/auth/presentation/providers/di/auth_di_providers.dart
DA:20,0
DA:22,0
DA:23,0
DA:27,0
DA:29,0
DA:30,0
DA:34,0
DA:36,0
DA:37,0
DA:41,1
DA:43,2
DA:44,1
DA:47,1
DA:49,2
DA:50,1
DA:53,1
DA:55,2
DA:56,1
DA:59,1
DA:61,2
DA:62,1
DA:65,1
DA:67,2
DA:68,1
LF:24
LH:15
end_of_record
SF:lib/features/auth/presentation/providers/di/auth_network_providers.g.dart
DA:15,0
DA:24,0
DA:25,0
DA:35,0
DA:36,0
DA:38,0
DA:41,0
DA:43,0
DA:45,0
DA:49,0
DA:50,0
DA:52,0
DA:57,0
LF:13
LH:0
end_of_record
SF:lib/features/auth/presentation/providers/di/auth_network_providers.dart
DA:13,0
DA:15,0
DA:17,0
DA:20,0
DA:22,0
DA:25,0
DA:30,0
DA:31,0
DA:32,0
DA:35,0
DA:39,0
DA:45,0
DA:47,0
DA:49,0
DA:50,0
DA:51,0
DA:53,0
LF:17
LH:0
end_of_record
SF:lib/features/auth/presentation/providers/session/auth_notifier.g.dart
DA:13,6
DA:17,2
DA:18,2
DA:28,1
DA:29,1
DA:31,1
DA:33,1
DA:36,1
DA:37,1
DA:39,1
DA:44,1
DA:48,1
DA:51,1
DA:53,1
DA:60,2
LF:15
LH:15
end_of_record
SF:lib/features/auth/presentation/providers/session/auth_notifier.dart
DA:35,1
DA:37,4
DA:38,4
DA:39,4
DA:40,4
DA:41,4
DA:42,4
DA:43,4
DA:44,4
DA:45,4
DA:46,4
DA:51,1
DA:59,2
DA:60,1
DA:62,2
DA:64,1
DA:68,2
DA:69,2
DA:72,2
DA:74,2
DA:76,1
DA:77,1
DA:78,2
DA:80,1
DA:82,2
DA:83,1
DA:85,1
DA:86,0
DA:87,0
DA:89,2
DA:92,2
DA:93,2
DA:94,1
DA:95,1
DA:102,1
DA:103,2
DA:104,1
DA:107,2
DA:111,2
DA:112,1
DA:117,1
DA:121,2
DA:122,2
DA:123,2
DA:126,2
DA:127,2
DA:129,1
DA:130,0
DA:131,0
DA:133,1
DA:134,2
DA:135,1
DA:137,1
DA:138,0
DA:139,0
DA:141,2
DA:144,2
DA:145,2
DA:146,1
DA:147,1
DA:152,0
DA:153,0
DA:154,0
DA:155,0
DA:162,0
DA:166,0
DA:167,0
DA:170,0
DA:171,0
DA:172,0
DA:179,0
DA:181,0
DA:182,0
DA:183,0
DA:184,0
DA:186,0
DA:188,0
DA:189,0
DA:190,0
DA:199,1
DA:209,2
DA:210,1
DA:212,1
DA:218,2
DA:220,2
DA:222,1
DA:223,1
DA:224,2
DA:226,1
DA:229,1
DA:231,0
DA:238,1
DA:239,2
DA:243,4
DA:245,0
DA:248,1
DA:249,2
DA:250,1
DA:252,1
DA:253,0
DA:254,2
DA:259,3
DA:260,1
DA:261,0
DA:262,0
DA:264,2
DA:267,2
DA:268,1
DA:275,0
DA:276,0
DA:277,0
DA:281,1
DA:282,3
DA:284,2
DA:286,1
DA:287,0
DA:288,0
DA:289,0
DA:291,1
DA:293,2
DA:294,1
DA:295,1
DA:298,0
DA:300,1
DA:306,1
DA:307,2
DA:308,2
DA:310,1
DA:311,0
DA:312,0
DA:316,2
DA:322,1
DA:324,1
DA:325,2
DA:327,2
DA:329,1
DA:330,0
DA:331,0
DA:332,0
DA:335,1
DA:336,1
DA:339,2
DA:340,1
DA:343,2
DA:345,1
DA:346,0
DA:347,0
DA:349,2
DA:352,2
DA:353,1
DA:354,1
DA:357,1
DA:363,0
DA:366,0
DA:369,0
LF:155
LH:108
end_of_record
SF:lib/features/auth/presentation/providers/session/auth_state.dart
DA:8,47
DA:25,4
DA:26,1
DA:27,2
DA:28,2
DA:29,1
DA:30,0
DA:31,0
DA:33,0
DA:34,0
DA:35,0
DA:38,0
DA:39,3
DA:41,0
DA:42,0
LF:15
LH:7
end_of_record
SF:lib/features/auth/services/auth_platform_ports.dart
DA:12,45
DA:14,0
DA:17,0
DA:20,0
DA:21,0
DA:30,0
DA:31,0
DA:35,0
DA:37,0
DA:40,0
DA:41,0
DA:42,0
DA:43,0
DA:49,3
DA:53,3
DA:54,0
LF:16
LH:3
end_of_record
SF:lib/generated/l10n.dart
DA:16,8
DA:20,0
DA:22,0
DA:30,8
DA:31,8
DA:32,0
DA:33,8
DA:34,8
DA:35,24
DA:36,8
DA:37,8
DA:44,5
DA:45,5
DA:47,5
DA:53,5
DA:54,5
DA:58,0
DA:59,0
DA:63,0
DA:64,0
DA:68,0
DA:69,0
DA:73,0
DA:74,0
DA:78,0
DA:79,0
DA:83,0
DA:84,0
DA:88,0
DA:89,0
DA:93,0
DA:94,0
DA:98,0
DA:99,0
DA:103,0
DA:108,0
DA:109,0
DA:113,0
DA:114,0
DA:115,0
DA:118,0
DA:123,0
DA:124,0
DA:128,0
DA:133,0
DA:134,0
DA:138,0
DA:143,0
DA:144,0
DA:148,0
DA:149,0
DA:153,0
DA:154,0
DA:158,0
DA:163,0
DA:164,0
DA:168,0
DA:173,0
DA:174,0
DA:178,0
DA:183,0
DA:184,0
DA:188,0
DA:193,0
DA:194,0
DA:198,0
DA:203,0
DA:204,0
DA:208,0
DA:213,0
DA:214,0
DA:218,0
DA:219,0
DA:223,0
DA:224,0
DA:228,0
DA:233,0
DA:234,0
DA:238,0
DA:239,0
DA:243,0
DA:244,0
DA:248,0
DA:249,0
DA:253,0
DA:258,0
DA:259,0
DA:263,0
DA:268,0
DA:269,0
DA:273,0
DA:278,0
DA:279,0
DA:283,0
DA:284,0
DA:288,0
DA:293,0
DA:294,0
DA:298,0
DA:299,0
DA:303,0
DA:304,0
DA:308,0
DA:309,0
DA:313,0
DA:314,0
DA:318,0
DA:319,0
DA:323,0
DA:324,0
DA:328,0
DA:329,0
DA:333,0
DA:334,0
DA:338,0
DA:339,0
DA:343,0
DA:344,0
DA:348,0
DA:349,0
DA:353,0
DA:354,0
DA:355,0
DA:357,0
DA:359,0
DA:363,0
DA:368,0
DA:369,0
DA:373,0
DA:378,0
DA:379,0
DA:383,0
DA:384,0
DA:388,0
DA:389,0
DA:393,0
DA:394,0
DA:398,0
DA:403,0
DA:404,0
DA:408,0
DA:409,0
DA:413,0
DA:414,0
DA:418,0
DA:419,0
DA:423,0
DA:424,0
DA:428,0
DA:429,0
DA:433,0
DA:434,0
DA:438,0
DA:439,0
DA:443,0
DA:448,0
DA:449,0
DA:453,0
DA:458,0
DA:459,0
DA:463,0
DA:464,0
DA:468,0
DA:469,0
DA:473,0
DA:474,0
DA:478,0
DA:483,0
DA:484,0
DA:488,0
DA:489,0
DA:493,0
DA:494,0
DA:498,0
DA:499,0
DA:503,0
DA:504,0
DA:508,0
DA:509,0
DA:513,0
DA:514,0
DA:518,0
DA:523,0
DA:524,0
DA:528,0
DA:533,0
DA:534,0
DA:538,0
DA:543,0
DA:544,0
DA:548,0
DA:549,0
DA:553,0
DA:554,0
DA:558,0
DA:559,0
DA:563,0
DA:564,0
DA:568,0
DA:569,0
DA:573,0
DA:574,0
DA:578,0
DA:579,0
DA:583,0
DA:584,0
DA:588,0
DA:589,0
DA:593,0
DA:594,0
DA:598,0
DA:599,0
DA:603,0
DA:608,0
DA:609,0
DA:613,0
DA:618,0
DA:619,0
DA:623,0
DA:628,0
DA:629,0
DA:633,0
DA:634,0
DA:638,0
DA:643,0
DA:644,0
DA:648,0
DA:653,0
DA:654,0
DA:658,0
DA:659,0
DA:663,0
DA:668,0
DA:669,0
DA:673,0
DA:678,0
DA:679,0
DA:683,0
DA:684,0
DA:688,0
DA:693,0
DA:694,0
DA:698,0
DA:703,0
DA:704,0
DA:705,0
DA:708,0
DA:713,0
DA:714,0
DA:718,0
DA:719,0
DA:723,0
DA:728,0
DA:729,0
DA:733,0
DA:738,0
DA:739,0
DA:743,0
DA:748,0
DA:749,0
DA:753,0
DA:758,0
DA:759,0
DA:763,0
DA:764,0
DA:768,0
DA:773,0
DA:774,0
DA:778,0
DA:779,0
DA:783,0
DA:788,0
DA:789,0
DA:793,0
DA:794,0
DA:798,0
DA:803,0
DA:804,0
DA:808,0
DA:813,0
DA:814,0
DA:818,0
DA:823,0
DA:824,0
DA:828,0
DA:833,0
DA:834,0
DA:838,0
DA:843,0
DA:844,0
DA:848,0
DA:853,0
DA:854,0
DA:858,0
DA:863,0
DA:864,0
DA:868,0
DA:869,0
DA:873,0
DA:878,0
DA:879,0
DA:883,0
DA:888,0
DA:889,0
DA:893,0
DA:898,0
DA:899,0
DA:903,0
DA:904,0
DA:908,0
DA:913,0
DA:914,0
DA:918,0
DA:923,0
DA:924,0
DA:928,0
DA:933,0
DA:934,0
DA:938,0
DA:943,0
DA:944,0
DA:948,0
DA:953,0
DA:954,0
DA:958,0
DA:959,0
DA:963,0
DA:968,0
DA:969,0
DA:973,0
DA:978,0
DA:979,0
DA:983,0
DA:988,0
DA:989,0
DA:993,0
DA:998,0
DA:999,0
DA:1003,0
DA:1008,0
DA:1009,0
DA:1013,0
DA:1014,0
DA:1018,0
DA:1023,0
DA:1024,0
DA:1028,0
DA:1033,0
DA:1034,0
DA:1038,0
DA:1043,0
DA:1044,0
DA:1048,0
DA:1053,0
DA:1054,0
DA:1058,0
DA:1059,0
DA:1060,0
DA:1063,0
DA:1068,0
DA:1069,0
DA:1073,0
DA:1078,0
DA:1079,0
DA:1083,0
DA:1088,1
DA:1089,1
DA:1093,1
DA:1098,1
DA:1099,2
DA:1103,1
DA:1104,1
DA:1108,1
DA:1113,0
DA:1114,0
DA:1118,0
DA:1123,0
DA:1124,0
DA:1128,0
DA:1133,0
DA:1134,0
DA:1138,0
DA:1143,1
DA:1144,1
DA:1148,1
DA:1153,1
DA:1154,1
DA:1158,1
DA:1163,1
DA:1164,1
DA:1168,1
DA:1173,1
DA:1174,1
DA:1178,1
DA:1183,0
DA:1184,0
DA:1188,0
DA:1193,0
DA:1194,0
DA:1198,0
DA:1203,0
DA:1204,0
DA:1208,0
DA:1213,0
DA:1214,0
DA:1218,0
DA:1219,0
DA:1223,0
DA:1224,0
DA:1228,0
DA:1233,1
DA:1234,1
DA:1238,1
DA:1243,1
DA:1244,1
DA:1248,1
DA:1253,1
DA:1254,1
DA:1258,1
DA:1263,1
DA:1264,1
DA:1268,1
DA:1273,1
DA:1274,1
DA:1278,1
DA:1283,0
DA:1284,0
DA:1288,0
DA:1293,1
DA:1294,2
DA:1298,1
DA:1299,2
DA:1303,1
DA:1304,1
DA:1308,1
DA:1313,0
DA:1314,0
DA:1318,0
DA:1323,0
DA:1324,0
DA:1328,0
DA:1333,1
DA:1334,2
DA:1338,1
DA:1339,1
DA:1343,1
DA:1348,1
DA:1349,1
DA:1353,1
DA:1358,1
DA:1359,2
DA:1363,0
DA:1364,0
DA:1368,0
DA:1373,0
DA:1374,0
DA:1378,0
DA:1383,1
DA:1384,1
DA:1388,1
DA:1393,1
DA:1394,2
DA:1398,1
DA:1399,1
DA:1403,1
DA:1408,1
DA:1409,1
DA:1413,1
DA:1418,1
DA:1419,1
DA:1423,1
DA:1428,1
DA:1429,1
DA:1433,1
DA:1438,0
DA:1439,0
DA:1443,0
DA:1448,1
DA:1449,1
DA:1453,1
DA:1458,1
DA:1459,1
DA:1463,1
DA:1468,1
DA:1469,1
DA:1473,1
DA:1478,0
DA:1479,0
DA:1483,0
DA:1488,0
DA:1489,0
DA:1493,0
DA:1498,0
DA:1499,0
DA:1503,0
DA:1504,0
DA:1508,0
DA:1513,0
DA:1514,0
DA:1518,0
DA:1519,0
DA:1523,0
DA:1528,0
DA:1529,0
DA:1533,0
DA:1538,0
DA:1539,0
DA:1543,0
DA:1548,0
DA:1549,0
DA:1553,0
DA:1554,0
DA:1558,0
DA:1563,0
DA:1564,0
DA:1568,0
DA:1573,0
DA:1574,0
DA:1578,0
DA:1583,0
DA:1584,0
DA:1588,0
DA:1593,0
DA:1594,0
DA:1598,0
DA:1603,0
DA:1604,0
DA:1608,0
DA:1613,0
DA:1614,0
DA:1618,0
DA:1623,0
DA:1624,0
DA:1628,0
DA:1633,0
DA:1634,0
DA:1638,0
DA:1643,0
DA:1644,0
DA:1648,0
DA:1649,0
DA:1653,0
DA:1658,0
DA:1659,0
DA:1663,0
DA:1668,0
DA:1669,0
DA:1673,0
DA:1678,0
DA:1679,0
DA:1683,0
DA:1688,0
DA:1689,0
DA:1693,0
DA:1698,0
DA:1699,0
DA:1703,0
DA:1708,0
DA:1709,0
DA:1713,1
DA:1714,2
DA:1718,0
DA:1719,0
DA:1723,0
DA:1728,0
DA:1729,0
DA:1733,0
DA:1738,0
DA:1739,0
DA:1743,0
DA:1748,0
DA:1749,0
DA:1753,0
DA:1758,0
DA:1759,0
DA:1763,0
DA:1768,0
DA:1769,0
DA:1773,0
DA:1778,0
DA:1779,0
DA:1783,0
DA:1788,1
DA:1789,1
DA:1793,1
DA:1798,1
DA:1799,1
DA:1803,1
DA:1808,1
DA:1809,1
DA:1813,1
DA:1818,0
DA:1819,0
DA:1823,0
DA:1828,0
DA:1829,0
DA:1833,0
DA:1834,0
DA:1838,0
DA:1843,0
DA:1844,0
DA:1848,0
DA:1853,0
DA:1854,0
DA:1858,0
DA:1863,0
DA:1864,0
DA:1868,0
DA:1873,0
DA:1874,0
DA:1878,0
DA:1883,0
DA:1884,0
DA:1888,0
DA:1893,1
DA:1894,2
DA:1898,1
DA:1899,1
DA:1903,1
DA:1908,1
DA:1909,1
DA:1913,1
DA:1918,0
DA:1919,0
DA:1923,0
DA:1928,0
DA:1929,0
DA:1933,0
DA:1938,0
DA:1939,0
DA:1943,0
DA:1948,0
DA:1949,0
DA:1953,0
DA:1958,0
DA:1959,0
DA:1963,0
DA:1968,0
DA:1969,0
DA:1973,0
DA:1978,0
DA:1979,0
DA:1983,0
DA:1988,0
DA:1989,0
DA:1993,0
DA:1998,0
DA:1999,0
DA:2003,0
DA:2008,0
DA:2009,0
DA:2013,0
DA:2018,0
DA:2019,0
DA:2023,0
DA:2028,0
DA:2029,0
DA:2033,0
DA:2038,0
DA:2039,0
DA:2043,0
DA:2048,0
DA:2049,0
DA:2053,0
DA:2054,0
DA:2058,0
DA:2059,0
DA:2063,0
DA:2064,0
DA:2068,0
DA:2069,0
DA:2073,0
DA:2078,0
DA:2079,0
DA:2083,0
DA:2088,0
DA:2089,0
DA:2093,0
DA:2098,0
DA:2099,0
DA:2103,0
DA:2108,0
DA:2109,0
DA:2113,0
DA:2118,0
DA:2119,0
DA:2123,0
DA:2128,0
DA:2129,0
DA:2133,0
DA:2138,0
DA:2139,0
DA:2143,0
DA:2148,0
DA:2149,0
DA:2153,0
DA:2158,0
DA:2159,0
DA:2163,0
DA:2168,0
DA:2169,0
DA:2173,0
DA:2178,0
DA:2179,0
DA:2183,0
DA:2188,0
DA:2189,0
DA:2193,0
DA:2198,0
DA:2199,0
DA:2203,0
DA:2208,0
DA:2209,0
DA:2213,0
DA:2218,0
DA:2219,0
DA:2223,0
DA:2228,0
DA:2229,0
DA:2233,0
DA:2238,0
DA:2239,0
DA:2243,0
DA:2248,0
DA:2249,0
DA:2253,0
DA:2258,0
DA:2259,0
DA:2263,0
DA:2268,0
DA:2269,0
DA:2273,0
DA:2278,0
DA:2279,0
DA:2283,0
DA:2288,0
DA:2289,0
DA:2293,0
DA:2298,0
DA:2299,0
DA:2303,0
DA:2308,1
DA:2309,1
DA:2313,1
DA:2318,0
DA:2319,0
DA:2323,0
DA:2324,0
DA:2328,0
DA:2329,0
DA:2333,0
DA:2338,0
DA:2339,0
DA:2343,0
DA:2348,0
DA:2349,0
DA:2353,0
DA:2358,0
DA:2359,0
DA:2363,0
DA:2368,0
DA:2369,0
DA:2373,0
DA:2378,0
DA:2379,0
DA:2383,0
DA:2388,0
DA:2389,0
DA:2393,0
DA:2398,0
DA:2399,0
DA:2403,0
DA:2408,0
DA:2409,0
DA:2413,0
DA:2414,0
DA:2418,0
DA:2419,0
DA:2423,0
DA:2428,0
DA:2429,0
DA:2433,0
DA:2438,0
DA:2439,0
DA:2443,0
DA:2448,0
DA:2449,0
DA:2453,0
DA:2458,0
DA:2459,0
DA:2463,0
DA:2468,0
DA:2469,0
DA:2473,0
DA:2478,1
DA:2479,2
DA:2483,0
DA:2484,0
DA:2488,0
DA:2489,0
DA:2493,0
DA:2498,0
DA:2499,0
DA:2503,0
DA:2508,0
DA:2509,0
DA:2513,0
DA:2518,0
DA:2519,0
DA:2523,0
DA:2528,1
DA:2529,1
DA:2533,1
DA:2538,1
DA:2539,1
DA:2543,1
DA:2548,0
DA:2549,0
DA:2553,0
DA:2558,0
DA:2559,0
DA:2563,0
DA:2568,0
DA:2569,0
DA:2573,0
DA:2578,0
DA:2579,0
DA:2580,0
DA:2583,0
DA:2588,0
DA:2589,0
DA:2590,0
DA:2593,0
DA:2598,1
DA:2599,1
DA:2600,1
DA:2603,1
DA:2608,0
DA:2609,0
DA:2613,0
DA:2614,0
DA:2618,0
DA:2623,0
DA:2624,0
DA:2628,0
DA:2633,0
DA:2634,0
DA:2638,0
DA:2643,0
DA:2644,0
DA:2648,0
DA:2653,0
DA:2654,0
DA:2658,0
DA:2663,0
DA:2664,0
DA:2668,0
DA:2673,0
DA:2674,0
DA:2678,0
DA:2683,0
DA:2684,0
DA:2688,0
DA:2693,0
DA:2694,0
DA:2695,0
DA:2698,0
DA:2703,0
DA:2704,0
DA:2708,0
DA:2713,0
DA:2714,0
DA:2718,0
DA:2723,0
DA:2724,0
DA:2725,0
DA:2728,0
DA:2733,0
DA:2734,0
DA:2738,0
DA:2743,0
DA:2744,0
DA:2748,1
DA:2749,1
DA:2753,1
DA:2758,0
DA:2759,0
DA:2763,0
DA:2768,0
DA:2769,0
DA:2773,0
DA:2778,0
DA:2779,0
DA:2783,0
DA:2788,0
DA:2789,0
DA:2793,0
DA:2794,0
DA:2798,0
DA:2803,0
DA:2804,0
DA:2808,0
DA:2809,0
DA:2813,0
DA:2818,1
DA:2819,1
DA:2823,1
DA:2828,1
DA:2829,1
DA:2833,1
DA:2838,1
DA:2839,1
DA:2843,1
DA:2848,1
DA:2849,2
DA:2853,0
DA:2854,0
DA:2858,0
DA:2863,0
DA:2864,0
DA:2868,0
DA:2873,0
DA:2874,0
DA:2878,0
DA:2883,0
DA:2884,0
DA:2888,0
DA:2893,0
DA:2894,0
DA:2898,0
DA:2899,0
DA:2903,0
DA:2908,0
DA:2909,0
DA:2913,0
DA:2918,0
DA:2919,0
DA:2923,0
DA:2928,0
DA:2929,0
DA:2933,0
DA:2938,0
DA:2939,0
DA:2943,0
DA:2948,0
DA:2949,0
DA:2953,0
DA:2958,0
DA:2959,0
DA:2963,0
DA:2968,0
DA:2969,0
DA:2973,0
DA:2978,0
DA:2979,0
DA:2983,0
DA:2988,0
DA:2989,0
DA:2993,0
DA:2998,0
DA:2999,0
DA:3003,0
DA:3008,0
DA:3009,0
DA:3013,0
DA:3018,0
DA:3019,0
DA:3023,0
DA:3028,0
DA:3029,0
DA:3033,0
DA:3038,0
DA:3039,0
DA:3043,0
DA:3048,0
DA:3049,0
DA:3053,0
DA:3058,0
DA:3059,0
DA:3063,0
DA:3068,0
DA:3069,0
DA:3073,0
DA:3078,0
DA:3079,0
DA:3083,0
DA:3088,0
DA:3089,0
DA:3093,0
DA:3098,0
DA:3099,0
DA:3103,0
DA:3108,0
DA:3109,0
DA:3113,0
DA:3118,0
DA:3119,0
DA:3123,0
DA:3128,0
DA:3129,0
DA:3133,0
DA:3138,0
DA:3139,0
DA:3143,0
DA:3148,0
DA:3149,0
DA:3153,0
DA:3158,0
DA:3159,0
DA:3163,0
DA:3168,0
DA:3169,0
DA:3173,0
DA:3178,0
DA:3179,0
DA:3183,0
DA:3188,0
DA:3189,0
DA:3193,0
DA:3198,0
DA:3199,0
DA:3203,0
DA:3208,0
DA:3209,0
DA:3213,0
DA:3214,0
DA:3218,0
DA:3223,0
DA:3224,0
DA:3228,0
DA:3229,0
DA:3233,0
DA:3234,0
DA:3238,0
DA:3243,0
DA:3244,0
DA:3248,0
DA:3253,0
DA:3254,0
DA:3258,0
DA:3259,0
DA:3263,0
DA:3264,0
DA:3268,0
DA:3269,0
DA:3270,0
DA:3273,0
DA:3278,0
DA:3279,0
DA:3283,0
DA:3284,0
DA:3288,0
DA:3293,0
DA:3294,0
DA:3298,0
DA:3303,0
DA:3304,0
DA:3308,0
DA:3313,0
DA:3314,0
DA:3318,0
DA:3323,0
DA:3324,0
DA:3328,0
DA:3333,0
DA:3334,0
DA:3338,0
DA:3343,0
DA:3344,0
DA:3345,0
DA:3348,0
DA:3353,0
DA:3354,0
DA:3358,0
DA:3359,0
DA:3360,0
DA:3363,0
DA:3368,0
DA:3369,0
DA:3373,0
DA:3374,0
DA:3378,0
DA:3383,0
DA:3384,0
DA:3388,0
DA:3393,0
DA:3394,0
DA:3398,0
DA:3403,0
DA:3404,0
DA:3408,0
DA:3409,0
DA:3413,0
DA:3418,0
DA:3419,0
DA:3423,0
DA:3428,0
DA:3429,0
DA:3433,0
DA:3438,0
DA:3439,0
DA:3443,0
DA:3448,0
DA:3449,0
DA:3453,0
DA:3458,0
DA:3459,0
DA:3463,0
DA:3468,0
DA:3469,0
DA:3473,0
DA:3478,0
DA:3479,0
DA:3480,0
DA:3483,0
DA:3489,45
DA:3491,8
DA:3498,8
DA:3499,8
DA:3500,8
DA:3501,8
DA:3502,0
DA:3505,8
DA:3506,16
DA:3507,24
LF:1125
LH:148
end_of_record
SF:lib/features/auth/presentation/widgets/login_header.dart
DA:7,45
DA:9,0
DA:11,0
DA:12,0
DA:13,0
DA:16,0
DA:17,0
DA:20,0
DA:21,0
DA:22,0
DA:26,0
DA:27,0
DA:28,0
DA:34,0
DA:35,0
DA:37,0
DA:38,0
DA:39,0
DA:40,0
DA:43,0
DA:44,0
DA:53,0
DA:54,0
DA:56,0
DA:75,0
DA:77,0
DA:78,0
LF:27
LH:1
end_of_record
SF:lib/features/auth/presentation/widgets/login_form.dart
DA:12,46
DA:14,1
DA:15,1
DA:24,1
DA:26,2
DA:27,2
DA:28,1
DA:31,1
DA:32,3
DA:36,4
DA:38,1
DA:40,1
DA:41,3
DA:42,2
DA:46,1
DA:48,3
DA:49,1
DA:51,1
DA:53,1
DA:54,1
DA:55,1
DA:57,1
DA:59,1
DA:60,1
DA:70,1
DA:71,1
DA:72,1
DA:75,3
DA:81,1
DA:83,1
DA:84,1
DA:85,1
DA:88,1
DA:89,1
DA:90,1
DA:91,1
DA:93,1
DA:94,0
DA:102,1
DA:104,1
DA:105,1
DA:106,1
DA:108,1
DA:109,1
DA:110,1
DA:111,1
DA:112,1
DA:115,3
DA:117,0
DA:118,0
DA:119,0
DA:123,1
DA:124,1
DA:125,1
DA:127,2
DA:128,0
DA:136,1
DA:138,1
DA:140,2
DA:141,1
DA:142,3
DA:145,4
DA:146,1
DA:147,1
DA:155,1
DA:164,2
DA:170,1
DA:173,1
DA:174,1
DA:176,1
DA:177,5
DA:179,1
DA:180,3
DA:181,1
DA:182,4
DA:184,1
DA:185,1
DA:194,1
DA:195,1
DA:206,1
DA:207,1
DA:210,1
DA:211,1
DA:212,1
DA:213,1
DA:216,3
DA:219,1
DA:220,1
DA:222,0
DA:223,0
DA:225,1
DA:230,1
DA:231,1
DA:232,1
DA:235,3
LF:95
LH:88
end_of_record
SF:lib/features/auth/presentation/widgets/register_header.dart
DA:8,45
DA:10,0
DA:12,0
DA:13,0
DA:15,0
DA:16,0
DA:18,0
DA:19,0
DA:20,0
DA:21,0
DA:24,0
DA:25,0
DA:26,0
DA:34,0
DA:35,0
DA:36,0
DA:37,0
DA:40,0
DA:42,0
DA:50,0
DA:51,0
DA:53,0
DA:54,0
DA:55,0
DA:57,0
DA:58,0
DA:59,0
DA:64,0
DA:66,0
DA:72,0
DA:76,0
DA:78,0
DA:79,0
DA:84,0
DA:85,0
DA:86,0
DA:88,0
DA:89,0
DA:99,0
DA:100,0
LF:40
LH:1
end_of_record
SF:lib/features/auth/presentation/widgets/register_form.dart
DA:12,46
DA:14,1
DA:15,1
DA:27,1
DA:29,2
DA:30,2
DA:31,2
DA:32,2
DA:33,1
DA:36,1
DA:37,3
DA:41,4
DA:43,1
DA:45,1
DA:46,3
DA:47,3
DA:48,2
DA:49,2
DA:53,1
DA:55,3
DA:56,1
DA:58,1
DA:60,1
DA:62,1
DA:64,1
DA:65,1
DA:66,1
DA:67,1
DA:70,3
DA:76,1
DA:77,1
DA:78,1
DA:80,1
DA:82,1
DA:83,1
DA:84,1
DA:85,1
DA:87,1
DA:92,1
DA:93,1
DA:94,1
DA:95,1
DA:98,1
DA:99,1
DA:100,1
DA:101,1
DA:103,1
DA:104,0
DA:112,1
DA:113,1
DA:114,1
DA:115,1
DA:117,1
DA:118,1
DA:119,1
DA:120,1
DA:121,1
DA:122,1
DA:125,3
DA:127,0
DA:128,0
DA:129,0
DA:133,1
DA:134,1
DA:135,1
DA:137,2
DA:138,0
DA:146,1
DA:147,1
DA:148,1
DA:149,1
DA:151,1
DA:152,1
DA:153,1
DA:154,1
DA:155,1
DA:158,3
DA:160,0
DA:161,0
DA:162,0
DA:166,1
DA:167,1
DA:168,1
DA:170,3
DA:171,0
DA:179,1
DA:181,1
DA:182,1
DA:184,1
DA:185,1
DA:186,3
DA:189,4
DA:190,1
DA:191,1
DA:194,1
DA:203,1
DA:205,1
DA:206,1
DA:207,1
DA:223,1
DA:224,1
DA:227,1
DA:228,1
DA:229,1
DA:230,1
DA:233,3
DA:236,1
DA:237,1
DA:239,0
DA:240,0
DA:242,1
DA:247,1
DA:248,1
DA:249,1
DA:252,3
LF:115
LH:104
end_of_record
SF:lib/features/auth/presentation/widgets/auth_footer.dart
DA:7,45
DA:9,0
DA:11,0
DA:12,0
DA:14,0
DA:15,0
DA:16,0
DA:18,0
DA:21,0
DA:22,0
DA:23,0
DA:25,0
DA:26,0
DA:33,0
DA:34,0
DA:35,0
DA:42,0
LF:17
LH:1
end_of_record
SF:lib/features/auth/presentation/widgets/asymmetric_clipper.dart
DA:8,0
DA:10,0
DA:11,0
DA:12,0
DA:13,0
DA:14,0
DA:15,0
DA:19,0
LF:8
LH:0
end_of_record
SF:lib/features/auth/presentation/widgets/stitch_text_field.dart
DA:24,1
DA:37,1
DA:39,1
DA:41,1
DA:43,1
DA:45,1
DA:47,2
DA:48,1
DA:49,1
DA:50,1
DA:53,2
DA:62,1
DA:63,1
DA:65,1
DA:66,1
DA:67,1
DA:68,1
DA:69,1
DA:75,1
DA:76,1
DA:77,1
DA:78,1
DA:79,1
DA:80,1
DA:86,1
DA:87,1
DA:93,4
DA:94,1
LF:28
LH:28
end_of_record
SF:lib/features/auth/presentation/widgets/stitch_register_field.dart
DA:25,1
DA:39,1
DA:41,1
DA:43,1
DA:45,1
DA:47,1
DA:48,1
DA:49,1
DA:52,2
DA:59,1
DA:60,1
DA:62,1
DA:63,1
DA:68,1
DA:69,1
DA:70,1
DA:71,1
DA:72,1
DA:73,1
DA:79,1
DA:80,1
DA:86,1
DA:88,1
DA:89,1
DA:90,2
DA:94,1
DA:109,2
DA:111,1
DA:113,1
DA:114,1
DA:115,1
DA:117,3
LF:32
LH:32
end_of_record
SF:lib/features/auth/services/device_identity_service.dart
DA:5,0
DA:11,1
DA:12,1
DA:13,1
DA:14,1
DA:16,1
DA:17,1
LF:7
LH:6
end_of_record
SF:lib/features/cart/domain/entities/cart_entity.dart
DA:15,95
DA:18,0
DA:19,0
DA:22,6
DA:25,6
DA:28,3
DA:31,2
DA:32,6
DA:36,1
DA:38,5
DA:39,1
DA:46,0
DA:48,0
LF:13
LH:9
end_of_record
SF:lib/features/cart/domain/entities/cart_item_entity.dart
DA:21,6
DA:24,1
DA:32,1
DA:33,1
DA:37,1
DA:38,1
DA:39,1
DA:40,1
DA:42,1
DA:44,1
DA:51,0
DA:54,0
DA:55,0
DA:59,0
DA:60,0
DA:64,0
DA:65,0
DA:66,0
DA:67,0
DA:68,0
DA:72,0
DA:73,0
DA:74,0
DA:77,0
DA:78,0
DA:79,0
DA:80,0
LF:27
LH:10
end_of_record
SF:lib/features/cart/domain/usecases/cart_usecases.dart
DA:12,1
DA:14,1
DA:16,2
DA:24,1
DA:26,1
DA:28,3
DA:35,1
DA:42,1
DA:44,1
DA:46,4
DA:54,1
DA:61,1
DA:63,1
DA:65,3
DA:72,1
DA:79,1
DA:81,1
DA:83,2
DA:91,1
DA:93,1
DA:95,4
DA:103,1
DA:110,0
DA:112,0
DA:114,0
DA:121,0
LF:26
LH:22
end_of_record
SF:lib/features/cart/data/datasources/cart_local_datasource_impl.dart
DA:16,0
DA:18,0
DA:22,0
DA:23,0
DA:24,0
DA:26,0
DA:29,0
DA:32,0
DA:33,0
DA:36,0
DA:39,0
DA:46,0
DA:50,0
DA:53,0
DA:54,0
DA:55,0
DA:57,0
DA:61,0
DA:64,0
DA:65,0
DA:66,0
DA:68,0
DA:72,0
DA:75,0
DA:77,0
DA:78,0
DA:79,0
DA:81,0
DA:82,0
DA:87,0
DA:89,0
DA:90,0
DA:91,0
DA:92,0
DA:96,0
DA:99,0
DA:101,0
DA:102,0
DA:106,0
DA:107,0
DA:109,0
DA:113,0
DA:117,0
DA:120,0
DA:122,0
DA:123,0
DA:124,0
DA:125,0
DA:126,0
DA:127,0
DA:130,0
DA:132,0
DA:135,0
DA:136,0
DA:138,0
DA:142,0
DA:146,0
DA:149,0
DA:151,0
DA:152,0
DA:153,0
DA:154,0
DA:155,0
DA:156,0
DA:158,0
DA:160,0
DA:161,0
DA:165,0
DA:166,0
DA:168,0
DA:172,0
DA:176,0
DA:179,0
DA:181,0
DA:182,0
DA:183,0
DA:184,0
DA:185,0
DA:186,0
DA:189,0
DA:191,0
DA:194,0
DA:195,0
DA:197,0
DA:201,0
LF:85
LH:0
end_of_record
SF:lib/features/cart/data/dtos/cart_dto.dart
DA:18,0
DA:19,0
LF:2
LH:0
end_of_record
SF:lib/features/cart/data/dtos/cart_dto.g.dart
DA:9,0
DA:10,0
DA:11,0
DA:12,0
DA:13,0
DA:14,0
DA:17,0
DA:18,0
DA:19,0
DA:20,0
LF:10
LH:0
end_of_record
SF:lib/features/cart/data/dtos/cart_item_dto.dart
DA:23,0
DA:24,0
LF:2
LH:0
end_of_record
SF:lib/features/cart/data/dtos/cart_item_dto.g.dart
DA:9,0
DA:10,0
DA:11,0
DA:12,0
DA:13,0
DA:14,0
DA:15,0
DA:16,0
DA:17,0
DA:18,0
DA:21,0
DA:22,0
DA:23,0
DA:24,0
DA:25,0
DA:26,0
DA:27,0
DA:28,0
DA:29,0
DA:30,0
DA:31,0
LF:21
LH:0
end_of_record
SF:lib/features/cart/data/repositories_impl/cart_repository_impl.dart
DA:15,1
DA:17,1
DA:20,2
DA:22,1
DA:23,0
DA:24,3
DA:27,0
DA:31,1
DA:34,1
DA:35,1
DA:36,0
DA:37,3
DA:44,1
DA:47,1
DA:48,1
DA:49,1
DA:50,1
DA:51,1
DA:52,1
DA:53,1
DA:54,1
DA:55,1
DA:56,1
DA:59,2
DA:61,1
DA:62,0
DA:63,3
DA:66,0
DA:70,0
DA:76,0
DA:81,0
DA:82,0
DA:83,0
DA:86,0
DA:90,0
DA:93,0
DA:95,0
DA:96,0
DA:97,0
DA:100,0
DA:104,0
DA:107,0
DA:109,0
DA:110,0
DA:111,0
DA:114,0
DA:118,0
DA:124,0
DA:126,0
DA:127,0
DA:128,0
DA:131,0
DA:135,0
DA:138,0
DA:140,0
DA:141,0
DA:142,0
DA:145,0
DA:152,1
DA:153,1
DA:154,5
DA:155,1
DA:156,1
DA:162,1
DA:163,1
DA:164,1
DA:165,1
DA:166,1
DA:167,1
DA:168,1
DA:169,1
DA:170,1
DA:171,1
DA:172,1
LF:74
LH:39
end_of_record
SF:lib/features/cart/presentation/screens/cart_screen.dart
DA:18,90
DA:20,0
DA:21,0
DA:26,0
DA:28,0
DA:30,0
DA:31,0
DA:35,0
DA:37,0
DA:38,0
DA:39,0
DA:40,0
DA:42,0
DA:43,0
DA:44,0
DA:45,0
DA:47,0
DA:48,0
DA:49,0
DA:53,0
DA:54,0
DA:55,0
DA:56,0
DA:68,0
DA:70,0
DA:71,0
DA:73,0
DA:74,0
DA:76,0
DA:77,0
DA:78,0
DA:79,0
DA:80,0
DA:81,0
DA:82,0
DA:83,0
DA:84,0
DA:86,0
DA:87,0
DA:94,0
DA:95,0
DA:96,0
DA:97,0
DA:99,0
DA:100,0
DA:101,0
DA:102,0
DA:104,0
DA:105,0
DA:108,0
DA:110,0
DA:111,0
DA:113,0
DA:115,0
DA:119,0
DA:120,0
DA:121,0
DA:122,0
DA:123,0
DA:125,0
DA:126,0
DA:127,0
DA:129,0
DA:130,0
DA:133,0
DA:139,0
DA:140,0
DA:144,0
DA:145,0
DA:146,0
DA:147,0
DA:149,0
DA:150,0
DA:151,0
DA:152,0
DA:153,0
DA:154,0
DA:160,0
DA:161,0
DA:162,0
DA:163,0
DA:164,0
DA:165,0
DA:166,0
DA:168,0
DA:169,0
DA:170,0
DA:172,0
DA:173,0
DA:175,0
DA:176,0
DA:180,0
DA:181,0
DA:182,0
DA:183,0
DA:185,0
DA:194,0
DA:195,0
DA:196,0
DA:197,0
DA:201,0
DA:202,0
DA:203,0
DA:204,0
DA:205,0
DA:206,0
DA:207,0
DA:208,0
DA:209,0
DA:210,0
DA:211,0
DA:212,0
DA:213,0
DA:214,0
DA:216,0
DA:217,0
DA:218,0
DA:219,0
DA:220,0
DA:221,0
DA:222,0
DA:225,0
DA:226,0
DA:227,0
DA:232,0
DA:237,0
DA:238,0
DA:242,0
DA:247,0
DA:248,0
DA:249,0
DA:250,0
DA:251,0
DA:252,0
DA:253,0
DA:254,0
DA:255,0
DA:269,0
DA:273,0
DA:275,0
DA:276,0
DA:277,0
DA:278,0
DA:279,0
DA:281,0
DA:282,0
DA:283,0
DA:285,0
DA:286,0
DA:287,0
DA:288,0
DA:289,0
DA:290,0
DA:291,0
DA:296,0
DA:297,0
DA:298,0
DA:299,0
DA:301,0
DA:304,0
DA:305,0
DA:308,0
LF:162
LH:1
end_of_record
SF:lib/features/cart/presentation/screens/checkout_screen.dart
DA:25,45
DA:27,0
DA:28,0
DA:35,0
DA:37,0
DA:38,0
DA:39,0
DA:43,0
DA:45,0
DA:46,0
DA:50,0
DA:51,0
DA:52,0
DA:54,0
DA:56,0
DA:57,0
DA:60,0
DA:63,0
DA:66,0
DA:67,0
DA:68,0
DA:72,0
DA:73,0
DA:74,0
DA:75,0
DA:77,0
DA:78,0
DA:79,0
DA:80,0
DA:81,0
DA:82,0
DA:85,0
DA:86,0
DA:87,0
DA:89,0
DA:90,0
DA:91,0
DA:92,0
DA:100,0
DA:102,0
DA:103,0
DA:104,0
DA:105,0
DA:107,0
DA:110,0
DA:111,0
DA:112,0
DA:114,0
DA:115,0
DA:116,0
DA:119,0
DA:120,0
DA:126,0
DA:130,0
DA:131,0
DA:134,0
DA:135,0
DA:136,0
DA:143,0
DA:144,0
DA:145,0
DA:146,0
DA:147,0
DA:149,0
DA:150,0
DA:151,0
DA:153,0
DA:158,0
DA:159,0
DA:160,0
DA:161,0
DA:162,0
DA:163,0
DA:164,0
DA:166,0
DA:167,0
DA:170,0
DA:172,0
DA:173,0
DA:175,0
DA:177,0
DA:185,0
DA:186,0
DA:190,0
DA:191,0
DA:192,0
DA:194,0
DA:195,0
DA:197,0
DA:198,0
DA:199,0
DA:201,0
DA:202,0
DA:203,0
DA:204,0
DA:205,0
DA:206,0
DA:207,0
DA:209,0
DA:212,0
DA:213,0
DA:214,0
DA:215,0
DA:216,0
DA:217,0
DA:223,0
DA:224,0
DA:225,0
DA:226,0
DA:228,0
DA:229,0
DA:230,0
DA:232,0
DA:233,0
DA:234,0
DA:235,0
DA:237,0
DA:238,0
DA:240,0
DA:241,0
DA:242,0
DA:243,0
DA:244,0
DA:245,0
DA:246,0
DA:250,0
DA:252,0
DA:253,0
DA:260,0
DA:261,0
DA:262,0
DA:263,0
DA:265,0
DA:267,0
DA:268,0
DA:270,0
DA:273,0
DA:274,0
DA:277,0
DA:278,0
DA:279,0
DA:280,0
DA:281,0
DA:283,0
DA:287,0
DA:290,0
DA:291,0
DA:294,0
DA:295,0
DA:296,0
DA:299,0
DA:300,0
DA:301,0
DA:302,0
DA:306,0
DA:307,0
DA:308,0
DA:309,0
DA:310,0
DA:311,0
DA:312,0
DA:313,0
DA:314,0
DA:315,0
DA:316,0
DA:320,0
DA:324,0
DA:325,0
DA:328,0
DA:329,0
DA:330,0
DA:335,0
DA:338,0
DA:339,0
DA:342,0
DA:343,0
DA:344,0
DA:348,0
DA:355,0
DA:358,0
DA:359,0
DA:360,0
DA:361,0
DA:364,0
DA:365,0
DA:366,0
DA:367,0
DA:368,0
DA:378,0
DA:379,0
DA:380,0
DA:382,0
DA:383,0
DA:386,0
DA:390,0
DA:391,0
DA:393,0
DA:394,0
DA:395,0
DA:396,0
DA:397,0
DA:398,0
DA:401,0
DA:402,0
DA:407,0
DA:416,0
LF:206
LH:1
end_of_record
SF:lib/features/cart/presentation/screens/order_confirmation_screen.dart
DA:7,45
DA:9,0
DA:11,0
DA:12,0
DA:13,0
DA:15,0
DA:16,0
DA:18,0
DA:19,0
DA:20,0
DA:21,0
DA:23,0
DA:25,0
DA:26,0
DA:27,0
DA:28,0
DA:29,0
DA:30,0
LF:18
LH:1
end_of_record
SF:lib/features/restaurants/domain/entities/menu_item_entity.dart
DA:19,0
DA:20,0
DA:28,0
DA:35,0
DA:46,1
DA:47,2
DA:48,1
DA:49,2
DA:50,1
DA:51,2
DA:52,3
DA:53,2
DA:57,0
DA:58,0
DA:59,0
DA:61,0
DA:63,0
DA:70,270
DA:72,0
DA:74,0
DA:75,0
DA:77,0
DA:79,0
DA:82,0
DA:86,0
DA:87,0
LF:26
LH:9
end_of_record
SF:lib/features/restaurants/domain/entities/menu_item_entity.g.dart
DA:9,0
DA:10,0
DA:11,0
DA:12,0
DA:13,0
DA:14,0
DA:15,0
DA:16,0
DA:17,0
DA:18,0
DA:22,0
DA:23,0
DA:24,0
DA:25,0
DA:26,0
DA:27,0
DA:28,0
DA:29,0
DA:30,0
LF:19
LH:0
end_of_record
SF:lib/features/cart/presentation/pages/cart_page.dart
DA:6,45
DA:8,0
LF:2
LH:1
end_of_record
SF:lib/features/cart/presentation/providers/checkout_preview_provider.g.dart
DA:14,3
DA:23,1
DA:24,1
DA:34,0
DA:35,0
DA:37,0
DA:40,0
DA:42,0
DA:44,0
DA:48,1
DA:49,1
DA:51,1
DA:56,0
DA:63,3
DA:75,1
DA:76,1
DA:86,1
DA:87,1
DA:89,1
DA:91,1
DA:94,1
DA:103,1
DA:107,1
DA:113,1
DA:123,2
LF:25
LH:18
end_of_record
SF:lib/features/cart/presentation/providers/checkout_preview_provider.dart
DA:9,0
DA:11,0
DA:12,0
DA:19,1
DA:25,1
DA:28,2
DA:29,1
DA:31,3
DA:32,1
DA:34,2
DA:36,3
DA:37,2
DA:38,2
DA:41,2
DA:44,2
DA:45,2
DA:52,0
DA:53,0
LF:18
LH:13
end_of_record
SF:lib/features/orders/data/datasources/order_api_service.g.dart
DA:14,1
DA:22,1
DA:27,1
DA:28,1
DA:29,1
DA:31,1
DA:32,1
DA:33,1
DA:34,2
DA:39,6
DA:41,2
DA:44,1
DA:45,1
DA:46,2
DA:48,2
DA:52,0
DA:58,1
DA:60,1
DA:61,1
DA:62,1
DA:64,1
DA:65,1
DA:66,1
DA:67,2
DA:68,1
DA:72,6
DA:74,2
DA:77,1
DA:78,1
DA:79,2
DA:82,0
DA:88,1
DA:92,1
DA:93,1
DA:94,1
DA:96,1
DA:97,1
DA:98,1
DA:99,2
DA:104,6
DA:106,2
DA:109,1
DA:110,1
DA:111,2
DA:114,0
DA:120,1
DA:124,1
DA:125,1
DA:126,1
DA:128,1
DA:129,1
DA:130,1
DA:131,2
DA:136,6
DA:138,2
DA:141,1
DA:142,1
DA:143,1
DA:144,1
DA:147,0
DA:153,1
DA:158,1
DA:159,1
DA:160,1
DA:161,1
DA:162,1
DA:163,1
DA:164,1
DA:165,1
DA:166,2
DA:167,1
DA:171,6
DA:173,2
DA:176,1
DA:177,1
DA:178,2
DA:181,0
DA:187,1
DA:188,1
DA:189,2
DA:190,2
DA:191,1
DA:192,0
DA:194,1
DA:200,1
DA:201,0
DA:205,0
DA:207,0
DA:208,0
DA:211,0
LF:90
LH:79
end_of_record
SF:lib/features/orders/data/dtos/checkout_preview_dto.dart
DA:16,0
DA:17,0
DA:31,0
DA:32,0
DA:48,1
DA:49,1
DA:61,0
DA:62,0
DA:82,1
DA:83,1
DA:87,3
DA:88,6
DA:89,9
DA:90,6
DA:94,3
DA:95,6
DA:96,3
DA:97,3
DA:98,3
DA:99,3
DA:100,3
DA:102,6
DA:104,3
DA:107,6
DA:110,3
DA:111,3
DA:114,9
DA:117,12
DA:121,3
DA:122,6
DA:123,6
DA:124,6
DA:125,6
DA:128,9
DA:133,6
DA:134,3
DA:135,6
DA:136,3
DA:137,3
DA:138,3
DA:140,3
DA:141,3
DA:142,6
DA:144,3
DA:146,3
DA:147,3
DA:149,3
DA:151,3
DA:152,6
DA:155,3
DA:158,3
DA:159,3
DA:160,3
DA:162,3
DA:163,3
DA:164,3
DA:165,3
DA:167,6
DA:175,3
DA:176,3
DA:177,3
DA:178,3
DA:179,3
DA:180,3
DA:181,3
DA:184,3
DA:185,6
DA:188,3
DA:189,9
LF:69
LH:63
end_of_record
SF:lib/features/orders/data/dtos/checkout_preview_dto.g.dart
DA:9,0
DA:11,0
DA:12,0
DA:13,0
DA:14,0
DA:17,0
DA:19,0
DA:20,0
DA:21,0
DA:22,0
DA:25,0
DA:27,0
DA:28,0
DA:29,0
DA:30,0
DA:31,0
DA:32,0
DA:33,0
DA:34,0
DA:35,0
DA:37,0
DA:40,0
DA:42,0
DA:43,0
DA:44,0
DA:45,0
DA:46,0
DA:47,0
DA:48,0
DA:51,1
DA:52,1
DA:53,2
DA:54,1
DA:55,1
DA:56,2
DA:57,2
DA:58,2
DA:61,0
DA:62,0
DA:63,0
DA:64,0
DA:65,0
DA:66,0
DA:67,0
DA:68,0
DA:71,0
DA:72,0
DA:73,0
DA:74,0
DA:75,0
DA:76,0
DA:79,0
DA:80,0
DA:81,0
DA:82,0
DA:83,0
DA:84,0
DA:87,1
DA:89,1
DA:90,2
DA:91,1
DA:92,1
DA:93,3
DA:94,1
DA:95,2
DA:96,2
DA:97,2
DA:98,2
DA:99,1
DA:100,1
DA:101,1
DA:102,1
DA:103,1
DA:104,1
DA:105,1
DA:106,1
DA:107,1
DA:110,0
DA:112,0
DA:113,0
DA:114,0
DA:115,0
DA:116,0
DA:117,0
DA:118,0
DA:119,0
DA:120,0
DA:121,0
DA:122,0
DA:123,0
DA:124,0
LF:91
LH:28
end_of_record
SF:lib/features/cart/presentation/providers/checkout_voucher_provider.dart
DA:8,1
DA:28,1
DA:29,1
DA:30,1
DA:31,1
DA:32,1
DA:33,1
DA:34,1
DA:35,1
DA:36,1
DA:37,2
DA:38,1
DA:39,2
DA:40,1
DA:41,2
DA:42,1
DA:43,1
DA:44,1
DA:45,1
DA:46,1
DA:47,1
DA:50,1
DA:51,1
DA:52,3
DA:57,1
DA:58,1
DA:59,1
DA:63,1
DA:65,2
DA:66,2
DA:70,1
DA:71,4
DA:73,0
DA:74,0
DA:75,0
DA:76,0
DA:77,0
DA:82,1
DA:86,1
DA:87,2
DA:90,1
DA:92,2
DA:93,2
DA:96,1
DA:97,2
DA:98,1
DA:101,2
DA:103,1
DA:107,0
DA:108,0
DA:110,0
DA:111,0
LF:52
LH:43
end_of_record
SF:lib/features/cart/presentation/providers/di/cart_di_providers.g.dart
DA:14,0
DA:27,0
DA:28,0
DA:38,0
DA:39,0
DA:41,0
DA:45,0
DA:47,0
DA:49,0
DA:53,0
DA:54,0
DA:56,0
DA:61,0
DA:67,3
DA:75,1
DA:76,1
DA:86,0
DA:87,0
DA:89,0
DA:92,0
DA:94,0
DA:96,0
DA:100,1
DA:101,1
DA:103,1
DA:108,0
DA:113,3
DA:121,1
DA:122,1
DA:132,1
DA:133,1
DA:135,1
DA:138,1
DA:140,1
DA:142,1
DA:146,0
DA:147,0
DA:149,0
DA:154,1
DA:159,3
DA:172,1
DA:173,1
DA:183,1
DA:184,1
DA:186,1
DA:189,1
DA:191,1
[...]
DA:8,0
DA:14,0
DA:15,0
DA:17,0
DA:18,0
DA:19,0
DA:20,0
DA:23,0
DA:24,0
DA:25,0
DA:28,0
DA:29,0
DA:30,0
DA:31,0
DA:32,0
DA:33,0
DA:34,0
DA:35,0
DA:39,0
DA:40,0
DA:41,0
DA:42,0
DA:43,0
DA:45,0
DA:48,0
DA:49,0
DA:57,0
DA:65,0
DA:73,0
DA:80,0
DA:88,0
DA:89,0
DA:90,0
DA:91,0
DA:93,0
DA:95,0
DA:99,0
DA:101,0
DA:102,0
DA:103,0
DA:108,1
DA:109,1
DA:110,1
DA:112,2
DA:113,1
DA:114,1
DA:115,1
DA:116,1
DA:117,1
DA:118,1
DA:119,1
DA:120,2
DA:122,2
DA:124,1
DA:125,1
DA:127,2
LF:56
LH:16
end_of_record
SF:lib/features/splash/presentation/controllers/splash_controller.g.dart
DA:14,6
DA:20,2
DA:21,2
DA:31,2
DA:32,2
DA:34,2
DA:36,2
DA:39,0
DA:40,0
DA:42,0
DA:47,2
DA:53,2
DA:56,2
DA:58,2
DA:65,4
LF:15
LH:12
end_of_record
SF:lib/features/splash/presentation/controllers/splash_controller.dart
DA:15,45
DA:17,0
DA:18,0
DA:21,3
DA:22,0
DA:31,2
DA:35,1
DA:37,1
DA:40,1
DA:43,4
DA:46,1
DA:47,1
DA:50,3
DA:51,1
DA:53,3
DA:54,1
DA:56,2
DA:59,1
DA:62,1
DA:63,1
DA:65,1
DA:68,1
DA:71,1
DA:73,2
DA:74,2
DA:76,1
DA:79,1
DA:84,1
DA:85,1
DA:86,1
DA:88,1
DA:90,1
DA:92,1
DA:98,3
LF:34
LH:31
end_of_record
SF:lib/features/user_address/data/datasources/user_address_api_service.g.dart
DA:14,1
DA:22,1
DA:26,1
DA:27,1
DA:28,1
DA:31,1
DA:32,1
DA:33,1
DA:34,2
DA:35,1
DA:39,1
DA:40,5
DA:43,2
DA:46,1
DA:47,1
DA:48,2
DA:50,1
DA:51,2
DA:55,1
DA:56,0
DA:59,0
DA:65,1
DA:69,1
DA:70,1
DA:71,1
DA:73,1
DA:74,1
DA:75,1
DA:76,2
DA:77,1
DA:81,6
DA:83,2
DA:86,1
DA:87,1
DA:88,2
DA:91,0
DA:97,1
DA:102,1
DA:103,1
DA:104,1
DA:106,1
DA:107,1
DA:108,1
DA:109,2
DA:110,1
DA:114,6
DA:116,2
DA:119,1
DA:120,1
DA:121,2
DA:124,0
DA:130,1
DA:135,1
DA:136,1
DA:137,1
DA:139,1
DA:140,1
DA:141,1
DA:142,2
DA:143,1
DA:147,6
DA:149,2
DA:152,1
DA:153,1
DA:154,2
DA:157,0
DA:163,1
DA:165,1
DA:166,1
DA:167,1
DA:169,1
DA:170,1
DA:171,1
DA:172,2
DA:173,1
DA:177,6
DA:179,2
DA:182,2
DA:184,0
DA:190,1
DA:194,1
DA:195,1
DA:196,1
DA:198,1
DA:199,1
DA:200,1
DA:201,2
DA:202,1
DA:206,6
DA:208,2
DA:211,1
DA:212,1
DA:213,2
DA:216,0
DA:222,1
DA:223,1
DA:224,2
DA:225,2
DA:226,1
DA:227,0
DA:229,1
DA:235,1
DA:236,0
DA:240,0
DA:242,0
DA:243,0
DA:246,0
LF:107
LH:94
end_of_record
SF:lib/features/user_address/data/dtos/user_address_request_dto.dart
DA:22,0
DA:23,0
LF:2
LH:0
end_of_record
SF:lib/features/user_address/data/dtos/user_address_request_dto.g.dart
DA:9,0
DA:11,0
DA:12,0
DA:13,0
DA:14,0
DA:15,0
DA:16,0
DA:17,0
DA:18,0
DA:19,0
DA:20,0
DA:21,0
DA:22,0
DA:25,1
DA:27,1
DA:28,1
DA:29,1
DA:30,1
DA:31,1
DA:32,1
DA:33,1
DA:34,1
DA:35,1
DA:36,1
DA:37,1
DA:38,1
LF:26
LH:13
end_of_record
SF:lib/features/user_address/data/dtos/user_address_response_dto.dart
DA:27,1
DA:28,1
DA:32,0
DA:33,0
DA:34,0
DA:35,0
DA:36,0
DA:37,0
DA:38,0
DA:39,0
DA:40,0
DA:41,0
DA:42,0
DA:43,0
DA:44,0
DA:45,0
DA:46,0
DA:47,0
DA:48,0
DA:54,0
DA:55,0
DA:56,0
DA:57,0
DA:58,0
DA:59,0
DA:60,0
DA:61,0
DA:62,0
DA:63,0
DA:64,0
DA:65,0
DA:66,0
DA:67,0
DA:68,0
DA:69,0
DA:70,0
LF:36
LH:2
end_of_record
SF:lib/features/user_address/data/dtos/user_address_response_dto.g.dart
DA:9,1
DA:11,1
DA:12,2
DA:13,2
DA:14,1
DA:15,1
DA:16,1
DA:17,1
DA:18,1
DA:19,1
DA:20,1
DA:21,1
DA:22,2
DA:23,2
DA:24,1
DA:25,1
DA:27,2
DA:28,1
DA:30,2
DA:33,0
DA:35,0
DA:36,0
DA:37,0
DA:38,0
DA:39,0
DA:40,0
DA:41,0
DA:42,0
DA:43,0
DA:44,0
DA:45,0
DA:46,0
DA:47,0
DA:48,0
DA:49,0
DA:50,0
LF:36
LH:19
end_of_record
SF:lib/features/user_address/data/datasources/user_address_remote_datasource_impl.dart
DA:13,0
DA:15,0
DA:18,0
DA:19,0
DA:20,0
DA:21,0
DA:24,0
DA:25,0
DA:27,0
DA:29,0
DA:30,0
DA:31,0
DA:33,0
DA:34,0
DA:38,0
DA:41,0
DA:42,0
DA:43,0
DA:45,0
DA:46,0
DA:48,0
DA:50,0
DA:51,0
DA:52,0
DA:54,0
DA:55,0
DA:59,0
DA:65,0
DA:66,0
DA:67,0
DA:69,0
DA:70,0
DA:72,0
DA:74,0
DA:75,0
DA:76,0
DA:78,0
DA:79,0
DA:83,0
DA:89,0
DA:90,0
DA:91,0
DA:93,0
DA:94,0
DA:96,0
DA:98,0
DA:99,0
DA:100,0
DA:102,0
DA:103,0
DA:107,0
DA:110,0
DA:111,0
DA:112,0
DA:114,0
DA:115,0
DA:116,0
DA:117,0
DA:119,0
DA:120,0
DA:124,0
DA:127,0
DA:128,0
DA:129,0
DA:131,0
DA:132,0
DA:134,0
DA:136,0
DA:137,0
DA:138,0
DA:140,0
DA:141,0
LF:72
LH:0
end_of_record
SF:lib/features/user_address/data/repositories/user_address_repository_impl.dart
DA:14,0
DA:16,0
DA:19,0
DA:20,0
DA:21,0
DA:22,0
DA:24,0
DA:28,0
DA:31,0
DA:32,0
DA:33,0
DA:34,0
DA:36,0
DA:40,0
DA:46,0
DA:47,0
DA:48,0
DA:49,0
DA:51,0
DA:55,0
DA:61,0
DA:62,0
DA:63,0
DA:64,0
DA:66,0
DA:70,0
DA:73,0
DA:74,0
DA:75,0
DA:76,0
DA:78,0
DA:82,0
DA:85,0
DA:86,0
DA:87,0
DA:88,0
DA:90,0
LF:37
LH:0
end_of_record
SF:lib/features/user_address/domain/usecases/user_address_usecases.dart
DA:11,1
DA:13,1
DA:14,1
DA:15,0
DA:17,2
DA:25,1
DA:27,1
DA:28,1
DA:29,0
DA:31,2
DA:39,1
DA:41,1
DA:46,1
DA:47,0
DA:51,3
DA:52,0
DA:55,3
DA:56,0
DA:59,3
DA:60,0
DA:63,3
DA:64,0
DA:67,3
DA:68,0
DA:71,2
DA:79,1
DA:81,1
DA:86,1
DA:87,0
DA:91,3
DA:92,0
DA:95,3
DA:96,0
DA:99,3
DA:100,0
DA:103,3
DA:104,0
DA:107,3
DA:108,0
DA:111,2
DA:119,1
DA:121,1
DA:122,1
DA:123,0
DA:125,2
DA:133,1
DA:135,1
DA:136,1
DA:137,0
DA:139,2
LF:50
LH:34
end_of_record
SF:lib/features/user_address/presentation/providers/di/user_address_di_providers.g.dart
DA:14,0
DA:27,0
DA:28,0
DA:38,0
DA:39,0
DA:41,0
DA:45,0
DA:47,0
DA:49,0
DA:53,0
DA:54,0
DA:56,0
DA:61,0
DA:65,0
DA:66,0
DA:76,0
DA:77,0
DA:87,0
DA:88,0
DA:90,0
DA:94,0
DA:96,0
DA:98,0
DA:102,0
DA:103,0
DA:105,0
DA:110,0
DA:116,3
DA:129,1
DA:130,1
DA:140,0
DA:141,0
DA:143,0
DA:147,0
DA:149,0
DA:151,0
DA:155,1
DA:156,1
DA:158,1
DA:163,0
DA:169,3
DA:182,1
DA:183,1
DA:193,1
DA:194,1
DA:196,1
DA:200,1
DA:202,1
DA:204,1
DA:208,0
DA:209,0
DA:211,0
DA:216,1
DA:220,3
DA:230,1
DA:231,1
DA:241,1
DA:242,1
DA:244,1
DA:248,1
DA:250,1
DA:252,1
DA:256,0
DA:257,0
DA:259,0
DA:264,1
DA:268,3
DA:278,1
DA:279,1
DA:289,1
DA:290,1
DA:292,1
DA:296,1
DA:298,1
DA:300,1
DA:304,0
DA:305,0
DA:307,0
DA:312,1
DA:316,3
DA:326,1
DA:327,1
DA:337,1
DA:338,1
DA:340,1
DA:344,1
DA:346,1
DA:348,1
DA:352,0
DA:353,0
DA:355,0
DA:360,1
DA:364,3
DA:374,1
DA:375,1
DA:385,1
DA:386,1
DA:388,1
DA:392,1
DA:394,1
DA:396,1
DA:400,0
DA:401,0
DA:403,0
DA:408,1
DA:412,3
DA:422,1
DA:423,1
DA:433,1
DA:434,1
DA:436,1
DA:440,1
DA:442,1
DA:444,1
DA:448,0
DA:449,0
DA:451,0
DA:456,1
DA:462,0
DA:475,0
DA:476,0
DA:486,0
DA:487,0
DA:489,0
DA:493,0
DA:495,0
DA:497,0
DA:501,0
DA:502,0
DA:504,0
DA:509,0
DA:512,0
DA:516,0
DA:517,0
DA:527,0
DA:528,0
DA:530,0
DA:533,0
DA:535,0
DA:537,0
DA:541,0
DA:542,0
DA:544,0
DA:549,0
LF:144
LH:66
end_of_record
SF:lib/features/user_address/presentation/providers/di/user_address_di_providers.dart
DA:15,0
DA:17,0
DA:18,0
DA:21,0
DA:23,0
DA:24,0
DA:28,0
DA:30,0
DA:31,0
DA:35,1
DA:37,2
DA:38,1
DA:41,1
DA:43,2
DA:44,1
DA:47,1
DA:49,2
DA:50,1
DA:53,1
DA:55,2
DA:56,1
DA:59,1
DA:61,2
DA:62,1
DA:65,1
DA:67,2
DA:68,1
DA:72,0
DA:74,0
DA:75,0
DA:78,0
DA:80,0
DA:81,0
LF:33
LH:18
end_of_record
SF:lib/features/user_address/presentation/providers/list/user_address_list_notifier.dart
DA:12,1
DA:18,1
DA:19,3
DA:21,3
DA:22,1
DA:24,1
DA:25,0
DA:27,0
DA:29,4
DA:37,1
DA:39,6
DA:40,1
DA:42,3
DA:43,1
DA:45,1
DA:46,1
DA:47,3
DA:48,1
DA:51,1
DA:55,1
DA:58,2
DA:59,4
DA:60,1
DA:61,3
DA:63,1
DA:67,1
DA:71,0
DA:72,0
DA:75,0
DA:84,1
DA:86,6
DA:87,1
DA:89,3
DA:90,1
DA:92,1
DA:93,1
DA:94,3
DA:95,1
DA:98,1
DA:102,1
DA:104,4
DA:105,2
DA:108,1
DA:110,1
DA:112,3
DA:114,1
DA:118,1
DA:126,0
DA:127,0
DA:131,0
DA:132,0
DA:136,0
DA:137,0
DA:141,0
DA:142,0
DA:146,1
DA:147,2
DA:148,6
DA:150,3
LF:59
LH:46
end_of_record
SF:lib/features/user_address/presentation/providers/list/user_address_list_notifier.g.dart
DA:14,3
DA:20,1
DA:21,1
DA:31,1
DA:32,1
DA:34,1
DA:36,1
DA:39,0
DA:40,0
DA:42,0
DA:47,1
DA:55,1
DA:58,1
DA:60,1
DA:67,2
LF:15
LH:12
end_of_record
SF:lib/features/user_address/presentation/providers/list/user_address_state.dart
DA:12,1
DA:27,46
DA:35,1
DA:44,1
DA:45,1
DA:46,1
DA:47,1
DA:48,1
DA:49,1
DA:54,1
DA:56,4
DA:63,0
DA:66,0
LF:13
LH:11
end_of_record
SF:lib/features/user_address/presentation/providers/operation/address_form_notifier.g.dart
DA:14,3
DA:21,1
DA:22,1
DA:32,1
DA:33,1
DA:35,1
DA:37,1
DA:40,0
DA:41,0
DA:43,0
DA:50,1
DA:58,1
DA:62,1
DA:68,1
DA:78,2
LF:15
LH:12
end_of_record
SF:lib/features/user_address/presentation/providers/operation/address_form_notifier.dart
DA:11,1
DA:17,1
DA:18,1
DA:20,3
DA:21,1
DA:23,1
DA:24,0
DA:25,3
DA:30,1
DA:34,2
DA:35,1
DA:37,3
DA:38,1
DA:40,1
DA:41,1
DA:42,4
DA:45,1
DA:46,2
DA:53,1
DA:57,2
DA:58,1
DA:60,3
DA:61,1
DA:63,1
DA:64,0
DA:65,0
DA:68,1
DA:69,2
DA:76,1
DA:77,1
LF:30
LH:27
end_of_record
SF:lib/features/user_address/presentation/providers/operation/address_operation_state.dart
DA:20,0
DA:27,0
DA:33,0
DA:34,0
DA:35,0
DA:36,0
DA:37,0
DA:45,0
DA:50,0
DA:51,0
DA:55,0
DA:59,0
DA:60,0
DA:64,0
DA:68,0
DA:69,0
LF:16
LH:0
end_of_record
SF:lib/features/user_address/presentation/providers/operation/address_operation_state.g.dart
DA:14,0
DA:21,0
DA:22,0
DA:32,0
DA:33,0
DA:35,0
DA:37,0
DA:40,0
DA:41,0
DA:43,0
DA:48,0
DA:56,0
DA:60,0
DA:62,0
DA:69,0
LF:15
LH:0
end_of_record
SF:lib/features/user_address/presentation/widgets/address_form_fields.dart
DA:18,0
DA:31,0
DA:33,0
DA:34,0
DA:36,0
DA:37,0
DA:38,0
DA:39,0
DA:40,0
DA:41,0
DA:42,0
DA:44,0
DA:45,0
DA:47,0
DA:48,0
DA:49,0
DA:50,0
DA:51,0
DA:53,0
DA:54,0
DA:56,0
DA:57,0
DA:58,0
DA:59,0
DA:60,0
DA:63,0
DA:64,0
DA:65,0
DA:68,0
DA:70,0
DA:71,0
DA:72,0
DA:73,0
DA:74,0
DA:75,0
DA:76,0
DA:78,0
DA:79,0
DA:81,0
DA:82,0
DA:83,0
DA:84,0
DA:85,0
DA:86,0
DA:87,0
DA:88,0
DA:90,0
DA:93,0
DA:94,0
DA:95,0
DA:96,0
DA:97,0
DA:98,0
DA:100,0
DA:105,0
DA:106,0
DA:107,0
DA:108,0
DA:109,0
DA:110,0
DA:111,0
DA:112,0
DA:114,0
DA:117,0
DA:118,0
DA:119,0
DA:120,0
DA:121,0
DA:122,0
DA:125,0
DA:134,0
DA:135,0
DA:137,0
DA:138,0
DA:140,0
DA:145,0
DA:155,0
DA:159,0
DA:160,0
DA:161,0
DA:163,0
DA:164,0
DA:166,0
DA:168,0
DA:169,0
DA:170,0
DA:173,0
DA:174,0
DA:175,0
DA:177,0
DA:178,0
DA:179,0
DA:181,0
DA:182,0
DA:183,0
DA:185,0
DA:186,0
DA:187,0
LF:98
LH:0
end_of_record
SF:lib/features/user_address/presentation/widgets/address_location_picker.dart
DA:13,0
DA:19,0
DA:20,0
DA:26,0
DA:27,0
DA:30,0
DA:31,0
DA:34,0
DA:35,0
DA:36,0
DA:39,0
DA:40,0
DA:41,0
DA:47,0
DA:48,0
DA:49,0
DA:53,0
DA:54,0
DA:59,0
DA:61,0
DA:62,0
DA:64,0
DA:66,0
DA:67,0
DA:68,0
DA:69,0
DA:70,0
DA:73,0
DA:75,0
DA:76,0
DA:77,0
DA:78,0
DA:79,0
DA:80,0
DA:81,0
DA:82,0
DA:83,0
DA:84,0
DA:85,0
DA:88,0
DA:89,0
DA:90,0
DA:91,0
DA:92,0
DA:94,0
DA:97,0
DA:99,0
DA:100,0
DA:103,0
DA:104,0
DA:105,0
DA:107,0
DA:108,0
DA:109,0
DA:110,0
DA:111,0
DA:112,0
DA:113,0
DA:115,0
DA:118,0
DA:119,0
DA:120,0
DA:121,0
DA:122,0
DA:123,0
DA:124,0
DA:131,0
DA:132,0
DA:134,0
DA:135,0
LF:70
LH:0
end_of_record
SF:lib/features/user_address/presentation/widgets/address_bottom_actions.dart
DA:15,1
DA:25,1
DA:27,1
DA:28,1
DA:29,2
DA:30,1
DA:31,2
DA:32,1
DA:33,1
DA:34,2
DA:40,1
DA:41,1
DA:43,1
DA:45,1
DA:47,1
DA:48,1
DA:49,1
DA:51,1
DA:52,1
DA:53,2
DA:58,1
DA:59,1
DA:60,1
DA:61,2
DA:65,2
DA:67,1
DA:69,1
DA:70,1
DA:71,2
DA:72,1
DA:73,2
DA:76,1
DA:77,2
DA:80,1
DA:89,1
DA:90,2
DA:91,1
DA:92,1
LF:38
LH:38
end_of_record
SF:lib/features/user_address/presentation/widgets/address_card.dart
DA:16,0
DA:25,0
DA:27,0
DA:28,0
DA:30,0
DA:31,0
DA:32,0
DA:33,0
DA:34,0
DA:35,0
DA:37,0
DA:38,0
DA:39,0
DA:40,0
DA:41,0
DA:47,0
DA:49,0
DA:51,0
DA:52,0
DA:54,0
DA:55,0
DA:56,0
DA:60,0
DA:63,0
DA:79,0
DA:87,0
DA:89,0
DA:91,0
DA:92,0
DA:93,0
DA:94,0
DA:96,0
DA:97,0
DA:100,0
DA:101,0
DA:103,0
DA:104,0
DA:105,0
DA:106,0
DA:107,0
DA:108,0
DA:109,0
DA:111,0
DA:114,0
DA:115,0
DA:116,0
DA:120,0
DA:121,0
DA:122,0
DA:123,0
DA:124,0
DA:125,0
DA:126,0
DA:135,0
DA:136,0
DA:137,0
DA:138,0
DA:139,0
DA:151,0
DA:153,0
DA:154,0
DA:155,0
DA:157,0
DA:158,0
DA:159,0
DA:161,0
DA:162,0
DA:168,0
DA:170,0
DA:171,0
DA:172,0
DA:173,0
DA:174,0
DA:175,0
DA:176,0
DA:178,0
DA:179,0
DA:180,0
DA:181,0
DA:189,0
DA:191,0
DA:192,0
DA:193,0
DA:194,0
DA:195,0
DA:197,0
DA:198,0
DA:199,0
DA:201,0
DA:203,0
DA:204,0
DA:220,0
DA:227,0
DA:229,0
DA:230,0
DA:231,0
DA:233,0
DA:235,0
DA:236,0
DA:238,0
DA:240,0
DA:241,0
DA:243,0
DA:244,0
DA:246,0
DA:247,0
DA:251,0
DA:252,0
DA:254,0
DA:255,0
DA:256,0
DA:257,0
DA:262,0
DA:263,0
DA:265,0
DA:266,0
DA:267,0
DA:268,0
DA:273,0
DA:275,0
DA:276,0
DA:277,0
DA:278,0
DA:279,0
DA:292,0
DA:294,0
DA:295,0
DA:296,0
DA:297,0
DA:298,0
DA:299,0
DA:300,0
DA:303,0
DA:305,0
DA:306,0
DA:307,0
DA:308,0
DA:310,0
DA:312,0
DA:313,0
DA:314,0
DA:315,0
DA:316,0
DA:317,0
DA:318,0
DA:319,0
DA:320,0
DA:321,0
DA:322,0
DA:327,0
DA:330,0
DA:332,0
DA:333,0
DA:334,0
DA:335,0
DA:336,0
DA:337,0
DA:338,0
DA:339,0
DA:340,0
DA:341,0
LF:161
LH:0
end_of_record
SF:lib/generated/intl/messages_all.dart
DA:23,24
DA:24,16
DA:25,0
DA:28,8
DA:30,8
DA:31,8
DA:32,0
DA:33,0
DA:40,8
DA:41,8
DA:43,24
DA:44,0
DA:47,0
DA:49,16
DA:50,8
DA:51,24
DA:52,16
DA:53,8
DA:56,8
DA:58,8
DA:64,8
DA:65,8
DA:68,0
DA:71,8
LF:24
LH:18
end_of_record
SF:lib/generated/intl/messages_en.dart
DA:16,24
DA:21,0
DA:23,0
DA:25,0
DA:27,0
DA:28,0
DA:30,0
DA:31,0
DA:33,0
DA:35,0
DA:37,0
DA:39,0
DA:41,0
DA:43,2
DA:45,0
DA:47,0
DA:49,0
DA:51,0
DA:53,0
DA:56,16
DA:57,8
DA:58,8
DA:59,8
DA:60,8
DA:63,8
DA:66,8
DA:68,8
DA:69,8
DA:70,8
DA:73,8
DA:74,8
DA:77,8
DA:78,8
DA:79,8
DA:80,8
DA:83,8
DA:84,8
DA:87,8
DA:90,8
DA:91,8
DA:92,8
DA:93,8
DA:96,8
DA:99,8
DA:100,8
DA:103,8
DA:106,8
DA:107,8
DA:108,8
DA:111,8
DA:114,8
DA:117,8
DA:118,8
DA:119,8
DA:122,8
DA:125,8
DA:128,8
DA:129,8
DA:130,8
DA:131,8
DA:132,8
DA:133,8
DA:136,8
DA:137,8
DA:138,8
DA:141,8
DA:142,8
DA:143,8
DA:144,8
DA:147,8
DA:148,8
DA:149,8
DA:150,8
DA:153,8
DA:154,8
DA:157,8
DA:160,8
DA:163,8
DA:166,8
DA:169,8
DA:172,8
DA:173,8
DA:174,8
DA:175,8
DA:176,8
DA:179,8
DA:182,8
DA:185,8
DA:188,8
DA:189,8
DA:192,8
DA:195,8
DA:198,8
DA:201,8
DA:202,8
DA:205,8
DA:206,8
DA:209,8
DA:212,8
DA:215,8
DA:219,8
DA:220,8
DA:221,8
DA:222,8
DA:224,8
DA:227,8
DA:228,8
DA:229,8
DA:230,8
DA:231,8
DA:234,8
DA:235,8
DA:238,8
DA:239,8
DA:242,8
DA:245,8
DA:248,8
DA:250,8
DA:251,8
DA:254,8
DA:255,8
DA:256,8
DA:257,8
DA:260,8
DA:263,8
DA:264,8
DA:265,8
DA:266,8
DA:267,8
DA:268,8
DA:271,8
DA:274,8
DA:275,8
DA:276,8
DA:279,8
DA:280,8
DA:283,8
DA:284,8
DA:285,8
DA:286,8
DA:287,8
DA:290,8
DA:293,8
DA:296,8
DA:297,8
DA:298,8
DA:301,8
DA:302,8
DA:305,8
DA:308,8
DA:311,8
DA:314,8
DA:315,8
DA:316,8
DA:317,8
DA:318,8
DA:319,8
DA:320,8
DA:321,8
DA:322,8
DA:325,8
DA:326,8
DA:327,8
DA:330,8
DA:331,8
DA:332,8
DA:333,8
DA:336,8
DA:339,8
DA:340,8
DA:341,8
DA:344,8
DA:347,8
DA:348,8
DA:349,8
DA:350,8
DA:353,8
DA:356,8
DA:359,8
DA:360,8
DA:361,8
DA:364,8
DA:367,8
DA:370,8
DA:373,8
DA:376,8
DA:377,8
DA:378,8
DA:379,8
DA:380,8
DA:383,8
DA:384,8
DA:387,8
DA:388,8
DA:392,8
DA:393,8
DA:394,8
DA:397,8
DA:400,8
DA:401,8
DA:402,8
DA:405,8
DA:408,8
DA:411,8
DA:414,8
DA:417,8
DA:420,8
DA:423,8
DA:426,8
DA:429,8
DA:432,8
DA:433,8
DA:434,8
DA:437,8
DA:438,8
DA:441,8
DA:444,8
DA:447,8
DA:448,8
DA:451,8
DA:452,8
DA:455,8
DA:458,8
DA:459,8
DA:460,8
DA:463,8
DA:464,8
DA:465,8
DA:468,8
DA:469,8
DA:470,8
DA:471,8
DA:472,8
DA:475,8
DA:476,8
DA:479,8
DA:480,8
DA:481,8
DA:482,8
DA:485,8
DA:488,8
DA:491,8
DA:494,8
DA:499,8
DA:501,8
DA:502,8
DA:503,8
DA:506,8
DA:507,8
DA:508,8
DA:509,8
DA:510,8
DA:513,8
DA:514,8
DA:517,8
DA:518,8
DA:521,8
DA:524,8
DA:525,8
DA:526,8
DA:527,8
DA:528,8
DA:529,8
DA:532,8
DA:533,8
DA:535,8
DA:536,8
DA:539,8
DA:540,8
DA:543,8
DA:546,8
DA:549,8
DA:552,8
DA:553,8
DA:556,8
DA:557,8
DA:560,8
DA:561,8
DA:562,8
DA:565,8
DA:568,8
DA:571,8
DA:572,8
DA:573,8
DA:576,8
DA:579,8
DA:580,8
DA:581,8
DA:582,8
DA:584,8
DA:585,8
DA:588,8
DA:589,8
DA:592,8
DA:595,8
DA:598,8
DA:599,8
DA:600,8
DA:604,8
DA:605,8
DA:608,8
DA:609,8
DA:612,8
DA:615,8
DA:616,8
DA:617,8
DA:618,8
DA:619,8
DA:622,8
DA:623,8
DA:624,8
DA:627,8
DA:630,8
DA:631,8
DA:632,8
DA:633,8
DA:636,8
DA:637,8
DA:638,8
DA:641,8
DA:644,8
DA:647,8
DA:648,8
DA:649,8
DA:652,8
DA:655,8
DA:658,8
DA:659,8
DA:662,8
DA:665,8
DA:668,8
DA:671,8
DA:672,8
DA:675,8
DA:678,8
DA:679,8
DA:682,8
DA:685,8
DA:688,8
DA:689,8
DA:692,8
DA:693,8
DA:696,8
DA:697,8
DA:700,8
DA:701,8
DA:704,8
DA:705,8
DA:708,8
DA:709,8
DA:712,8
DA:713,8
DA:716,8
DA:717,8
DA:718,8
DA:719,8
DA:720,8
DA:721,8
DA:724,8
DA:727,8
DA:728,8
DA:731,8
DA:734,8
DA:737,8
DA:740,8
DA:741,8
DA:742,8
DA:743,8
DA:744,8
DA:747,8
DA:750,8
DA:753,8
DA:756,8
DA:759,8
DA:762,8
DA:765,8
DA:766,8
DA:767,8
DA:770,8
DA:771,8
DA:774,8
DA:775,8
DA:776,8
DA:777,8
DA:778,8
DA:781,8
DA:782,8
DA:783,8
DA:784,8
DA:785,8
DA:788,8
DA:791,8
DA:792,8
DA:793,8
DA:794,8
DA:795,8
DA:798,8
DA:799,8
DA:800,8
DA:801,8
DA:802,8
DA:803,8
DA:806,8
DA:807,8
LF:404
LH:387
end_of_record
SF:lib/generated/intl/messages_vi.dart
DA:16,0
DA:21,0
DA:23,0
DA:25,0
DA:27,0
DA:28,0
DA:30,0
DA:31,0
DA:33,0
DA:35,0
DA:37,0
DA:39,0
DA:41,0
DA:43,0
DA:45,0
DA:47,0
DA:49,0
DA:51,0
DA:53,0
DA:56,0
DA:57,0
DA:58,0
DA:59,0
DA:60,0
DA:63,0
DA:66,0
DA:68,0
DA:69,0
DA:70,0
DA:73,0
DA:74,0
DA:77,0
DA:78,0
DA:79,0
DA:80,0
DA:83,0
DA:84,0
DA:87,0
DA:90,0
DA:91,0
DA:92,0
DA:93,0
DA:96,0
DA:99,0
DA:100,0
DA:103,0
DA:106,0
DA:107,0
DA:108,0
DA:111,0
DA:114,0
DA:117,0
DA:118,0
DA:119,0
DA:122,0
DA:125,0
DA:128,0
DA:129,0
DA:130,0
DA:131,0
DA:132,0
DA:133,0
DA:134,0
DA:135,0
DA:136,0
DA:139,0
DA:140,0
DA:141,0
DA:142,0
DA:143,0
DA:144,0
DA:145,0
DA:146,0
DA:147,0
DA:148,0
DA:151,0
DA:154,0
DA:157,0
DA:160,0
DA:163,0
DA:166,0
DA:167,0
DA:168,0
DA:169,0
DA:170,0
DA:173,0
DA:176,0
DA:179,0
DA:182,0
DA:183,0
DA:186,0
DA:189,0
DA:192,0
DA:195,0
DA:196,0
DA:199,0
DA:200,0
DA:203,0
DA:206,0
DA:209,0
DA:213,0
DA:216,0
DA:217,0
DA:218,0
DA:220,0
DA:223,0
DA:224,0
DA:225,0
DA:226,0
DA:227,0
DA:230,0
DA:231,0
DA:234,0
DA:235,0
DA:238,0
DA:241,0
DA:244,0
DA:246,0
DA:249,0
DA:252,0
DA:253,0
DA:254,0
DA:255,0
DA:258,0
DA:261,0
DA:262,0
DA:263,0
DA:264,0
DA:265,0
DA:266,0
DA:269,0
DA:272,0
DA:273,0
DA:274,0
DA:277,0
DA:278,0
DA:281,0
DA:282,0
DA:283,0
DA:284,0
DA:285,0
DA:288,0
DA:289,0
DA:292,0
DA:293,0
DA:294,0
DA:295,0
DA:296,0
DA:299,0
DA:302,0
DA:305,0
DA:308,0
DA:309,0
DA:310,0
DA:311,0
DA:312,0
DA:313,0
DA:314,0
DA:315,0
DA:316,0
DA:319,0
DA:320,0
DA:321,0
DA:324,0
DA:325,0
DA:326,0
DA:327,0
DA:328,0
DA:331,0
DA:332,0
DA:333,0
DA:336,0
DA:339,0
DA:340,0
DA:341,0
DA:342,0
DA:343,0
DA:344,0
DA:347,0
DA:348,0
DA:349,0
DA:352,0
DA:355,0
DA:358,0
DA:361,0
DA:362,0
DA:363,0
DA:364,0
DA:365,0
DA:366,0
DA:369,0
DA:370,0
DA:373,0
DA:374,0
DA:376,0
DA:377,0
DA:378,0
DA:381,0
DA:384,0
DA:385,0
DA:386,0
DA:389,0
DA:392,0
DA:395,0
DA:398,0
DA:401,0
DA:404,0
DA:407,0
DA:410,0
DA:413,0
DA:416,0
DA:417,0
DA:418,0
DA:421,0
DA:422,0
DA:425,0
DA:428,0
DA:431,0
DA:434,0
DA:437,0
DA:438,0
DA:441,0
DA:444,0
DA:445,0
DA:446,0
DA:449,0
DA:452,0
DA:453,0
DA:456,0
DA:457,0
DA:458,0
DA:459,0
DA:460,0
DA:463,0
DA:466,0
DA:469,0
DA:470,0
DA:473,0
DA:474,0
DA:477,0
DA:480,0
DA:483,0
DA:486,0
DA:491,0
DA:493,0
DA:494,0
DA:495,0
DA:498,0
DA:499,0
DA:500,0
DA:501,0
DA:502,0
DA:503,0
DA:504,0
DA:507,0
DA:508,0
DA:511,0
DA:514,0
DA:515,0
DA:518,0
DA:519,0
DA:520,0
DA:521,0
DA:524,0
DA:525,0
DA:527,0
DA:528,0
DA:531,0
DA:532,0
DA:535,0
DA:538,0
DA:541,0
DA:544,0
DA:547,0
DA:550,0
DA:551,0
DA:554,0
DA:555,0
DA:558,0
DA:561,0
DA:564,0
DA:567,0
DA:568,0
DA:569,0
DA:572,0
DA:575,0
DA:576,0
DA:577,0
DA:578,0
DA:582,0
DA:583,0
DA:586,0
DA:587,0
DA:590,0
DA:593,0
DA:596,0
DA:597,0
DA:598,0
DA:602,0
DA:603,0
DA:606,0
DA:607,0
DA:610,0
DA:613,0
DA:614,0
DA:615,0
DA:616,0
DA:617,0
DA:620,0
DA:621,0
DA:622,0
DA:625,0
DA:628,0
DA:629,0
DA:630,0
DA:631,0
DA:634,0
DA:635,0
DA:636,0
DA:639,0
DA:642,0
DA:645,0
DA:648,0
DA:649,0
DA:652,0
DA:655,0
DA:658,0
DA:659,0
DA:662,0
DA:663,0
DA:666,0
DA:669,0
DA:670,0
DA:673,0
DA:676,0
DA:677,0
DA:680,0
DA:683,0
DA:686,0
DA:689,0
DA:692,0
DA:695,0
DA:698,0
DA:701,0
DA:704,0
DA:705,0
DA:708,0
DA:709,0
DA:712,0
DA:713,0
DA:716,0
DA:717,0
DA:720,0
DA:721,0
DA:722,0
DA:723,0
DA:724,0
DA:725,0
DA:728,0
DA:729,0
DA:730,0
DA:731,0
DA:734,0
DA:737,0
DA:740,0
DA:741,0
DA:742,0
DA:743,0
DA:744,0
DA:747,0
DA:750,0
DA:753,0
DA:754,0
DA:757,0
DA:760,0
DA:763,0
DA:764,0
DA:767,0
DA:770,0
DA:771,0
DA:774,0
DA:775,0
DA:776,0
DA:777,0
DA:780,0
DA:783,0
DA:784,0
DA:785,0
DA:786,0
DA:787,0
DA:790,0
DA:791,0
DA:792,0
DA:793,0
DA:794,0
DA:795,0
DA:798,0
DA:799,0
DA:800,0
DA:803,0
DA:804,0
DA:805,0
DA:808,0
DA:809,0
LF:404
LH:0
end_of_record
