SF:lib/core/config/runtime_config.dart
DA:8,0
DA:20,2
DA:22,1
DA:25,3
DA:27,0
DA:28,0
DA:31,1
DA:33,1
DA:35,1
DA:36,2
DA:40,1
DA:43,2
DA:48,2
DA:49,2
DA:52,2
DA:55,4
DA:56,4
LF:17
LH:14
end_of_record
SF:lib/core/network/resources/page_dto.dart
DA:17,2
DA:21,2
LF:2
LH:2
end_of_record
SF:lib/core/network/resources/page_dto.g.dart
DA:9,2
DA:12,2
DA:13,6
DA:14,4
DA:15,4
DA:16,4
DA:17,4
DA:18,2
DA:21,0
DA:24,0
DA:25,0
DA:26,0
DA:27,0
DA:28,0
DA:29,0
DA:30,0
LF:16
LH:8
end_of_record
SF:lib/core/utils/validators.dart
DA:2,1
DA:8,1
DA:11,1
DA:14,2
DA:17,2
DA:20,0
DA:26,1
DA:27,2
DA:28,4
DA:31,5
DA:32,5
DA:33,10
DA:36,3
DA:37,6
DA:40,0
DA:42,0
DA:43,0
DA:45,0
LF:18
LH:13
end_of_record
SF:lib/core/error/error_mapper.dart
DA:7,2
DA:8,2
DA:9,2
DA:10,0
DA:12,1
DA:15,2
DA:16,0
DA:18,2
DA:19,0
DA:21,2
DA:22,2
DA:24,1
DA:25,0
DA:29,1
DA:33,1
DA:38,1
DA:48,0
DA:49,0
DA:50,0
DA:51,0
DA:52,0
DA:54,0
DA:60,0
DA:61,0
DA:62,0
DA:63,0
DA:64,0
LF:27
LH:12
end_of_record
SF:lib/core/error/dio_exception_handler.dart
DA:6,1
DA:7,1
DA:8,1
DA:9,1
DA:10,1
DA:13,1
DA:14,0
DA:15,0
DA:17,0
DA:18,0
DA:19,0
DA:20,0
DA:25,0
DA:26,0
DA:27,0
DA:29,0
DA:31,0
DA:33,0
DA:36,0
DA:41,1
DA:44,1
DA:47,1
DA:50,1
DA:55,0
DA:56,0
DA:57,0
DA:58,0
DA:59,0
DA:60,0
DA:61,0
DA:62,0
DA:63,0
DA:64,0
DA:65,0
DA:66,0
LF:35
LH:10
end_of_record
SF:lib/core/usecases/usecase.dart
DA:9,7
LF:1
LH:1
end_of_record
SF:lib/features/auth/data/repositories_impl/auth_repository_impl.dart
DA:19,2
DA:21,1
DA:24,1
DA:25,1
DA:26,1
DA:27,1
DA:28,1
DA:29,1
DA:30,1
DA:32,2
DA:35,2
DA:36,3
DA:38,3
DA:40,1
DA:42,2
DA:45,0
DA:49,0
DA:54,0
DA:55,0
DA:56,0
DA:57,0
DA:58,0
DA:59,0
DA:60,0
DA:61,0
DA:63,0
DA:65,0
DA:66,0
DA:68,0
DA:70,0
DA:71,0
DA:73,0
DA:77,1
DA:84,1
DA:89,2
DA:91,2
DA:92,3
DA:95,2
DA:96,1
DA:97,2
DA:101,2
DA:102,3
DA:104,1
DA:105,0
DA:106,0
DA:108,0
DA:112,1
DA:115,2
DA:117,2
DA:118,3
DA:120,3
DA:122,0
DA:124,0
DA:127,0
DA:131,1
DA:134,2
DA:135,1
DA:136,0
DA:137,0
DA:139,0
LF:60
LH:34
end_of_record
SF:lib/core/network/resources/base_response_dto.dart
DA:14,9
DA:18,9
DA:22,3
DA:23,0
LF:4
LH:3
end_of_record
SF:lib/core/network/resources/base_response_dto.g.dart
DA:9,9
DA:12,9
DA:13,18
DA:14,9
DA:15,18
DA:18,0
DA:21,0
DA:22,0
DA:23,0
DA:24,0
DA:27,9
DA:30,8
DA:32,0
DA:35,0
LF:14
LH:7
end_of_record
SF:lib/features/auth/data/dtos/auth_response_dto.dart
DA:16,1
DA:17,1
DA:21,1
DA:22,3
DA:38,1
DA:39,1
LF:6
LH:6
end_of_record
SF:lib/features/auth/data/dtos/auth_response_dto.g.dart
DA:9,2
DA:10,1
DA:11,1
DA:12,1
DA:14,2
DA:17,0
DA:18,0
DA:19,0
DA:20,0
DA:21,0
DA:24,2
DA:25,2
DA:26,1
DA:27,1
DA:28,1
DA:30,0
DA:33,0
DA:34,0
DA:35,0
DA:36,0
DA:37,0
LF:21
LH:10
end_of_record
SF:lib/features/auth/domain/entities/auth_entity.dart
DA:6,6
LF:1
LH:1
end_of_record
SF:lib/features/auth/domain/usecases/login_usecase.dart
DA:12,3
DA:14,2
DA:16,4
DA:17,0
DA:20,4
DA:21,0
DA:26,4
DA:38,3
DA:47,1
DA:50,0
DA:51,0
DA:52,0
DA:55,0
DA:56,0
DA:58,0
DA:59,0
LF:16
LH:7
end_of_record
SF:lib/features/auth/domain/usecases/social_login_usecase.dart
DA:10,2
DA:12,1
DA:14,2
DA:27,1
LF:4
LH:4
end_of_record
SF:lib/features/auth/data/dtos/login_request_dto.dart
DA:17,0
DA:18,0
LF:2
LH:0
end_of_record
SF:lib/features/auth/data/dtos/login_request_dto.g.dart
DA:9,0
DA:10,0
DA:11,0
DA:12,0
DA:13,0
DA:14,0
DA:15,0
DA:16,0
DA:19,0
DA:20,0
DA:21,0
DA:22,0
DA:23,0
DA:24,0
DA:25,0
DA:26,0
LF:16
LH:0
end_of_record
SF:lib/features/auth/data/dtos/register_request_dto.dart
DA:15,0
DA:16,0
DA:28,1
DA:29,1
DA:39,0
DA:40,0
DA:53,1
DA:54,1
LF:8
LH:4
end_of_record
SF:lib/features/auth/data/dtos/register_request_dto.g.dart
DA:9,0
DA:10,0
DA:11,0
DA:12,0
DA:13,0
DA:14,0
DA:17,0
DA:18,0
DA:19,0
DA:20,0
DA:21,0
DA:22,0
DA:25,1
DA:27,1
DA:28,2
DA:29,1
DA:30,1
DA:31,1
DA:34,0
DA:36,0
DA:37,0
DA:38,0
DA:39,0
DA:40,0
DA:43,0
DA:45,0
DA:46,0
DA:47,0
DA:50,0
DA:52,0
DA:53,0
DA:54,0
DA:57,1
DA:59,1
DA:60,2
DA:61,2
DA:62,1
DA:63,1
DA:64,1
DA:67,0
DA:69,0
DA:70,0
DA:71,0
DA:72,0
DA:73,0
DA:74,0
LF:46
LH:13
end_of_record
SF:lib/features/auth/data/dtos/refresh_token_response_dto.dart
DA:15,1
DA:16,1
DA:24,1
DA:25,3
LF:4
LH:4
end_of_record
SF:lib/features/auth/data/dtos/refresh_token_response_dto.g.dart
DA:9,1
DA:10,1
DA:11,1
DA:12,1
DA:15,0
DA:17,0
DA:18,0
DA:19,0
LF:8
LH:4
end_of_record
SF:lib/features/profile/data/dtos/user_profile_dto.dart
DA:23,1
DA:24,1
DA:28,0
DA:29,0
DA:30,0
DA:31,0
DA:32,0
DA:33,0
DA:34,0
DA:35,0
DA:36,0
DA:37,0
DA:38,0
DA:39,0
DA:40,0
DA:42,0
DA:43,0
DA:48,0
DA:49,0
DA:50,0
DA:51,0
DA:52,0
DA:53,0
DA:54,0
DA:55,0
DA:56,0
DA:57,0
DA:58,0
DA:59,0
DA:60,0
DA:61,0
DA:62,0
DA:63,0
LF:33
LH:2
end_of_record
SF:lib/features/profile/data/dtos/user_profile_dto.g.dart
DA:9,1
DA:10,1
DA:11,2
DA:12,2
DA:13,1
DA:14,1
DA:15,1
DA:16,1
DA:17,1
DA:18,1
DA:19,1
DA:20,1
DA:21,1
DA:24,0
DA:25,0
DA:26,0
DA:27,0
DA:28,0
DA:29,0
DA:30,0
DA:31,0
DA:32,0
DA:33,0
DA:34,0
DA:35,0
DA:36,0
LF:26
LH:13
end_of_record
SF:lib/features/profile/data/dtos/update_profile_request_dto.dart
DA:16,0
DA:17,0
DA:21,0
DA:22,0
DA:23,0
DA:24,0
DA:25,0
DA:26,0
LF:8
LH:0
end_of_record
SF:lib/features/profile/data/dtos/update_profile_request_dto.g.dart
DA:9,0
DA:11,0
DA:12,0
DA:13,0
DA:14,0
DA:15,0
DA:18,0
DA:20,0
DA:21,0
DA:22,0
DA:23,0
DA:24,0
LF:12
LH:0
end_of_record
SF:lib/features/profile/data/datasources/profile_remote_datasource_impl.g.dart
DA:14,1
DA:22,1
DA:24,1
DA:25,1
DA:26,1
DA:28,1
DA:29,1
DA:30,1
DA:31,2
DA:36,6
DA:38,2
DA:41,1
DA:42,1
DA:43,2
DA:46,0
DA:52,1
DA:56,1
DA:57,1
DA:58,1
DA:59,1
DA:60,1
DA:61,1
DA:62,1
DA:63,1
DA:64,2
DA:69,6
DA:71,2
DA:74,1
DA:75,1
DA:76,2
DA:79,0
DA:85,1
DA:86,1
DA:87,2
DA:88,2
DA:89,1
DA:90,0
DA:92,1
DA:98,1
DA:99,0
DA:103,0
DA:105,0
DA:106,0
DA:109,0
LF:44
LH:36
end_of_record
SF:lib/features/profile/data/datasources/profile_remote_datasource_impl.dart
DA:29,0
DA:31,0
DA:34,0
DA:35,0
DA:36,0
DA:38,0
DA:39,0
DA:40,0
DA:42,0
DA:43,0
DA:47,0
DA:52,0
DA:53,0
DA:54,0
DA:56,0
DA:57,0
DA:58,0
DA:60,0
DA:61,0
LF:19
LH:0
end_of_record
SF:lib/core/constants/api_constants.dart
DA:4,0
DA:5,2
DA:26,1
DA:27,1
LF:4
LH:3
end_of_record
SF:lib/core/utils/logger/app_logger.dart
DA:7,36
DA:8,0
DA:12,24
DA:15,0
DA:16,0
DA:17,0
DA:18,0
DA:21,40
DA:22,36
DA:23,8
DA:24,3
DA:25,9
DA:27,0
DA:28,0
DA:29,0
DA:30,0
DA:31,0
LF:17
LH:7
end_of_record
SF:lib/features/profile/domain/entities/user_entity.dart
DA:16,2
DA:30,1
DA:43,1
DA:44,1
DA:45,1
DA:46,1
DA:47,1
DA:48,0
DA:49,0
DA:50,1
DA:51,1
DA:52,0
DA:53,1
DA:54,1
DA:58,0
DA:59,0
DA:60,0
DA:61,0
DA:62,0
DA:65,0
DA:66,0
DA:67,0
DA:69,0
DA:72,0
DA:77,0
DA:79,0
DA:80,0
DA:81,0
DA:82,0
DA:83,0
DA:85,0
DA:88,0
DA:89,0
DA:90,0
DA:91,0
DA:92,0
DA:93,0
DA:94,0
DA:95,0
DA:96,0
DA:97,0
DA:98,0
DA:99,0
DA:100,0
DA:103,0
DA:105,0
DA:106,0
DA:107,0
LF:48
LH:11
end_of_record
SF:lib/core/constants/order_constants.dart
DA:2,0
DA:23,0
LF:2
LH:0
end_of_record
SF:lib/core/network/_riverpod/authenticated_network_providers.g.dart
DA:15,0
DA:24,0
DA:25,0
DA:35,0
DA:36,0
DA:38,0
DA:41,0
DA:43,0
DA:45,0
DA:49,0
DA:50,0
DA:52,0
DA:57,0
LF:13
LH:0
end_of_record
SF:lib/core/network/_riverpod/authenticated_network_providers.dart
DA:10,0
DA:14,0
DA:15,0
DA:19,0
DA:23,0
DA:27,0
LF:6
LH:0
end_of_record
SF:lib/core/network/dio/dio_client.dart
DA:15,1
DA:16,1
DA:17,1
DA:24,2
DA:26,4
DA:27,1
DA:28,1
DA:29,1
DA:30,1
DA:32,1
LF:10
LH:10
end_of_record
SF:lib/core/network/dio/interceptors/auth_interceptor.dart
DA:16,1
DA:40,2
DA:47,1
DA:52,1
DA:53,2
DA:54,1
DA:55,3
DA:56,1
DA:59,2
DA:60,1
DA:63,1
DA:68,1
DA:69,1
DA:73,4
DA:74,1
DA:82,1
DA:83,1
DA:84,2
DA:85,1
DA:86,1
DA:92,2
DA:93,0
DA:94,0
DA:96,0
DA:97,0
DA:103,1
DA:104,1
DA:107,2
DA:108,1
DA:109,1
DA:113,1
DA:114,1
DA:116,1
DA:118,1
DA:119,1
DA:120,1
DA:122,1
DA:123,1
DA:125,1
DA:126,1
DA:129,1
DA:130,1
DA:131,1
DA:132,1
DA:133,0
DA:141,2
DA:145,1
DA:147,3
DA:149,2
DA:150,2
DA:151,2
DA:153,2
DA:154,2
DA:157,0
DA:160,1
DA:161,2
DA:162,1
DA:165,0
DA:168,0
DA:172,0
DA:179,1
DA:183,1
DA:184,4
DA:187,1
DA:190,4
DA:193,3
DA:197,3
DA:198,2
DA:201,1
DA:205,3
DA:206,2
DA:207,2
DA:210,1
DA:216,1
DA:217,3
DA:220,1
DA:221,1
DA:222,1
DA:223,1
DA:228,2
DA:229,1
DA:230,1
DA:231,2
DA:234,2
DA:235,2
DA:236,1
DA:237,0
DA:238,0
DA:239,0
DA:241,0
DA:249,1
LF:91
LH:78
end_of_record
SF:lib/core/network/dio/interceptors/logging_interceptor.dart
DA:6,0
DA:8,0
DA:9,0
DA:12,0
DA:14,0
DA:15,0
DA:16,0
DA:18,0
DA:21,0
DA:23,0
DA:24,0
DA:25,0
DA:26,0
DA:28,0
DA:31,0
DA:32,0
LF:16
LH:0
end_of_record
SF:lib/core/storage/adapter/hive_registry.dart
DA:16,0
DA:17,0
DA:18,0
DA:21,0
DA:22,0
DA:25,0
DA:26,0
DA:33,0
DA:34,0
DA:42,0
DA:43,0
DA:44,0
DA:45,0
LF:13
LH:0
end_of_record
SF:lib/features/profile/data/models/user_model.dart
DA:25,0
DA:26,0
DA:34,0
DA:36,0
DA:37,0
DA:38,0
DA:40,0
DA:41,0
DA:42,0
DA:43,0
DA:44,0
DA:45,0
DA:46,0
DA:47,0
DA:48,0
DA:49,0
DA:50,0
DA:51,0
DA:55,0
DA:58,0
DA:59,0
DA:60,0
DA:61,0
DA:62,0
DA:63,0
DA:64,0
DA:65,0
DA:66,0
DA:67,0
DA:68,0
DA:69,0
DA:70,0
DA:71,0
DA:72,0
DA:73,0
DA:74,0
DA:75,0
DA:76,0
DA:77,0
DA:78,0
DA:79,0
DA:80,0
DA:83,0
DA:84,0
DA:86,0
DA:89,0
DA:90,0
DA:91,0
DA:95,0
DA:96,0
DA:97,0
DA:98,0
DA:99,0
DA:100,0
DA:101,0
DA:102,0
DA:103,0
DA:104,0
DA:105,0
DA:106,0
DA:107,0
DA:111,0
DA:112,0
DA:113,0
DA:114,0
DA:115,0
DA:116,0
DA:117,0
DA:118,0
DA:119,0
DA:120,0
DA:121,0
DA:122,0
DA:123,0
LF:74
LH:0
end_of_record
SF:lib/features/profile/data/models/user_model.g.dart
DA:9,0
DA:10,0
DA:11,0
DA:12,0
DA:13,0
DA:14,0
DA:15,0
DA:16,0
DA:17,0
DA:18,0
DA:19,0
DA:20,0
DA:23,0
DA:24,0
DA:25,0
DA:26,0
DA:27,0
DA:28,0
DA:29,0
DA:30,0
DA:31,0
DA:32,0
DA:33,0
DA:34,0
DA:35,0
LF:25
LH:0
end_of_record
SF:lib/features/cart/data/adapters/cart_dto_adapter.dart
DA:11,0
DA:13,0
DA:14,0
DA:15,0
DA:17,0
DA:18,0
DA:19,0
DA:20,0
DA:24,0
DA:27,0
DA:28,0
DA:29,0
DA:30,0
DA:31,0
DA:32,0
DA:33,0
DA:36,0
DA:39,0
DA:40,0
DA:41,0
DA:43,0
DA:44,0
LF:22
LH:0
end_of_record
SF:lib/features/cart/data/adapters/cart_item_dto_adapter.dart
DA:10,0
DA:12,0
DA:13,0
DA:14,0
DA:16,0
DA:17,0
DA:18,0
DA:19,0
DA:20,0
DA:21,0
DA:22,0
DA:23,0
DA:24,0
DA:25,0
DA:29,0
DA:32,0
DA:33,0
DA:34,0
DA:35,0
DA:36,0
DA:37,0
DA:38,0
DA:39,0
DA:40,0
DA:41,0
DA:42,0
DA:43,0
DA:44,0
DA:45,0
DA:46,0
DA:47,0
DA:48,0
DA:49,0
DA:50,0
DA:53,0
DA:56,0
DA:57,0
DA:58,0
DA:60,0
DA:61,0
LF:40
LH:0
end_of_record
SF:lib/features/cart/data/dtos/cart_dto.dart
DA:18,0
DA:19,0
LF:2
LH:0
end_of_record
SF:lib/features/cart/data/dtos/cart_dto.g.dart
DA:9,0
DA:10,0
DA:11,0
DA:12,0
DA:13,0
DA:14,0
DA:17,0
DA:18,0
DA:19,0
DA:20,0
LF:10
LH:0
end_of_record
SF:lib/features/cart/data/dtos/cart_item_dto.dart
DA:23,0
DA:24,0
LF:2
LH:0
end_of_record
SF:lib/features/cart/data/dtos/cart_item_dto.g.dart
DA:9,0
DA:10,0
DA:11,0
DA:12,0
DA:13,0
DA:14,0
DA:15,0
DA:16,0
DA:17,0
DA:18,0
DA:21,0
DA:22,0
DA:23,0
DA:24,0
DA:25,0
DA:26,0
DA:27,0
DA:28,0
DA:29,0
DA:30,0
DA:31,0
LF:21
LH:0
end_of_record
SF:lib/features/cart/domain/entities/cart_entity.dart
DA:15,95
DA:18,1
DA:19,5
DA:22,18
DA:25,12
DA:28,6
DA:31,3
DA:32,9
DA:36,2
DA:38,10
DA:39,2
DA:46,0
DA:48,0
LF:13
LH:11
end_of_record
SF:lib/features/cart/domain/entities/cart_item_entity.dart
DA:21,9
DA:24,2
DA:32,2
DA:33,1
DA:37,2
DA:38,2
DA:39,2
DA:40,2
DA:42,2
DA:44,2
DA:51,8
DA:54,0
DA:55,0
DA:59,0
DA:60,0
DA:64,0
DA:65,0
DA:66,0
DA:67,0
DA:68,0
DA:72,0
DA:73,0
DA:74,0
DA:77,0
DA:78,0
DA:79,0
DA:80,0
LF:27
LH:11
end_of_record
SF:lib/features/restaurants/domain/entities/menu_item_entity.dart
DA:19,0
DA:20,0
DA:28,1
DA:35,1
DA:46,2
DA:47,4
DA:48,2
DA:49,4
DA:50,2
DA:51,4
DA:52,6
DA:53,4
DA:57,0
DA:58,0
DA:59,0
DA:61,0
DA:63,0
DA:70,318
DA:72,1
DA:74,1
DA:75,1
DA:77,0
DA:79,0
DA:82,0
DA:86,0
DA:87,0
LF:26
LH:14
end_of_record
SF:lib/features/restaurants/domain/entities/menu_item_entity.g.dart
DA:9,0
DA:10,0
DA:11,0
DA:12,0
DA:13,0
DA:14,0
DA:15,0
DA:16,0
DA:17,0
DA:18,0
DA:22,0
DA:23,0
DA:24,0
DA:25,0
DA:26,0
DA:27,0
DA:28,0
DA:29,0
DA:30,0
LF:19
LH:0
end_of_record
SF:lib/features/notification/domain/entities/notification_entity.dart
DA:18,2
DA:35,1
DA:51,1
DA:52,1
DA:53,1
DA:54,1
DA:55,1
DA:56,1
DA:57,1
DA:58,1
DA:59,0
DA:60,1
DA:61,1
DA:62,1
DA:63,1
DA:64,1
DA:65,1
LF:17
LH:16
end_of_record
SF:lib/features/orders/domain/entities/delivery_status.dart
DA:22,1
DA:25,2
DA:26,3
DA:34,0
DA:35,0
DA:38,0
DA:39,0
DA:42,0
DA:43,0
DA:45,0
DA:46,0
LF:11
LH:3
end_of_record
SF:lib/features/orders/domain/entities/delivery_tracking_entity.dart
DA:23,5
DA:43,0
DA:62,0
DA:63,0
DA:64,0
DA:65,0
DA:66,0
DA:67,0
DA:68,0
DA:69,0
DA:70,0
DA:71,0
DA:72,0
DA:73,0
DA:74,0
DA:75,0
DA:76,0
DA:77,0
DA:78,0
DA:79,0
LF:20
LH:1
end_of_record
SF:lib/features/orders/domain/entities/order_creation_command.dart
DA:6,19
DA:32,19
LF:2
LH:2
end_of_record
SF:lib/features/orders/domain/entities/order_entity.dart
DA:17,1
DA:18,2
DA:20,1
DA:21,1
DA:22,1
DA:23,1
DA:24,1
DA:28,1
DA:29,1
DA:30,1
DA:31,1
DA:32,1
DA:33,1
DA:34,1
DA:35,1
DA:39,1
DA:43,1
DA:45,1
DA:46,1
DA:47,1
DA:51,2
DA:56,0
DA:58,0
DA:60,0
DA:62,0
DA:64,0
DA:66,0
DA:82,1
DA:83,2
DA:84,1
DA:86,1
DA:88,1
DA:91,2
DA:96,1
DA:98,1
DA:100,0
DA:102,0
DA:137,7
DA:167,2
DA:168,2
DA:169,2
DA:171,2
DA:173,2
DA:175,1
DA:177,0
DA:183,0
DA:184,0
DA:185,0
DA:187,0
DA:189,0
DA:191,0
DA:193,0
DA:198,4
DA:199,4
DA:200,8
DA:201,6
DA:202,6
DA:205,3
DA:206,9
DA:210,3
DA:211,0
DA:214,3
DA:215,3
DA:216,3
DA:217,3
DA:218,3
DA:219,3
DA:220,3
DA:221,3
DA:222,3
DA:228,6
DA:231,0
DA:232,0
DA:233,0
DA:235,0
DA:237,0
DA:243,0
DA:271,0
DA:272,0
DA:273,0
DA:274,0
DA:275,0
DA:276,0
DA:277,0
DA:278,0
DA:279,0
DA:280,0
DA:281,0
DA:282,0
DA:283,0
DA:284,0
DA:285,0
DA:286,0
DA:288,0
DA:289,0
DA:290,0
DA:291,0
DA:292,0
DA:293,0
DA:294,0
DA:295,0
DA:296,0
DA:297,0
DA:298,0
DA:302,1
DA:305,4
DA:308,0
DA:309,0
DA:311,0
DA:313,0
DA:316,0
DA:317,0
DA:318,0
DA:319,0
DA:320,0
DA:321,0
DA:322,0
DA:323,0
DA:324,0
DA:325,0
DA:326,0
DA:327,0
DA:328,0
DA:329,0
DA:330,0
DA:331,0
DA:332,0
DA:333,0
DA:334,0
DA:335,0
DA:336,0
DA:337,0
DA:338,0
DA:339,0
DA:340,0
DA:341,0
DA:342,0
DA:343,0
LF:138
LH:56
end_of_record
SF:lib/features/orders/domain/entities/order_item_entity.dart
DA:10,19
DA:20,0
DA:22,0
DA:30,0
DA:31,0
DA:32,0
DA:33,0
DA:34,0
DA:35,0
DA:36,0
DA:40,0
DA:43,0
DA:44,0
DA:45,0
DA:46,0
DA:47,0
DA:48,0
DA:49,0
DA:52,0
DA:54,0
DA:55,0
DA:56,0
DA:57,0
DA:58,0
DA:59,0
DA:60,0
DA:64,0
DA:66,0
LF:28
LH:1
end_of_record
SF:lib/features/profile/application/profile_data_state.dart
DA:10,63
DA:13,0
DA:14,3
DA:15,0
DA:17,2
DA:24,2
DA:25,1
DA:26,2
DA:27,2
LF:9
LH:7
end_of_record
SF:lib/features/profile/application/profile_notifier.g.dart
DA:13,9
DA:17,3
DA:18,3
DA:28,3
DA:29,3
DA:31,3
DA:33,3
DA:36,0
DA:37,0
DA:39,0
DA:44,3
DA:48,3
DA:51,3
DA:53,3
DA:60,6
LF:15
LH:12
end_of_record
SF:lib/features/profile/application/profile_notifier.dart
DA:12,3
DA:17,2
DA:21,6
DA:22,2
DA:27,6
DA:28,2
DA:30,2
DA:31,1
DA:32,3
DA:34,2
DA:35,6
DA:40,1
DA:45,3
DA:46,1
DA:47,3
DA:49,0
DA:50,3
DA:54,3
DA:55,1
DA:57,1
DA:58,1
DA:59,3
DA:61,1
DA:62,3
DA:67,1
DA:68,3
DA:69,2
DA:71,1
DA:72,1
DA:75,1
DA:77,3
LF:31
LH:30
end_of_record
SF:lib/features/profile/domain/usecases/get_user_profile_usecase.dart
DA:11,2
DA:20,2
DA:22,2
DA:25,3
DA:26,1
DA:30,2
DA:33,1
DA:34,2
DA:36,1
DA:37,1
DA:42,0
DA:45,2
DA:46,4
LF:13
LH:12
end_of_record
SF:lib/features/profile/domain/usecases/update_user_profile_usecase.dart
DA:11,1
DA:18,1
DA:20,1
DA:26,1
DA:27,1
DA:28,1
DA:29,1
DA:30,1
DA:31,1
DA:34,0
DA:37,2
DA:38,4
DA:39,2
DA:40,1
LF:14
LH:13
end_of_record
SF:lib/features/profile/di/profile_providers.g.dart
DA:13,0
DA:23,0
DA:24,0
DA:34,0
DA:35,0
DA:37,0
DA:41,0
DA:43,0
DA:45,0
DA:49,0
DA:50,0
DA:52,0
DA:57,0
DA:60,0
DA:70,0
DA:71,0
DA:81,0
DA:82,0
DA:84,0
DA:88,0
DA:90,0
DA:92,0
DA:96,0
DA:97,0
DA:99,0
DA:104,0
DA:108,0
DA:118,0
DA:119,0
DA:129,0
DA:130,0
DA:132,0
DA:136,0
DA:138,0
DA:140,0
DA:144,0
DA:145,0
DA:147,0
DA:152,0
DA:156,6
DA:166,2
DA:167,2
DA:177,0
DA:178,0
DA:180,0
DA:184,0
DA:186,0
DA:188,0
DA:192,2
DA:193,2
DA:195,2
DA:200,0
DA:203,6
DA:213,2
DA:214,2
DA:224,2
DA:225,2
DA:227,2
DA:231,2
DA:233,2
DA:235,2
DA:239,0
DA:240,0
DA:242,0
DA:247,2
DA:251,3
DA:261,1
DA:262,1
DA:272,1
DA:273,1
DA:275,1
DA:279,1
DA:281,1
DA:283,1
DA:287,0
DA:288,0
DA:290,0
DA:295,1
DA:299,3
DA:309,1
DA:310,1
DA:320,1
DA:321,1
DA:323,1
DA:327,1
DA:329,1
DA:331,1
DA:335,0
DA:336,0
DA:338,0
DA:343,1
LF:91
LH:36
end_of_record
SF:lib/features/profile/di/profile_providers.dart
DA:14,0
DA:16,0
DA:17,0
DA:20,0
DA:22,0
DA:23,0
DA:26,0
DA:28,0
DA:31,0
DA:33,0
DA:34,0
DA:35,0
DA:41,2
DA:43,4
DA:44,2
DA:47,1
DA:49,2
DA:50,1
DA:53,1
DA:55,2
DA:56,1
LF:21
LH:9
end_of_record
SF:lib/features/profile/data/datasources/profile_local_datasource.dart
DA:16,0
DA:20,0
DA:21,0
DA:23,0
DA:26,0
DA:30,0
DA:34,0
DA:35,0
DA:37,0
DA:40,0
DA:44,0
DA:48,0
DA:49,0
DA:51,0
DA:54,0
LF:15
LH:0
end_of_record
SF:lib/features/profile/data/repositories_impl/profile_repository_impl.dart
DA:18,0
DA:23,0
DA:26,0
DA:28,0
DA:30,0
DA:31,0
DA:32,0
DA:35,0
DA:36,0
DA:38,0
DA:40,0
DA:41,0
DA:43,0
DA:45,0
DA:46,0
DA:47,0
DA:49,0
DA:50,0
DA:54,0
DA:57,0
DA:59,0
DA:60,0
DA:62,0
DA:63,0
DA:64,0
DA:67,0
DA:68,0
DA:70,0
DA:72,0
DA:73,0
DA:75,0
DA:77,0
DA:78,0
DA:79,0
DA:81,0
DA:82,0
DA:84,0
DA:88,0
DA:91,0
DA:93,0
DA:95,0
DA:96,0
DA:97,0
DA:98,0
DA:100,0
DA:102,0
DA:104,0
DA:105,0
DA:107,0
DA:108,0
DA:113,0
DA:114,0
DA:116,0
DA:120,0
DA:123,0
DA:125,0
DA:126,0
DA:128,0
DA:129,0
DA:130,0
DA:131,0
DA:133,0
DA:134,0
DA:135,0
DA:139,0
DA:140,0
DA:142,0
DA:146,0
DA:149,0
DA:151,0
DA:153,0
DA:154,0
DA:155,0
DA:156,0
DA:158,0
DA:160,0
DA:161,0
DA:162,0
DA:166,0
DA:167,0
DA:169,0
LF:81
LH:0
end_of_record
SF:lib/features/profile/domain/usecases/clear_profile_cache_usecase.dart
DA:9,1
DA:11,1
DA:13,2
LF:3
LH:3
end_of_record
SF:lib/features/user_address/domain/entities/user_address_entity.dart
DA:19,3
DA:38,1
DA:55,1
DA:56,1
DA:57,1
DA:58,1
DA:59,1
DA:60,1
DA:61,1
DA:62,1
DA:63,1
DA:64,1
DA:65,1
DA:66,1
DA:67,1
DA:68,0
DA:69,1
DA:70,1
DA:75,3
DA:76,15
DA:77,9
DA:78,3
DA:79,3
DA:83,3
DA:85,0
DA:88,0
DA:89,0
DA:90,0
DA:91,0
DA:92,0
DA:93,0
DA:94,0
DA:95,0
DA:96,0
DA:97,0
DA:98,0
DA:99,0
DA:100,0
DA:101,0
DA:104,1
DA:106,1
DA:107,1
DA:108,1
DA:109,1
DA:110,1
DA:111,1
DA:112,1
DA:113,1
DA:114,1
DA:115,1
DA:116,1
DA:117,1
DA:118,1
DA:119,1
DA:123,0
DA:125,0
LF:56
LH:38
end_of_record
SF:lib/features/auth/data/datasources/auth_remote_datasource_impl.dart
DA:50,1
DA:52,0
DA:55,0
DA:56,0
DA:57,0
DA:59,0
DA:60,0
DA:61,0
DA:63,0
DA:64,0
DA:68,0
DA:71,0
DA:72,0
DA:73,0
DA:74,0
DA:75,0
DA:78,0
DA:79,0
DA:80,0
DA:82,0
DA:83,0
DA:87,0
DA:92,0
DA:93,0
DA:94,0
DA:96,0
DA:97,0
DA:98,0
DA:100,0
DA:101,0
DA:105,0
DA:110,0
DA:111,0
DA:112,0
DA:114,0
DA:115,0
DA:116,0
DA:118,0
DA:119,0
DA:123,0
DA:126,0
DA:127,0
DA:130,0
DA:132,0
DA:133,0
DA:134,0
DA:136,0
DA:137,0
DA:141,0
DA:144,0
DA:145,0
DA:146,0
DA:148,0
DA:149,0
DA:150,0
DA:152,0
DA:153,0
LF:57
LH:1
end_of_record
SF:lib/features/auth/data/datasources/auth_remote_datasource_impl.g.dart
DA:14,2
DA:22,1
DA:24,1
DA:25,1
DA:26,1
DA:28,1
DA:29,1
DA:30,1
DA:31,2
DA:36,6
DA:38,2
DA:41,1
DA:42,1
DA:43,2
DA:46,0
DA:52,1
DA:56,1
DA:57,1
DA:58,1
DA:60,1
DA:61,1
DA:62,1
DA:63,2
DA:68,6
DA:70,2
DA:73,1
DA:74,1
DA:75,2
DA:78,0
DA:84,1
DA:88,1
DA:89,1
DA:90,1
DA:92,1
DA:93,1
DA:94,1
DA:95,2
DA:100,6
DA:102,2
DA:105,1
DA:106,1
DA:107,1
DA:108,1
DA:111,0
DA:117,1
DA:121,1
DA:122,1
DA:123,1
DA:125,1
DA:126,1
DA:127,1
DA:128,2
DA:133,6
DA:135,2
DA:138,1
DA:139,1
DA:140,1
DA:141,1
DA:144,0
DA:150,1
DA:154,1
DA:155,1
DA:156,1
DA:157,1
DA:158,1
DA:159,1
DA:160,1
DA:161,1
DA:162,2
DA:167,6
DA:169,2
DA:172,1
DA:173,1
DA:174,2
DA:177,0
DA:183,1
DA:185,1
DA:186,1
DA:187,1
DA:188,1
DA:189,1
DA:190,1
DA:191,1
DA:192,1
DA:193,2
DA:198,6
DA:200,2
DA:203,2
DA:205,0
DA:211,1
DA:212,1
DA:213,2
DA:214,2
DA:215,1
DA:216,0
DA:218,1
DA:224,1
DA:225,0
DA:229,0
DA:231,0
DA:232,0
DA:235,0
LF:102
LH:90
end_of_record
SF:lib/features/auth/data/dtos/social_login_request_dto.dart
DA:18,0
DA:19,0
LF:2
LH:0
end_of_record
SF:lib/features/auth/data/dtos/social_login_request_dto.g.dart
DA:9,0
DA:11,0
DA:12,0
DA:13,0
DA:14,0
DA:15,0
DA:16,0
DA:17,0
DA:18,0
DA:21,0
DA:23,0
DA:24,0
DA:25,0
DA:26,0
DA:27,0
DA:28,0
DA:29,0
DA:30,0
LF:18
LH:0
end_of_record
SF:lib/core/utils/logger/logger_impl.dart
DA:9,12
DA:10,12
DA:11,12
DA:21,10
DA:23,20
DA:26,9
DA:28,18
DA:31,2
DA:33,4
DA:36,3
DA:41,6
LF:11
LH:11
end_of_record
SF:lib/features/orders/data/datasources/order_api_service.g.dart
DA:14,1
DA:22,1
DA:27,1
DA:28,1
DA:29,1
DA:31,1
DA:32,1
DA:33,1
DA:34,2
DA:39,6
DA:41,2
DA:44,1
DA:45,1
DA:46,2
DA:48,2
DA:52,0
DA:58,1
DA:60,1
DA:61,1
DA:62,1
DA:64,1
DA:65,1
DA:66,1
DA:67,2
DA:68,1
DA:72,6
DA:74,2
DA:77,1
DA:78,1
DA:79,2
DA:82,0
DA:88,1
DA:92,1
DA:93,1
DA:94,1
DA:96,1
DA:97,1
DA:98,1
DA:99,2
DA:104,6
DA:106,2
DA:109,1
DA:110,1
DA:111,2
DA:114,0
DA:120,1
DA:124,1
DA:125,1
DA:126,1
DA:128,1
DA:129,1
DA:130,1
DA:131,2
DA:136,6
DA:138,2
DA:141,1
DA:142,1
DA:143,1
DA:144,1
DA:147,0
DA:153,1
DA:158,1
DA:159,1
DA:160,1
DA:161,1
DA:162,1
DA:163,1
DA:164,1
DA:165,1
DA:166,2
DA:167,1
DA:171,6
DA:173,2
DA:176,1
DA:177,1
DA:178,2
DA:181,0
DA:187,1
DA:188,1
DA:189,2
DA:190,2
DA:191,1
DA:192,0
DA:194,1
DA:200,1
DA:201,0
DA:205,0
DA:207,0
DA:208,0
DA:211,0
LF:90
LH:79
end_of_record
SF:lib/features/orders/data/dtos/order_dto.dart
DA:38,2
DA:39,2
DA:43,1
DA:44,1
DA:45,1
DA:46,2
DA:47,2
DA:48,2
DA:49,2
DA:50,2
DA:51,1
DA:52,1
DA:53,1
DA:54,1
DA:55,1
DA:57,1
DA:60,1
DA:63,1
DA:66,1
DA:67,1
DA:68,1
DA:71,1
DA:74,1
DA:75,1
DA:76,1
DA:78,1
DA:79,1
DA:82,1
DA:85,1
DA:88,3
DA:92,1
DA:94,2
DA:95,1
DA:104,1
DA:106,3
DA:107,1
DA:108,1
DA:109,1
DA:110,1
DA:111,1
DA:112,1
DA:115,1
DA:116,1
DA:117,1
DA:118,1
DA:119,1
DA:120,1
DA:124,1
DA:125,2
LF:49
LH:49
end_of_record
SF:lib/features/orders/data/dtos/order_dto.g.dart
DA:9,4
DA:10,4
DA:11,2
DA:12,2
DA:13,2
DA:14,2
DA:15,2
DA:16,4
DA:17,4
DA:18,4
DA:19,4
DA:20,2
DA:21,2
DA:22,6
DA:23,2
DA:24,2
DA:26,4
DA:27,2
DA:29,2
DA:30,2
DA:32,0
DA:33,3
DA:34,2
DA:35,4
DA:36,2
DA:37,2
DA:38,2
DA:39,3
DA:40,3
DA:41,3
DA:42,3
DA:45,0
DA:46,0
DA:47,0
DA:48,0
DA:49,0
DA:50,0
DA:51,0
DA:52,0
DA:53,0
DA:54,0
DA:55,0
DA:56,0
DA:57,0
DA:58,0
DA:59,0
DA:60,0
DA:61,0
DA:62,0
DA:63,0
DA:64,0
DA:65,0
DA:66,0
DA:67,0
DA:68,0
DA:69,0
DA:70,0
LF:57
LH:30
end_of_record
SF:lib/features/orders/data/dtos/create_order_request_dto.dart
DA:15,0
DA:16,0
DA:34,0
DA:35,0
LF:4
LH:0
end_of_record
SF:lib/features/orders/data/dtos/create_order_request_dto.g.dart
DA:9,0
DA:10,0
DA:11,0
DA:12,0
DA:13,0
DA:14,0
DA:17,0
DA:18,0
DA:19,0
DA:20,0
DA:21,0
DA:22,0
DA:25,0
DA:27,0
DA:28,0
DA:29,0
DA:30,0
DA:31,0
DA:32,0
DA:33,0
DA:34,0
DA:35,0
DA:36,0
DA:37,0
DA:38,0
DA:39,0
DA:40,0
DA:41,0
DA:44,0
DA:46,0
DA:47,0
DA:48,0
DA:49,0
DA:50,0
DA:51,0
DA:52,0
DA:53,0
DA:54,0
DA:55,0
DA:56,0
LF:40
LH:0
end_of_record
SF:lib/features/orders/data/dtos/checkout_preview_dto.dart
DA:16,0
DA:17,0
DA:31,0
DA:32,0
DA:48,1
DA:49,1
DA:61,0
DA:62,0
DA:82,1
DA:83,1
DA:87,4
DA:88,8
DA:89,12
DA:90,8
DA:94,4
DA:95,8
DA:96,4
DA:97,4
DA:98,4
DA:99,4
DA:100,4
DA:102,8
DA:104,4
DA:107,8
DA:110,4
DA:111,4
DA:114,12
DA:117,16
DA:121,4
DA:122,8
DA:123,8
DA:124,8
DA:125,8
DA:128,12
DA:133,8
DA:134,4
DA:135,8
DA:136,4
DA:137,4
DA:138,4
DA:140,4
DA:141,4
DA:142,8
DA:144,4
DA:146,4
DA:147,4
DA:149,4
DA:151,4
DA:152,8
DA:155,4
DA:158,4
DA:159,4
DA:160,4
DA:162,4
DA:163,4
DA:164,4
DA:165,4
DA:167,8
DA:175,4
DA:176,4
DA:177,4
DA:178,4
DA:179,4
DA:180,4
DA:181,4
DA:184,4
DA:185,8
DA:188,4
DA:189,12
LF:69
LH:63
end_of_record
SF:lib/features/orders/data/dtos/checkout_preview_dto.g.dart
DA:9,0
DA:11,0
DA:12,0
DA:13,0
DA:14,0
DA:17,0
DA:19,0
DA:20,0
DA:21,0
DA:22,0
DA:25,0
DA:27,0
DA:28,0
DA:29,0
DA:30,0
DA:31,0
DA:32,0
DA:33,0
DA:34,0
DA:35,0
DA:37,0
DA:40,0
DA:42,0
DA:43,0
DA:44,0
DA:45,0
DA:46,0
DA:47,0
DA:48,0
DA:51,1
DA:52,1
DA:53,2
DA:54,1
DA:55,1
DA:56,2
DA:57,2
DA:58,2
DA:61,0
DA:62,0
DA:63,0
DA:64,0
DA:65,0
DA:66,0
DA:67,0
DA:68,0
DA:71,0
DA:72,0
DA:73,0
DA:74,0
DA:75,0
DA:76,0
DA:79,0
DA:80,0
DA:81,0
DA:82,0
DA:83,0
DA:84,0
DA:87,1
DA:89,1
DA:90,2
DA:91,1
DA:92,1
DA:93,3
DA:94,1
DA:95,2
DA:96,2
DA:97,2
DA:98,2
DA:99,1
DA:100,1
DA:101,1
DA:102,1
DA:103,1
DA:104,1
DA:105,1
DA:106,1
DA:107,1
DA:110,0
DA:112,0
DA:113,0
DA:114,0
DA:115,0
DA:116,0
DA:117,0
DA:118,0
DA:119,0
DA:120,0
DA:121,0
DA:122,0
DA:123,0
DA:124,0
LF:91
LH:28
end_of_record
SF:lib/features/orders/data/dtos/order_item_dto.dart
DA:18,2
DA:19,2
DA:23,1
DA:24,2
DA:25,2
DA:26,1
DA:27,2
DA:28,2
DA:29,2
DA:32,1
DA:33,1
DA:34,1
DA:36,1
DA:37,1
DA:38,1
LF:15
LH:15
end_of_record
SF:lib/features/orders/data/dtos/order_item_dto.g.dart
DA:9,2
DA:10,2
DA:11,4
DA:12,4
DA:13,2
DA:14,4
DA:15,4
DA:16,2
DA:19,0
DA:20,0
DA:21,0
DA:22,0
DA:23,0
DA:24,0
DA:25,0
DA:26,0
LF:16
LH:8
end_of_record
SF:lib/core/network/socket/socket_client.dart
DA:25,2
DA:33,0
DA:36,0
DA:39,3
DA:42,1
DA:43,1
DA:44,0
DA:47,1
DA:48,0
DA:52,4
DA:53,1
DA:55,1
DA:56,1
DA:57,3
DA:61,0
DA:62,0
DA:63,0
DA:66,0
DA:67,0
DA:70,0
DA:71,0
DA:74,0
DA:75,0
DA:77,0
DA:78,0
DA:79,0
DA:82,0
DA:83,0
DA:86,0
DA:87,0
DA:88,0
DA:89,0
DA:90,0
DA:91,0
DA:93,0
DA:95,0
DA:96,0
DA:97,0
DA:98,0
DA:99,0
DA:100,0
DA:104,0
DA:109,0
DA:112,0
DA:114,0
DA:115,0
DA:116,0
DA:121,0
DA:122,0
DA:123,0
DA:125,0
DA:127,0
DA:128,0
DA:129,0
DA:130,0
DA:136,0
DA:137,0
DA:138,0
DA:140,0
DA:145,0
DA:146,0
DA:150,1
DA:151,4
DA:153,1
DA:154,1
DA:155,1
DA:157,1
DA:158,1
DA:160,1
DA:161,4
DA:165,1
DA:166,1
DA:168,4
DA:169,1
DA:171,1
DA:172,1
DA:173,1
DA:175,2
DA:176,2
DA:178,4
DA:182,1
DA:183,2
DA:184,3
DA:185,0
DA:186,0
DA:191,0
DA:193,0
DA:195,0
DA:197,0
DA:199,0
DA:200,0
DA:205,0
DA:206,0
DA:208,0
DA:209,0
DA:210,0
DA:213,0
DA:214,0
DA:216,0
DA:217,0
DA:218,0
DA:220,0
DA:223,0
DA:224,0
DA:231,0
DA:232,0
DA:233,0
DA:234,0
DA:235,0
DA:238,0
DA:242,2
DA:243,2
DA:244,2
LF:113
LH:35
end_of_record
SF:lib/features/orders/domain/entities/shipper_location_entity.dart
DA:13,1
DA:25,0
DA:36,0
DA:37,0
DA:38,0
DA:39,0
DA:40,0
DA:41,0
DA:42,0
DA:43,0
DA:44,0
DA:45,0
DA:49,1
DA:53,0
DA:54,0
DA:55,0
DA:56,0
DA:57,0
DA:58,0
DA:59,0
DA:60,0
DA:61,0
DA:62,0
DA:65,0
DA:67,0
DA:68,0
DA:69,0
DA:70,0
DA:71,0
DA:72,0
DA:73,0
DA:74,0
DA:75,0
DA:78,0
DA:80,0
LF:35
LH:2
end_of_record
SF:lib/features/orders/data/datasources/shipper_location_socket_datasource.dart
DA:22,1
DA:24,0
DA:25,0
DA:27,0
DA:28,0
DA:30,0
DA:32,0
DA:34,1
DA:37,1
DA:40,1
DA:41,5
DA:42,2
DA:46,1
DA:50,2
DA:51,2
DA:55,4
DA:56,1
DA:61,0
DA:66,0
DA:68,0
DA:69,0
DA:70,0
DA:73,1
DA:76,1
DA:77,1
DA:80,2
DA:82,2
DA:88,2
DA:89,1
DA:90,1
DA:93,0
DA:94,0
DA:95,0
DA:101,1
DA:104,1
DA:105,1
DA:108,2
DA:109,2
DA:111,2
DA:116,2
DA:118,1
DA:119,1
DA:122,0
DA:123,0
DA:129,1
DA:131,3
DA:132,2
DA:133,1
DA:137,1
DA:139,2
DA:142,1
DA:144,1
DA:146,2
DA:147,2
DA:148,2
DA:149,2
DA:150,2
DA:155,1
DA:161,0
DA:166,0
DA:167,0
DA:168,0
DA:172,0
DA:173,0
DA:175,0
DA:178,0
DA:179,0
DA:182,0
DA:183,0
DA:188,0
DA:189,0
DA:195,1
DA:196,2
DA:197,0
DA:198,0
DA:201,0
DA:202,0
DA:204,0
DA:205,0
DA:211,1
DA:213,0
DA:214,0
DA:215,0
DA:219,1
DA:221,1
DA:222,0
DA:223,0
DA:227,1
DA:229,2
DA:230,0
DA:234,1
DA:236,1
DA:238,2
DA:239,1
DA:240,2
DA:242,2
DA:243,2
DA:245,2
DA:246,2
DA:249,2
DA:250,2
LF:101
LH:60
end_of_record
SF:lib/core/theme/app_theme.dart
DA:20,3
DA:23,0
DA:24,0
DA:25,0
DA:27,0
DA:29,0
DA:35,0
DA:36,0
DA:38,0
DA:39,0
DA:40,0
DA:41,0
DA:42,0
DA:43,0
DA:44,0
DA:45,0
DA:46,0
DA:47,0
DA:52,0
DA:53,0
DA:54,0
DA:55,0
DA:56,0
DA:57,0
DA:58,0
DA:59,0
DA:62,0
DA:63,0
DA:67,0
DA:70,0
DA:71,0
DA:72,0
DA:74,0
DA:75,0
DA:76,0
DA:82,0
DA:83,0
DA:89,0
DA:90,0
DA:91,0
DA:92,0
DA:93,0
DA:94,0
DA:96,0
DA:104,0
DA:108,0
DA:109,0
DA:110,0
DA:111,0
DA:112,0
DA:113,0
DA:121,0
DA:125,0
DA:126,0
DA:127,0
DA:128,0
DA:129,0
DA:137,0
DA:142,0
DA:143,0
DA:145,0
DA:147,0
DA:149,0
DA:151,0
DA:153,0
DA:155,0
DA:157,0
DA:159,0
DA:161,0
DA:163,0
DA:165,0
DA:169,0
DA:170,0
DA:171,0
DA:173,0
DA:174,0
DA:175,0
DA:177,0
DA:178,0
DA:179,0
DA:184,0
DA:185,0
DA:186,0
DA:187,0
DA:189,0
DA:190,0
DA:191,0
DA:193,0
DA:194,0
DA:195,0
DA:197,0
DA:198,0
DA:199,0
DA:201,0
DA:202,0
DA:203,0
DA:205,0
DA:206,0
DA:207,0
DA:209,0
DA:210,0
DA:211,0
DA:213,0
DA:214,0
DA:215,0
DA:217,0
DA:218,0
DA:219,0
DA:221,0
DA:222,0
DA:223,0
DA:225,0
DA:226,0
DA:227,0
DA:229,0
DA:230,0
DA:231,0
DA:233,0
DA:234,0
DA:235,0
DA:237,0
DA:238,0
DA:239,0
DA:241,0
DA:242,0
DA:243,0
DA:248,0
DA:249,0
DA:250,0
DA:251,0
DA:254,0
DA:255,0
DA:259,0
DA:260,0
DA:261,0
DA:262,0
DA:263,0
DA:264,0
DA:265,0
DA:270,0
DA:271,0
DA:277,0
DA:278,0
DA:283,0
DA:284,0
DA:285,0
DA:286,0
DA:288,0
DA:290,0
DA:291,0
DA:292,0
DA:294,0
DA:299,0
DA:300,0
DA:301,0
DA:302,0
DA:304,0
DA:306,0
DA:310,0
DA:311,0
DA:312,0
DA:313,0
DA:315,0
DA:320,0
DA:321,0
DA:322,0
DA:323,0
DA:324,0
DA:331,0
DA:332,0
DA:333,0
DA:334,0
DA:335,0
DA:337,0
DA:338,0
DA:339,0
DA:348,0
DA:349,0
DA:353,9
DA:355,3
DA:358,9
DA:360,3
DA:363,3
DA:365,1
DA:369,3
DA:371,3
DA:372,3
DA:373,3
DA:374,3
DA:375,1
DA:376,1
DA:381,0
DA:384,0
DA:385,0
DA:386,0
DA:387,0
DA:391,0
LF:197
LH:14
end_of_record
SF:lib/core/theme/theme_provider.g.dart
DA:14,9
DA:19,3
DA:20,3
DA:30,3
DA:31,3
DA:33,3
DA:35,3
DA:38,0
DA:39,0
DA:41,0
DA:46,3
DA:52,3
DA:55,3
DA:57,3
DA:64,6
DA:71,0
DA:79,0
DA:80,0
DA:90,0
DA:91,0
DA:93,0
DA:96,0
DA:98,0
DA:100,0
DA:104,0
DA:105,0
DA:107,0
DA:112,0
DA:115,0
DA:120,0
DA:121,0
DA:131,0
DA:132,0
DA:134,0
DA:137,0
DA:139,0
DA:141,0
DA:145,0
DA:146,0
DA:148,0
DA:153,0
DA:156,6
DA:160,2
DA:161,2
DA:171,2
DA:172,2
DA:174,2
DA:177,2
DA:179,2
DA:181,2
DA:185,0
DA:186,0
DA:188,0
DA:193,2
DA:196,0
DA:200,0
DA:201,0
DA:211,0
DA:212,0
DA:214,0
DA:217,0
DA:219,0
DA:221,0
DA:225,0
DA:226,0
DA:228,0
DA:233,0
LF:67
LH:22
end_of_record
SF:lib/core/theme/theme_provider.dart
DA:15,0
DA:20,0
DA:22,0
DA:24,0
DA:25,0
DA:30,0
DA:32,0
DA:39,0
DA:40,0
DA:42,0
DA:44,0
DA:50,9
DA:51,0
DA:57,3
DA:59,12
DA:61,0
DA:62,3
DA:66,3
DA:67,6
DA:70,12
DA:75,3
DA:76,9
DA:79,3
DA:83,0
DA:86,0
DA:89,0
DA:93,0
DA:95,0
DA:98,0
DA:100,0
DA:103,2
DA:105,8
DA:108,0
DA:110,0
LF:34
LH:12
end_of_record
SF:lib/features/orders/data/datasources/restaurant_rating_api_service.g.dart
DA:14,1
DA:22,1
DA:27,1
DA:28,1
DA:29,1
DA:31,1
DA:32,1
DA:33,1
DA:34,2
DA:35,1
DA:39,6
DA:41,2
DA:44,1
DA:45,1
DA:46,1
DA:49,0
DA:55,1
DA:56,1
DA:57,2
DA:58,2
DA:59,1
DA:60,0
DA:62,1
DA:68,1
DA:69,0
DA:73,0
DA:75,0
DA:76,0
DA:79,0
LF:29
LH:22
end_of_record
SF:lib/features/orders/data/dtos/restaurant_rating_request_dto.dart
DA:14,0
DA:15,0
LF:2
LH:0
end_of_record
SF:lib/features/orders/data/dtos/restaurant_rating_request_dto.g.dart
DA:9,0
DA:11,0
DA:12,0
DA:13,0
DA:14,0
DA:17,0
DA:19,0
DA:20,0
DA:21,0
DA:22,0
LF:10
LH:0
end_of_record
SF:lib/features/orders/data/datasources/refund_api_service.g.dart
DA:14,1
DA:22,1
DA:26,1
DA:27,1
DA:28,1
DA:30,1
DA:31,1
DA:32,1
DA:33,2
DA:38,6
DA:40,2
DA:43,1
DA:44,1
DA:45,2
DA:47,1
DA:48,2
DA:50,1
DA:51,0
DA:54,0
DA:60,1
DA:61,1
DA:62,2
DA:63,2
DA:64,1
DA:65,0
DA:67,1
DA:73,1
DA:74,0
DA:78,0
DA:80,0
DA:81,0
DA:84,0
LF:32
LH:24
end_of_record
SF:lib/features/orders/data/dtos/refund_case_dto.dart
DA:2,1
DA:26,1
DA:27,1
DA:28,1
DA:29,1
DA:30,1
DA:31,1
DA:32,1
DA:33,1
DA:34,1
DA:35,1
DA:36,1
DA:37,1
DA:41,1
DA:42,1
DA:43,4
DA:44,0
DA:47,1
DA:48,1
DA:50,1
DA:51,0
DA:52,0
DA:55,1
DA:56,0
DA:59,1
DA:60,1
DA:62,2
DA:63,0
DA:66,2
DA:67,0
DA:70,1
DA:71,1
DA:73,1
DA:74,0
DA:76,1
DA:78,0
LF:36
LH:28
end_of_record
SF:lib/features/orders/data/dtos/current_delivery_dto.dart
DA:27,1
DA:49,1
DA:50,1
DA:51,2
DA:52,2
DA:53,2
DA:54,1
DA:55,2
DA:56,2
DA:57,2
DA:58,2
DA:59,1
DA:60,1
DA:61,1
DA:62,1
DA:63,1
DA:64,1
DA:65,1
DA:66,1
DA:67,1
DA:68,1
DA:69,1
DA:73,0
DA:74,0
DA:75,0
DA:76,0
DA:77,0
DA:78,0
DA:79,0
DA:80,0
DA:81,0
DA:82,0
DA:83,0
DA:84,0
DA:85,0
DA:86,0
DA:87,0
DA:88,0
DA:89,0
DA:90,0
DA:91,0
DA:92,0
DA:93,0
DA:100,1
DA:101,1
DA:102,1
DA:103,2
DA:104,2
DA:105,2
DA:107,1
DA:110,1
DA:113,3
DA:119,1
DA:122,1
DA:125,3
DA:128,3
DA:131,2
DA:132,0
DA:137,1
DA:140,1
DA:143,1
DA:144,1
DA:146,1
DA:147,1
DA:148,1
DA:149,1
DA:150,2
DA:151,2
DA:152,2
DA:153,1
DA:154,0
DA:156,1
DA:160,1
DA:163,1
DA:164,1
DA:165,1
DA:166,1
DA:167,1
DA:168,1
DA:171,1
DA:173,0
DA:176,0
DA:177,0
DA:179,0
LF:84
LH:57
end_of_record
SF:lib/features/orders/data/datasources/delivery_tracking_remote_datasource_impl.g.dart
DA:14,1
DA:22,1
DA:26,1
DA:27,1
DA:28,1
DA:30,1
DA:31,1
DA:32,1
DA:33,2
DA:34,1
DA:38,6
DA:40,2
DA:43,1
DA:44,1
DA:45,0
DA:48,0
DA:54,1
DA:55,1
DA:56,2
DA:57,2
DA:58,1
DA:59,0
DA:61,1
DA:67,1
DA:68,0
DA:72,0
DA:74,0
DA:75,0
DA:78,0
LF:29
LH:21
end_of_record
SF:lib/features/orders/data/datasources/delivery_tracking_remote_datasource_impl.dart
DA:29,0
DA:31,0
DA:36,0
DA:37,0
DA:38,0
DA:39,0
DA:42,0
DA:43,0
DA:44,0
DA:46,0
DA:47,0
LF:11
LH:0
end_of_record
SF:lib/features/orders/data/services/mapbox_map_service.dart
DA:14,0
DA:15,0
DA:18,6
DA:19,0
DA:27,1
DA:29,1
DA:34,1
DA:40,2
DA:41,1
DA:42,1
DA:46,3
DA:47,3
DA:50,3
DA:52,1
DA:55,2
DA:56,1
DA:58,0
DA:59,0
LF:18
LH:13
end_of_record
SF:lib/features/orders/application/state/tracking/delivery_tracking_notifier.g.dart
DA:14,15
DA:20,5
DA:21,5
DA:31,4
DA:32,4
DA:34,4
DA:36,4
DA:39,1
DA:40,1
DA:42,1
DA:47,4
DA:53,4
DA:56,4
DA:58,4
DA:65,8
LF:15
LH:15
end_of_record
SF:lib/features/orders/application/state/tracking/delivery_tracking_notifier.dart
DA:21,4
DA:23,12
DA:24,5
DA:25,4
DA:31,3
DA:35,8
DA:36,2
DA:40,6
DA:41,3
DA:43,12
DA:44,6
DA:45,3
DA:50,0
DA:51,0
DA:52,0
DA:53,0
DA:54,0
DA:57,3
DA:58,3
DA:59,3
DA:60,12
DA:61,6
DA:62,6
DA:63,3
DA:65,2
DA:69,1
DA:70,1
DA:71,4
DA:81,3
DA:82,6
DA:83,6
DA:84,3
DA:85,3
DA:88,0
DA:89,0
DA:90,0
DA:94,0
DA:95,0
DA:99,3
DA:104,3
DA:106,6
DA:109,6
DA:111,3
DA:112,12
DA:115,6
DA:116,3
DA:118,3
DA:119,3
DA:122,3
DA:123,1
DA:124,3
DA:125,3
DA:126,4
DA:129,3
DA:130,6
DA:131,9
DA:132,7
DA:133,12
DA:139,6
DA:140,2
DA:141,3
DA:147,0
DA:148,0
DA:149,0
DA:151,0
DA:152,0
DA:160,3
DA:162,3
DA:163,4
DA:164,4
DA:165,2
DA:166,0
DA:172,2
DA:173,2
DA:178,6
DA:182,4
DA:184,6
DA:187,0
DA:191,6
DA:192,2
DA:197,2
DA:198,4
DA:199,4
DA:200,2
DA:202,2
DA:203,2
DA:205,10
DA:206,2
DA:207,2
DA:209,4
DA:210,8
DA:211,2
DA:212,4
DA:218,0
LF:94
LH:76
end_of_record
SF:lib/features/orders/application/state/tracking/delivery_tracking_state.dart
DA:10,47
DA:21,0
DA:22,0
LF:3
LH:1
end_of_record
SF:lib/features/orders/di/delivery_tracking_providers.dart
DA:22,43
DA:24,0
DA:29,0
DA:30,0
DA:36,0
DA:40,0
DA:41,0
DA:44,9
DA:45,0
DA:49,0
DA:50,0
DA:51,0
DA:54,0
DA:55,0
DA:56,0
DA:60,9
DA:61,0
DA:62,0
DA:63,0
DA:65,0
DA:69,12
DA:72,6
DA:73,3
LF:23
LH:6
end_of_record
SF:lib/features/orders/domain/usecases/get_current_delivery_usecase.dart
DA:11,3
DA:13,3
DA:16,6
DA:17,0
DA:20,9
DA:28,3
DA:30,0
DA:31,0
LF:8
LH:5
end_of_record
SF:lib/features/orders/data/repositories/delivery_tracking_repository_impl.dart
DA:14,0
DA:16,0
DA:21,0
DA:23,0
DA:25,0
DA:26,0
DA:27,0
DA:28,0
DA:30,0
DA:32,0
DA:33,0
DA:35,0
DA:36,0
DA:37,0
DA:39,0
DA:40,0
LF:16
LH:0
end_of_record
SF:lib/features/orders/application/order_reorder_builder.dart
DA:6,3
DA:7,3
DA:8,6
DA:10,3
DA:13,3
DA:16,6
DA:20,3
DA:21,6
DA:22,6
DA:23,6
DA:24,3
DA:25,6
DA:26,6
DA:27,6
DA:31,3
DA:32,3
DA:34,3
DA:35,3
DA:38,3
DA:41,3
LF:20
LH:20
end_of_record
SF:lib/features/user_address/data/datasources/user_address_api_service.g.dart
DA:14,1
DA:22,1
DA:26,1
DA:27,1
DA:28,1
DA:31,1
DA:32,1
DA:33,1
DA:34,2
DA:35,1
DA:39,1
DA:40,5
DA:43,2
DA:46,1
DA:47,1
DA:48,2
DA:50,1
DA:51,2
DA:55,1
DA:56,0
DA:59,0
DA:65,1
DA:69,1
DA:70,1
DA:71,1
DA:73,1
DA:74,1
DA:75,1
DA:76,2
DA:77,1
DA:81,6
DA:83,2
DA:86,1
DA:87,1
DA:88,2
DA:91,0
DA:97,1
DA:102,1
DA:103,1
DA:104,1
DA:106,1
DA:107,1
DA:108,1
DA:109,2
DA:110,1
DA:114,6
DA:116,2
DA:119,1
DA:120,1
DA:121,2
DA:124,0
DA:130,1
DA:135,1
DA:136,1
DA:137,1
DA:139,1
DA:140,1
DA:141,1
DA:142,2
DA:143,1
DA:147,6
DA:149,2
DA:152,1
DA:153,1
DA:154,2
DA:157,0
DA:163,1
DA:165,1
DA:166,1
DA:167,1
DA:169,1
DA:170,1
DA:171,1
DA:172,2
DA:173,1
DA:177,6
DA:179,2
DA:182,2
DA:184,0
DA:190,1
DA:194,1
DA:195,1
DA:196,1
DA:198,1
DA:199,1
DA:200,1
DA:201,2
DA:202,1
DA:206,6
DA:208,2
DA:211,1
DA:212,1
DA:213,2
DA:216,0
DA:222,1
DA:223,1
DA:224,2
DA:225,2
DA:226,1
DA:227,0
DA:229,1
DA:235,1
DA:236,0
DA:240,0
DA:242,0
DA:243,0
DA:246,0
LF:107
LH:94
end_of_record
SF:lib/features/user_address/data/dtos/user_address_request_dto.dart
DA:22,0
DA:23,0
LF:2
LH:0
end_of_record
SF:lib/features/user_address/data/dtos/user_address_request_dto.g.dart
DA:9,0
DA:11,0
DA:12,0
DA:13,0
DA:14,0
DA:15,0
DA:16,0
DA:17,0
DA:18,0
DA:19,0
DA:20,0
DA:21,0
DA:22,0
DA:25,1
DA:27,1
DA:28,1
DA:29,1
DA:30,1
DA:31,1
DA:32,1
DA:33,1
DA:34,1
DA:35,1
DA:36,1
DA:37,1
DA:38,1
LF:26
LH:13
end_of_record
SF:lib/features/user_address/data/dtos/user_address_response_dto.dart
DA:27,1
DA:28,1
DA:32,0
DA:33,0
DA:34,0
DA:35,0
DA:36,0
DA:37,0
DA:38,0
DA:39,0
DA:40,0
DA:41,0
DA:42,0
DA:43,0
DA:44,0
DA:45,0
DA:46,0
DA:47,0
DA:48,0
DA:54,0
DA:55,0
DA:56,0
DA:57,0
DA:58,0
DA:59,0
DA:60,0
DA:61,0
DA:62,0
DA:63,0
DA:64,0
DA:65,0
DA:66,0
DA:67,0
DA:68,0
DA:69,0
DA:70,0
LF:36
LH:2
end_of_record
SF:lib/features/user_address/data/dtos/user_address_response_dto.g.dart
DA:9,1
DA:11,1
DA:12,2
DA:13,2
DA:14,1
DA:15,1
DA:16,1
DA:17,1
DA:18,1
DA:19,1
DA:20,1
DA:21,1
DA:22,2
DA:23,2
DA:24,1
DA:25,1
DA:27,2
DA:28,1
DA:30,2
DA:33,0
DA:35,0
DA:36,0
DA:37,0
DA:38,0
DA:39,0
DA:40,0
DA:41,0
DA:42,0
DA:43,0
DA:44,0
DA:45,0
DA:46,0
DA:47,0
DA:48,0
DA:49,0
DA:50,0
LF:36
LH:19
end_of_record
SF:lib/core/services/location/_riverpod/location_service_provider.g.dart
DA:13,0
DA:23,0
DA:24,0
DA:34,0
DA:35,0
DA:37,0
DA:40,0
DA:42,0
DA:44,0
DA:48,0
DA:49,0
DA:51,0
DA:56,0
LF:13
LH:0
end_of_record
SF:lib/core/services/location/_riverpod/location_service_provider.dart
DA:7,0
DA:9,0
LF:2
LH:0
end_of_record
SF:lib/core/services/location/geolocator_location_service.dart
DA:8,0
DA:10,0
DA:13,0
DA:15,0
DA:17,0
DA:21,0
DA:22,0
DA:23,0
DA:24,0
DA:25,0
DA:30,0
DA:31,0
DA:35,0
DA:38,0
DA:43,0
DA:46,0
DA:48,0
DA:50,0
DA:53,0
DA:60,0
DA:61,0
DA:65,0
DA:70,0
DA:76,0
DA:78,0
DA:83,0
DA:84,0
DA:87,0
DA:88,0
DA:90,0
DA:91,0
DA:92,0
DA:94,0
DA:95,0
DA:96,0
DA:98,0
DA:99,0
DA:100,0
DA:101,0
DA:103,0
DA:104,0
DA:105,0
DA:108,0
DA:109,0
DA:111,0
DA:115,0
DA:120,0
DA:123,0
DA:125,0
DA:127,0
DA:128,0
DA:129,0
DA:130,0
DA:131,0
DA:132,0
DA:142,0
DA:143,0
DA:147,0
DA:151,0
DA:156,0
DA:163,0
DA:171,0
DA:173,0
DA:176,0
DA:178,0
DA:181,0
DA:183,0
LF:67
LH:0
end_of_record
SF:lib/features/user_address/application/address_form_effect.dart
DA:4,44
DA:8,43
DA:10,0
DA:15,1
DA:19,0
DA:20,0
DA:27,44
DA:39,0
DA:40,0
DA:44,43
DA:48,0
DA:49,0
LF:12
LH:5
end_of_record
SF:lib/features/user_address/application/address_form_intent.dart
DA:2,86
DA:17,84
DA:21,2
DA:28,0
DA:34,42
DA:38,43
DA:42,43
DA:46,43
DA:50,42
DA:54,0
LF:10
LH:8
end_of_record
SF:lib/features/user_address/application/address_form_notifier.g.dart
DA:14,3
DA:21,1
DA:22,1
DA:32,1
DA:33,1
DA:35,1
DA:37,1
DA:40,0
DA:41,0
DA:43,0
DA:50,1
DA:58,1
DA:62,1
DA:68,1
DA:78,2
LF:15
LH:12
end_of_record
SF:lib/features/user_address/application/address_form_notifier.dart
DA:11,1
DA:17,1
DA:18,1
DA:20,3
DA:21,1
DA:23,1
DA:24,0
DA:25,0
DA:26,3
DA:31,1
DA:35,2
DA:36,1
DA:38,3
DA:39,1
DA:41,1
DA:42,1
DA:43,4
DA:46,1
DA:47,2
DA:54,1
DA:58,2
DA:59,1
DA:61,3
DA:62,1
DA:64,1
DA:65,0
DA:66,0
DA:69,1
DA:70,2
DA:77,1
DA:78,1
LF:31
LH:27
end_of_record
SF:lib/features/user_address/domain/entities/address_upsert_command.dart
DA:6,2
LF:1
LH:1
end_of_record
SF:lib/features/user_address/di/user_address_di_providers.g.dart
DA:14,0
DA:27,0
DA:28,0
DA:38,0
DA:39,0
DA:41,0
DA:45,0
DA:47,0
DA:49,0
DA:53,0
DA:54,0
DA:56,0
DA:61,0
DA:65,0
DA:66,0
DA:76,0
DA:77,0
DA:87,0
DA:88,0
DA:90,0
DA:94,0
DA:96,0
DA:98,0
DA:102,0
DA:103,0
DA:105,0
DA:110,0
DA:116,3
DA:129,1
DA:130,1
DA:140,0
DA:141,0
DA:143,0
DA:147,0
DA:149,0
DA:151,0
DA:155,1
DA:156,1
DA:158,1
DA:163,0
DA:169,3
DA:182,1
DA:183,1
DA:193,1
DA:194,1
DA:196,1
DA:200,1
DA:202,1
DA:204,1
DA:208,0
DA:209,0
DA:211,0
DA:216,1
DA:220,3
DA:230,1
DA:231,1
DA:241,1
DA:242,1
DA:244,1
DA:248,1
DA:250,1
DA:252,1
DA:256,0
DA:257,0
DA:259,0
DA:264,1
DA:268,3
DA:278,1
DA:279,1
DA:289,1
DA:290,1
DA:292,1
DA:296,1
DA:298,1
DA:300,1
DA:304,0
DA:305,0
DA:307,0
DA:312,1
DA:316,3
DA:326,1
DA:327,1
DA:337,1
DA:338,1
DA:340,1
DA:344,1
DA:346,1
DA:348,1
DA:352,0
DA:353,0
DA:355,0
DA:360,1
DA:364,3
DA:374,1
DA:375,1
DA:385,1
DA:386,1
DA:388,1
DA:392,1
DA:394,1
DA:396,1
DA:400,0
DA:401,0
DA:403,0
DA:408,1
DA:412,3
DA:422,1
DA:423,1
DA:433,1
DA:434,1
DA:436,1
DA:440,1
DA:442,1
DA:444,1
DA:448,0
DA:449,0
DA:451,0
DA:456,1
DA:462,0
DA:475,0
DA:476,0
DA:486,0
DA:487,0
DA:489,0
DA:493,0
DA:495,0
DA:497,0
DA:501,0
DA:502,0
DA:504,0
DA:509,0
DA:512,0
DA:516,0
DA:517,0
DA:527,0
DA:528,0
DA:530,0
DA:533,0
DA:535,0
DA:537,0
DA:541,0
DA:542,0
DA:544,0
DA:549,0
LF:144
LH:66
end_of_record
SF:lib/features/user_address/di/user_address_di_providers.dart
DA:15,0
DA:17,0
DA:18,0
DA:21,0
DA:23,0
DA:24,0
DA:28,0
DA:30,0
DA:31,0
DA:35,1
DA:37,2
DA:38,1
DA:41,1
DA:43,2
DA:44,1
DA:47,1
DA:49,2
DA:50,1
DA:53,1
DA:55,2
DA:56,1
DA:59,1
DA:61,2
DA:62,1
DA:65,1
DA:67,2
DA:68,1
DA:72,0
DA:74,0
DA:75,0
DA:78,0
DA:80,0
DA:81,0
LF:33
LH:18
end_of_record
SF:lib/features/user_address/application/address_form_state.dart
DA:10,1
DA:15,0
DA:17,1
DA:18,3
DA:22,88
DA:48,1
DA:49,1
DA:50,1
DA:51,1
DA:52,1
DA:53,1
DA:54,1
DA:55,1
DA:56,1
DA:57,1
DA:58,1
DA:59,1
DA:60,1
DA:63,1
DA:78,1
DA:79,0
DA:80,1
DA:81,1
DA:82,1
DA:83,1
DA:84,1
DA:85,1
DA:86,1
DA:87,1
DA:88,1
DA:89,1
DA:93,1
DA:94,1
DA:95,1
DA:96,1
DA:97,1
DA:98,1
DA:99,1
DA:100,1
DA:101,1
DA:102,1
DA:103,1
DA:104,1
DA:105,1
DA:112,44
DA:117,0
DA:118,0
DA:122,2
DA:142,2
DA:143,2
DA:145,2
DA:146,2
DA:147,5
DA:148,2
DA:149,1
DA:151,1
DA:163,1
DA:164,1
DA:165,1
DA:166,1
DA:167,1
DA:168,1
DA:171,1
DA:172,1
DA:173,1
DA:177,1
DA:178,1
DA:179,1
DA:180,1
DA:181,1
DA:182,1
DA:183,1
DA:184,1
DA:185,1
DA:186,1
LF:75
LH:71
end_of_record
SF:lib/features/user_address/application/address_form_view_model.dart
DA:14,2
DA:15,1
DA:19,2
DA:26,1
DA:31,1
DA:33,2
DA:34,1
DA:35,3
DA:38,1
DA:42,1
DA:44,1
DA:45,0
DA:46,3
DA:47,1
DA:48,1
DA:49,0
DA:50,0
DA:52,1
DA:53,0
DA:54,1
DA:55,1
DA:56,1
DA:57,4
DA:58,5
DA:60,1
DA:61,1
DA:62,0
DA:63,0
DA:64,0
DA:65,0
DA:66,0
DA:71,0
DA:72,0
DA:73,0
DA:74,0
DA:77,0
DA:78,0
DA:79,0
DA:80,0
DA:81,0
DA:82,0
DA:83,0
DA:85,0
DA:87,0
DA:88,0
DA:89,0
DA:96,1
DA:98,4
DA:99,0
DA:102,0
DA:103,0
DA:104,0
DA:105,0
DA:106,0
DA:107,0
DA:109,3
DA:111,2
DA:112,4
DA:113,1
DA:117,0
DA:118,0
DA:119,0
DA:121,0
DA:122,0
DA:123,0
DA:124,0
DA:125,0
DA:126,0
DA:128,0
DA:129,0
DA:131,0
DA:132,0
DA:133,0
DA:134,0
DA:136,0
DA:140,0
DA:141,0
DA:143,0
DA:144,0
DA:149,1
DA:150,4
DA:151,3
DA:152,1
DA:153,3
DA:157,3
DA:158,3
DA:159,2
DA:161,0
DA:162,0
DA:163,0
DA:166,0
DA:167,0
DA:168,0
DA:169,0
DA:170,0
DA:171,0
DA:172,0
DA:177,1
DA:178,2
DA:179,1
DA:180,2
DA:181,1
DA:182,0
DA:183,2
DA:187,1
DA:188,2
DA:189,2
DA:190,3
DA:191,4
DA:192,2
DA:193,2
DA:195,0
DA:198,1
DA:199,3
DA:200,1
DA:201,1
DA:204,3
DA:207,1
DA:211,1
DA:215,1
DA:216,3
DA:217,1
DA:218,1
DA:222,1
DA:223,1
DA:226,1
DA:229,1
DA:232,0
DA:233,0
DA:234,0
DA:235,0
DA:236,0
DA:240,0
DA:241,0
DA:242,0
DA:243,0
DA:251,1
DA:252,4
DA:253,0
DA:254,0
DA:256,0
DA:258,0
DA:263,0
DA:264,0
DA:267,1
DA:268,1
DA:269,1
DA:270,2
DA:271,1
DA:272,1
DA:280,2
DA:281,2
DA:282,2
DA:283,3
DA:284,4
DA:285,0
DA:292,2
DA:293,2
DA:294,2
DA:295,2
DA:296,1
DA:299,1
DA:300,1
DA:301,2
DA:302,2
DA:303,2
DA:304,2
DA:305,2
DA:306,2
DA:307,2
DA:308,2
DA:309,1
DA:310,1
DA:311,1
DA:314,1
DA:315,3
DA:316,1
DA:317,2
DA:318,3
LF:179
LH:100
end_of_record
SF:lib/features/user_address/application/address_list_notifier.dart
DA:12,1
DA:18,1
DA:19,3
DA:21,3
DA:22,1
DA:24,1
DA:25,0
DA:27,0
DA:29,1
DA:30,3
DA:35,1
DA:37,6
DA:38,1
DA:40,3
DA:41,1
DA:43,1
DA:44,1
DA:45,3
DA:46,1
DA:49,1
DA:53,1
DA:56,2
DA:57,4
DA:58,1
DA:59,3
DA:61,1
DA:65,1
DA:69,0
DA:70,0
DA:73,0
DA:82,1
DA:84,6
DA:85,1
DA:87,3
DA:88,1
DA:90,1
DA:91,1
DA:92,3
DA:93,1
DA:96,1
DA:100,1
DA:102,4
DA:105,2
DA:108,1
DA:110,1
DA:112,3
DA:114,1
DA:118,1
DA:126,0
DA:127,0
DA:131,0
DA:132,0
DA:136,1
DA:137,3
DA:141,1
DA:142,3
DA:146,1
DA:147,2
DA:148,2
DA:149,3
DA:150,1
DA:152,3
LF:62
LH:53
end_of_record
SF:lib/features/user_address/application/address_list_notifier.g.dart
DA:14,6
DA:20,2
DA:21,2
DA:31,2
DA:32,2
DA:34,1
DA:36,1
DA:39,0
DA:40,0
DA:42,0
DA:47,2
DA:55,2
DA:58,2
DA:60,2
DA:67,4
LF:15
LH:12
end_of_record
SF:lib/features/user_address/application/address_list_effect.dart
DA:6,44
DA:10,43
DA:12,0
DA:17,43
DA:19,0
DA:24,0
DA:28,0
DA:29,0
DA:33,0
DA:37,0
DA:38,0
DA:45,1
DA:55,0
DA:56,0
LF:14
LH:4
end_of_record
SF:lib/features/user_address/application/address_list_state.dart
DA:8,2
DA:26,1
DA:27,1
DA:28,1
DA:29,1
DA:30,1
DA:31,1
DA:32,1
DA:33,1
DA:34,1
DA:39,2
DA:55,2
DA:56,3
DA:57,0
DA:58,1
DA:59,7
DA:60,1
DA:61,5
DA:63,1
DA:74,1
DA:75,1
DA:78,1
DA:79,1
DA:80,1
DA:83,1
DA:84,1
DA:88,1
DA:89,1
DA:90,1
DA:91,1
DA:92,1
DA:93,1
DA:94,1
DA:95,1
LF:34
LH:33
end_of_record
SF:lib/features/user_address/application/address_list_intent.dart
DA:2,86
DA:6,84
DA:10,42
DA:14,2
DA:19,1
DA:24,0
DA:30,0
DA:35,42
DA:39,1
DA:44,0
LF:10
LH:7
end_of_record
SF:lib/features/user_address/application/address_store_state.dart
DA:12,1
DA:28,45
DA:36,1
DA:45,1
DA:46,1
DA:47,1
DA:49,1
DA:51,1
DA:54,1
DA:59,1
DA:61,4
DA:68,0
DA:71,0
LF:13
LH:11
end_of_record
SF:lib/features/user_address/application/address_list_view_model.dart
DA:12,2
DA:13,1
DA:26,1
DA:28,3
DA:29,4
DA:30,3
DA:32,1
DA:35,1
DA:37,2
DA:38,0
DA:39,2
DA:40,1
DA:41,2
DA:42,1
DA:43,0
DA:44,0
DA:45,0
DA:46,0
DA:47,0
DA:48,0
DA:49,0
DA:50,0
DA:51,0
DA:53,0
DA:54,0
DA:55,0
DA:60,0
DA:61,0
DA:62,0
DA:63,0
DA:64,0
DA:65,0
DA:66,0
DA:69,1
DA:70,1
DA:72,5
DA:73,1
DA:76,0
DA:77,0
DA:78,0
DA:79,0
DA:82,1
DA:83,1
DA:85,4
DA:86,1
DA:87,2
DA:88,4
DA:89,1
DA:90,1
DA:92,2
DA:93,1
DA:96,1
DA:98,1
DA:102,0
DA:103,0
DA:105,0
DA:106,0
DA:107,0
DA:108,0
DA:109,0
DA:110,0
DA:111,0
DA:112,0
DA:114,0
DA:115,0
DA:117,0
DA:118,0
DA:121,0
DA:123,0
DA:127,1
DA:128,2
DA:129,2
DA:130,3
DA:134,1
DA:135,2
DA:136,2
DA:137,3
DA:140,2
DA:141,2
DA:142,1
DA:143,4
DA:144,1
DA:146,1
DA:147,2
DA:149,2
DA:150,2
DA:154,1
DA:159,1
DA:160,1
DA:161,1
DA:162,3
DA:163,2
DA:165,2
DA:166,1
DA:167,1
DA:173,1
DA:174,1
DA:175,1
DA:176,1
DA:177,1
DA:178,1
DA:179,1
DA:180,1
DA:181,1
DA:184,1
DA:185,3
DA:186,1
DA:187,2
DA:188,3
LF:109
LH:69
end_of_record
SF:lib/features/user_address/data/datasources/user_address_remote_datasource_impl.dart
DA:13,0
DA:15,0
DA:18,0
DA:19,0
DA:20,0
DA:21,0
DA:24,0
DA:25,0
DA:27,0
DA:29,0
DA:30,0
DA:31,0
DA:33,0
DA:34,0
DA:38,0
DA:41,0
DA:42,0
DA:43,0
DA:45,0
DA:46,0
DA:48,0
DA:50,0
DA:51,0
DA:52,0
DA:54,0
DA:55,0
DA:59,0
DA:65,0
DA:66,0
DA:67,0
DA:69,0
DA:70,0
DA:72,0
DA:74,0
DA:75,0
DA:76,0
DA:78,0
DA:79,0
DA:83,0
DA:89,0
DA:90,0
DA:91,0
DA:93,0
DA:94,0
DA:96,0
DA:98,0
DA:99,0
DA:100,0
DA:102,0
DA:103,0
DA:107,0
DA:110,0
DA:111,0
DA:112,0
DA:114,0
DA:115,0
DA:116,0
DA:117,0
DA:119,0
DA:120,0
DA:124,0
DA:127,0
DA:128,0
DA:129,0
DA:131,0
DA:132,0
DA:134,0
DA:136,0
DA:137,0
DA:138,0
DA:140,0
DA:141,0
LF:72
LH:0
end_of_record
SF:lib/features/user_address/data/repositories/user_address_repository_impl.dart
DA:15,0
DA:17,0
DA:22,0
DA:23,0
DA:24,0
DA:25,0
DA:27,0
DA:31,0
DA:36,0
DA:37,0
DA:38,0
DA:39,0
DA:41,0
DA:45,0
DA:51,0
DA:53,0
DA:55,0
DA:56,0
DA:57,0
DA:59,0
DA:63,0
DA:69,0
DA:71,0
DA:73,0
DA:74,0
DA:75,0
DA:77,0
DA:81,0
DA:84,0
DA:85,0
DA:86,0
DA:87,0
DA:89,0
DA:93,0
DA:98,0
DA:99,0
DA:100,0
DA:101,0
DA:103,0
DA:107,0
DA:108,0
DA:109,0
DA:110,0
DA:111,0
DA:112,0
DA:113,0
DA:114,0
DA:115,0
DA:116,0
DA:117,0
DA:118,0
DA:119,0
LF:52
LH:0
end_of_record
SF:lib/features/user_address/domain/usecases/user_address_usecases.dart
DA:11,1
DA:13,1
DA:14,1
DA:15,0
DA:17,2
DA:25,1
DA:27,1
DA:28,1
DA:29,0
DA:31,2
DA:39,1
DA:41,1
DA:46,1
DA:47,0
DA:51,3
DA:52,0
DA:55,3
DA:56,0
DA:59,3
DA:60,0
DA:63,3
DA:64,0
DA:67,3
DA:68,0
DA:73,2
DA:81,1
DA:83,1
DA:88,1
DA:89,0
DA:93,3
DA:94,0
DA:97,3
DA:98,0
DA:101,3
DA:102,0
DA:105,3
DA:106,0
DA:109,3
DA:110,0
DA:115,2
DA:123,1
DA:125,1
DA:126,1
DA:127,0
DA:129,2
DA:137,1
DA:139,1
DA:140,1
DA:141,0
DA:143,2
LF:50
LH:34
end_of_record
SF:lib/features/cart/data/repositories_impl/cart_repository_impl.dart
DA:15,1
DA:17,1
DA:20,2
DA:22,1
DA:23,0
DA:24,3
DA:27,0
DA:31,1
DA:34,1
DA:35,1
DA:36,0
DA:37,3
DA:44,1
DA:47,1
DA:48,1
DA:49,1
DA:50,1
DA:51,1
DA:52,1
DA:53,1
DA:54,1
DA:55,1
DA:56,1
DA:59,2
DA:61,1
DA:62,0
DA:63,3
DA:66,0
DA:70,0
DA:76,0
DA:81,0
DA:82,0
DA:83,0
DA:86,0
DA:90,0
DA:93,0
DA:95,0
DA:96,0
DA:97,0
DA:100,0
DA:104,0
DA:107,0
DA:109,0
DA:110,0
DA:111,0
DA:114,0
DA:118,0
DA:124,0
DA:126,0
DA:127,0
DA:128,0
DA:131,0
DA:135,0
DA:138,0
DA:140,0
DA:141,0
DA:142,0
DA:145,0
DA:152,1
DA:153,1
DA:154,5
DA:155,1
DA:156,1
DA:162,1
DA:163,1
DA:164,1
DA:165,1
DA:166,1
DA:167,1
DA:168,1
DA:169,1
DA:170,1
DA:171,1
DA:172,1
LF:74
LH:39
end_of_record
SF:lib/features/cart/application/cart_notifier.g.dart
DA:15,9
DA:23,3
DA:24,3
DA:34,3
DA:35,3
DA:37,2
DA:39,2
DA:42,3
DA:49,3
DA:52,3
DA:54,3
DA:61,6
LF:12
LH:12
end_of_record
SF:lib/features/cart/application/cart_notifier.dart
DA:17,45
DA:22,0
DA:23,0
DA:32,0
DA:39,0
DA:40,0
DA:47,2
DA:50,6
DA:51,4
DA:53,2
DA:54,0
DA:59,2
DA:63,2
DA:64,0
DA:71,0
DA:73,0
DA:75,0
DA:77,0
DA:78,0
DA:80,0
DA:83,0
DA:84,0
DA:85,0
DA:87,0
DA:88,0
DA:89,0
DA:95,0
DA:96,0
DA:99,0
DA:101,0
DA:103,0
DA:104,0
DA:106,0
DA:110,0
DA:113,0
DA:122,0
DA:123,0
DA:127,0
DA:128,0
DA:130,0
DA:131,0
DA:132,0
DA:133,0
DA:134,0
DA:135,0
DA:138,0
DA:139,0
DA:141,0
DA:142,0
DA:146,0
DA:150,0
DA:152,0
DA:157,0
DA:158,0
DA:159,0
DA:160,0
DA:161,0
DA:162,0
DA:163,0
DA:169,0
DA:179,0
DA:180,0
DA:181,0
DA:185,0
DA:187,0
DA:188,0
DA:190,0
DA:191,0
DA:192,0
DA:194,0
DA:195,0
DA:196,0
DA:201,0
DA:202,0
DA:205,0
DA:207,0
DA:209,0
DA:210,0
DA:212,0
DA:215,0
DA:216,0
DA:223,0
DA:224,0
DA:225,0
DA:227,0
DA:228,0
DA:229,0
DA:234,2
DA:235,6
DA:236,4
DA:238,2
DA:239,1
DA:240,6
DA:245,1
DA:246,1
DA:247,1
DA:251,2
DA:252,1
DA:254,1
DA:255,1
DA:258,1
DA:259,1
DA:260,3
DA:265,2
DA:266,6
DA:267,2
DA:268,2
DA:271,2
DA:272,0
DA:273,6
DA:278,2
DA:279,6
DA:280,4
DA:282,2
DA:283,0
DA:284,4
DA:295,1
DA:296,3
DA:297,1
DA:298,1
DA:301,1
DA:302,0
DA:303,3
DA:308,1
DA:309,3
DA:313,1
DA:314,3
LF:127
LH:44
end_of_record
SF:lib/features/cart/di/cart_di_providers.g.dart
DA:14,0
DA:27,0
DA:28,0
DA:38,0
DA:39,0
DA:41,0
DA:45,0
DA:47,0
DA:49,0
DA:53,0
DA:54,0
DA:56,0
DA:61,0
DA:67,6
DA:75,2
DA:76,2
DA:86,0
DA:87,0
DA:89,0
DA:92,0
DA:94,0
DA:96,0
DA:100,2
DA:101,2
DA:103,2
DA:108,0
DA:113,6
DA:121,2
DA:122,2
DA:132,2
DA:133,2
DA:135,2
DA:138,2
DA:140,2
DA:142,2
DA:146,0
DA:147,0
DA:149,0
DA:154,2
DA:159,6
DA:172,2
DA:173,2
DA:183,2
DA:184,2
DA:186,2
DA:189,2
DA:191,2
DA:193,2
DA:197,0
DA:198,0
DA:200,0
DA:205,2
DA:210,2
DA:211,1
DA:224,1
DA:225,1
DA:235,1
DA:236,1
DA:238,1
DA:242,1
DA:244,1
DA:246,1
DA:250,0
DA:251,0
DA:253,0
DA:260,1
DA:266,6
DA:279,2
DA:280,2
DA:290,2
DA:291,2
DA:293,2
DA:297,2
DA:299,2
DA:301,2
DA:305,0
DA:306,0
DA:308,0
DA:313,2
DA:319,6
DA:332,2
DA:333,2
DA:343,2
DA:344,2
DA:346,2
DA:349,2
DA:351,2
DA:353,2
DA:357,0
DA:358,0
DA:360,0
DA:365,2
DA:370,2
DA:371,1
DA:384,1
DA:385,1
DA:395,1
DA:396,1
DA:398,1
DA:402,1
DA:404,1
DA:406,1
DA:410,0
DA:411,0
DA:413,0
DA:418,1
DA:424,0
DA:431,0
DA:432,0
DA:442,0
DA:443,0
DA:445,0
DA:448,0
DA:450,0
DA:452,0
DA:456,0
DA:457,0
DA:459,0
DA:464,0
DA:469,0
DA:477,0
DA:478,0
DA:488,0
DA:489,0
DA:491,0
DA:494,0
DA:496,0
DA:498,0
DA:502,0
DA:503,0
DA:505,0
DA:510,0
DA:515,0
DA:522,0
DA:523,0
DA:533,0
DA:534,0
DA:536,0
DA:539,0
DA:541,0
DA:543,0
DA:547,0
DA:548,0
DA:550,0
DA:555,0
DA:560,0
DA:567,0
DA:570,0
DA:578,0
DA:579,0
DA:581,0
DA:583,0
DA:585,0
DA:588,0
DA:591,0
DA:593,0
DA:595,0
DA:596,0
DA:600,0
DA:601,0
DA:603,0
DA:607,0
DA:609,0
DA:612,0
DA:614,0
DA:618,0
DA:624,0
DA:625,0
DA:635,0
DA:636,0
DA:638,0
DA:645,0
DA:653,0
DA:656,0
DA:664,0
DA:665,0
DA:667,0
DA:669,0
DA:671,0
DA:674,0
DA:677,0
DA:679,0
DA:681,0
DA:682,0
DA:686,0
DA:687,0
DA:689,0
DA:693,0
DA:695,0
DA:698,0
DA:700,0
DA:704,0
DA:711,0
DA:712,0
DA:722,0
DA:723,0
DA:725,0
LF:197
LH:68
end_of_record
SF:lib/features/cart/di/cart_di_providers.dart
DA:17,0
DA:19,0
DA:23,0
DA:25,0
DA:26,0
DA:34,2
DA:36,4
DA:37,2
DA:41,2
DA:43,4
DA:44,2
DA:48,1
DA:50,2
DA:51,1
DA:55,2
DA:57,4
DA:58,2
DA:62,2
DA:64,4
DA:65,2
DA:69,1
DA:71,2
DA:72,1
DA:80,0
DA:82,0
DA:83,0
DA:87,0
DA:89,0
DA:90,0
DA:94,0
DA:96,0
DA:97,0
DA:101,0
DA:103,0
DA:104,0
DA:106,0
DA:107,0
DA:111,0
DA:113,0
DA:114,0
DA:116,0
LF:41
LH:18
end_of_record
SF:lib/features/cart/domain/usecases/cart_usecases.dart
DA:12,2
DA:14,2
DA:16,4
DA:24,2
DA:26,2
DA:28,6
DA:35,2
DA:42,1
DA:44,1
DA:46,4
DA:54,1
DA:61,2
DA:63,2
DA:65,6
DA:72,2
DA:79,2
DA:81,2
DA:83,4
DA:91,1
DA:93,1
DA:95,4
DA:103,1
DA:110,0
DA:112,0
DA:114,0
DA:121,0
LF:26
LH:22
end_of_record
SF:lib/features/restaurants/di/restaurant_di_providers.g.dart
DA:13,9
DA:23,3
DA:24,3
DA:34,0
DA:35,0
DA:37,0
DA:41,0
DA:43,0
DA:45,0
DA:49,3
DA:50,3
DA:52,3
DA:57,0
DA:61,6
DA:71,2
DA:72,2
DA:82,2
DA:83,2
DA:85,2
DA:89,2
DA:91,2
DA:93,2
DA:97,0
DA:98,0
DA:100,0
DA:105,2
DA:109,6
DA:119,2
DA:120,2
DA:130,2
DA:131,2
DA:133,2
DA:137,2
DA:139,2
DA:141,2
DA:145,0
DA:146,0
DA:148,0
DA:153,2
DA:157,6
DA:167,2
DA:168,2
DA:178,2
DA:179,2
DA:181,2
DA:185,2
DA:187,2
DA:189,2
DA:193,0
DA:194,0
DA:196,0
DA:201,2
DA:205,6
DA:215,2
DA:216,2
DA:226,2
DA:227,2
DA:229,2
DA:233,2
DA:235,2
DA:237,2
DA:241,0
DA:242,0
DA:244,0
DA:249,2
DA:253,0
DA:263,0
DA:264,0
DA:274,0
DA:275,0
DA:277,0
DA:281,0
DA:283,0
DA:285,0
DA:289,0
DA:290,0
DA:292,0
DA:297,0
DA:301,0
DA:311,0
DA:314,0
DA:322,0
DA:323,0
DA:325,0
DA:327,0
DA:329,0
DA:332,0
DA:336,0
DA:338,0
DA:340,0
DA:341,0
DA:345,0
DA:346,0
DA:348,0
DA:352,0
DA:354,0
DA:357,0
DA:359,0
DA:363,0
DA:367,0
DA:368,0
DA:376,0
DA:377,0
DA:379,0
DA:384,0
DA:394,0
DA:397,0
DA:405,0
DA:406,0
DA:408,0
DA:410,0
DA:412,0
DA:415,0
DA:419,0
DA:421,0
DA:423,0
DA:424,0
DA:428,0
DA:429,0
DA:431,0
DA:435,0
DA:437,0
DA:440,0
DA:442,0
DA:446,0
DA:451,0
DA:452,0
DA:460,0
DA:461,0
DA:463,0
DA:468,0
DA:471,0
DA:472,0
DA:482,0
DA:483,0
DA:485,0
DA:487,0
DA:490,0
DA:491,0
DA:493,0
DA:498,0
DA:502,0
DA:505,0
DA:507,0
DA:514,0
DA:519,0
DA:529,0
DA:530,0
DA:540,0
DA:541,0
DA:543,0
DA:547,0
DA:549,0
DA:551,0
DA:555,0
DA:556,0
DA:558,0
DA:563,0
DA:567,0
DA:572,0
DA:573,0
DA:583,0
DA:584,0
DA:586,0
DA:589,0
DA:591,0
DA:593,0
DA:597,0
DA:598,0
DA:600,0
DA:605,0
DA:609,0
DA:614,0
DA:617,0
DA:625,0
DA:626,0
DA:628,0
DA:630,0
DA:632,0
DA:635,0
DA:638,0
DA:640,0
DA:642,0
DA:643,0
DA:647,0
DA:648,0
DA:650,0
DA:654,0
DA:656,0
DA:657,0
DA:660,0
DA:662,0
DA:666,0
DA:671,0
DA:672,0
DA:680,0
DA:681,0
DA:683,0
DA:688,0
DA:693,0
DA:694,0
DA:704,0
DA:705,0
DA:707,0
DA:710,0
DA:712,0
DA:714,0
DA:718,0
DA:719,0
DA:721,0
DA:726,0
DA:729,0
DA:734,0
DA:735,0
DA:745,0
DA:746,0
DA:748,0
DA:751,0
DA:753,0
DA:755,0
DA:759,0
DA:760,0
DA:762,0
DA:767,0
DA:770,0
DA:774,0
DA:777,0
DA:785,0
DA:786,0
DA:788,0
DA:790,0
DA:792,0
DA:795,0
DA:798,0
DA:800,0
DA:802,0
DA:803,0
DA:807,0
DA:808,0
DA:810,0
DA:814,0
DA:816,0
DA:819,0
DA:821,0
DA:825,0
DA:829,0
DA:830,0
DA:838,0
DA:839,0
DA:841,0
DA:846,0
DA:851,0
DA:852,0
DA:862,0
DA:863,0
DA:865,0
DA:868,0
DA:870,0
DA:872,0
DA:876,0
DA:877,0
DA:879,0
DA:884,0
DA:887,0
DA:892,0
DA:895,0
DA:903,0
DA:904,0
DA:906,0
DA:908,0
DA:910,0
DA:913,0
DA:916,0
DA:918,0
DA:920,0
DA:921,0
DA:925,0
DA:926,0
DA:928,0
DA:932,0
DA:934,0
DA:937,0
DA:939,0
DA:943,0
DA:948,0
DA:949,0
DA:957,0
DA:958,0
DA:960,0
DA:965,0
DA:969,0
DA:970,0
DA:980,0
DA:981,0
DA:983,0
DA:986,0
DA:988,0
DA:990,0
DA:994,0
DA:995,0
DA:997,0
DA:1002,0
DA:1005,0
DA:1010,0
DA:1013,0
DA:1021,0
DA:1022,0
DA:1024,0
DA:1026,0
DA:1028,0
DA:1031,0
DA:1034,0
DA:1036,0
DA:1038,0
DA:1039,0
DA:1043,0
DA:1044,0
DA:1046,0
DA:1050,0
DA:1052,0
DA:1055,0
DA:1057,0
DA:1061,0
DA:1066,0
DA:1067,0
DA:1075,0
DA:1076,0
DA:1078,0
DA:1083,0
DA:1087,0
DA:1090,0
DA:1098,0
DA:1099,0
DA:1101,0
DA:1103,0
DA:1105,0
DA:1108,0
DA:1111,0
DA:1113,0
DA:1115,0
DA:1116,0
DA:1120,0
DA:1121,0
DA:1123,0
DA:1127,0
DA:1129,0
DA:1132,0
DA:1134,0
DA:1138,0
DA:1142,0
DA:1143,0
DA:1151,0
DA:1152,0
DA:1154,0
LF:354
LH:46
end_of_record
SF:lib/features/restaurants/di/restaurant_di_providers.dart
DA:17,0
DA:19,0
DA:20,0
DA:24,2
DA:26,4
DA:27,2
DA:30,2
DA:32,4
DA:33,2
DA:36,2
DA:38,4
DA:39,2
DA:42,2
DA:44,4
DA:45,2
DA:49,0
DA:51,0
DA:52,0
DA:55,0
DA:57,0
DA:59,0
DA:65,0
DA:67,0
DA:68,0
DA:69,0
DA:71,0
DA:77,0
DA:80,0
DA:81,0
DA:84,0
DA:85,0
DA:90,0
DA:92,0
DA:93,0
DA:95,0
DA:96,0
DA:99,0
DA:100,0
DA:101,0
DA:102,0
DA:103,0
DA:104,0
DA:108,0
DA:112,0
DA:114,0
DA:117,0
DA:119,0
DA:122,0
DA:124,0
DA:127,0
DA:129,0
DA:132,0
DA:134,0
DA:138,0
DA:140,0
DA:143,0
DA:145,0
DA:149,0
DA:151,0
DA:152,0
DA:155,0
DA:157,0
DA:158,0
DA:161,0
DA:163,0
DA:164,0
LF:66
LH:12
end_of_record
SF:lib/features/cart/data/datasources/cart_local_datasource_impl.dart
DA:16,0
DA:18,0
DA:22,0
DA:23,0
DA:24,0
DA:26,0
DA:29,0
DA:32,0
DA:33,0
DA:36,0
DA:39,0
DA:46,0
DA:50,0
DA:53,0
DA:54,0
DA:55,0
DA:57,0
DA:61,0
DA:64,0
DA:65,0
DA:66,0
DA:68,0
DA:72,0
DA:75,0
DA:77,0
DA:78,0
DA:79,0
DA:81,0
DA:82,0
DA:87,0
DA:89,0
DA:90,0
DA:91,0
DA:92,0
DA:96,0
DA:99,0
DA:101,0
DA:102,0
DA:106,0
DA:107,0
DA:109,0
DA:113,0
DA:117,0
DA:120,0
DA:122,0
DA:123,0
DA:124,0
DA:125,0
DA:126,0
DA:127,0
DA:130,0
DA:132,0
DA:135,0
DA:136,0
DA:138,0
DA:142,0
DA:146,0
DA:149,0
DA:151,0
DA:152,0
DA:153,0
DA:154,0
DA:155,0
DA:156,0
DA:158,0
DA:160,0
DA:161,0
DA:165,0
DA:166,0
DA:168,0
DA:172,0
DA:176,0
DA:179,0
DA:181,0
DA:182,0
DA:183,0
DA:184,0
DA:185,0
DA:186,0
DA:189,0
DA:191,0
DA:194,0
DA:195,0
DA:197,0
DA:201,0
LF:85
LH:0
end_of_record
SF:lib/features/cart/di/cart_commands_provider.dart
DA:8,18
DA:9,3
DA:13,3
DA:17,2
DA:19,10
DA:21,2
DA:22,10
DA:24,1
DA:26,5
DA:28,1
DA:30,5
LF:11
LH:11
end_of_record
SF:lib/features/restaurants/application/detail/restaurant_detail_notifier.dart
DA:15,2
DA:17,8
DA:18,8
DA:23,2
DA:29,8
DA:31,2
DA:32,2
DA:36,4
DA:38,4
DA:40,2
DA:41,0
DA:42,0
DA:43,0
DA:45,0
DA:52,2
DA:53,2
DA:54,4
DA:58,4
DA:60,4
DA:62,2
DA:63,1
DA:64,1
DA:65,2
DA:67,4
DA:74,1
DA:75,1
DA:76,2
DA:78,4
DA:90,1
DA:96,4
DA:98,1
DA:99,1
DA:102,2
DA:104,2
DA:106,1
DA:107,0
DA:108,0
DA:109,0
DA:111,0
DA:113,1
DA:114,1
DA:115,2
DA:117,4
DA:123,0
DA:124,0
DA:125,0
DA:133,0
DA:134,0
DA:135,0
DA:137,0
LF:50
LH:35
end_of_record
SF:lib/features/restaurants/application/detail/restaurant_detail_notifier.g.dart
DA:13,6
DA:17,2
DA:18,2
DA:28,2
DA:29,2
DA:31,2
DA:33,2
DA:36,0
DA:37,0
DA:39,0
DA:44,2
DA:50,2
DA:53,2
DA:55,2
DA:62,4
LF:15
LH:12
end_of_record
SF:lib/features/restaurants/domain/usecases/get_restaurant_by_id_usecase.dart
DA:10,2
DA:12,2
DA:18,4
LF:3
LH:3
end_of_record
SF:lib/features/restaurants/domain/usecases/get_menu_items_usecase.dart
DA:10,2
DA:12,2
DA:18,4
LF:3
LH:3
end_of_record
SF:lib/features/restaurants/application/detail/restaurant_detail_state.dart
DA:10,89
DA:21,0
DA:22,5
DA:23,0
DA:24,0
LF:5
LH:2
end_of_record
SF:lib/features/restaurants/application/list/restaurants_notifier.g.dart
DA:13,6
DA:17,2
DA:18,2
DA:28,2
DA:29,2
DA:31,2
DA:33,2
DA:36,0
DA:37,0
DA:39,0
DA:44,2
DA:49,2
DA:52,2
DA:54,2
DA:61,4
LF:15
LH:12
end_of_record
SF:lib/features/restaurants/application/list/restaurants_notifier.dart
DA:15,2
DA:17,8
DA:18,8
DA:23,1
DA:30,4
DA:32,1
DA:33,1
DA:36,1
DA:44,2
DA:46,2
DA:48,1
DA:49,1
DA:50,1
DA:51,2
DA:53,4
DA:55,1
DA:56,1
DA:57,2
DA:59,4
DA:65,1
DA:70,2
DA:71,1
DA:75,4
DA:77,1
DA:78,1
DA:81,1
DA:87,2
DA:89,2
DA:91,1
DA:92,0
DA:93,0
DA:94,0
DA:96,0
DA:98,1
DA:99,1
DA:100,2
DA:102,4
DA:111,2
DA:112,8
DA:114,2
DA:116,2
DA:121,4
DA:123,4
DA:125,2
DA:126,0
DA:127,0
DA:128,0
DA:130,0
DA:132,2
DA:133,2
DA:134,4
DA:136,8
DA:139,2
DA:140,2
DA:147,0
DA:148,0
DA:149,0
DA:153,1
DA:154,1
DA:155,1
LF:60
LH:49
end_of_record
SF:lib/features/restaurants/domain/usecases/get_restaurants_usecase.dart
DA:10,2
DA:12,2
DA:14,4
DA:15,2
DA:16,2
DA:17,2
DA:18,2
DA:19,2
DA:20,2
DA:33,2
DA:42,0
DA:45,0
DA:46,0
DA:47,0
DA:48,0
DA:49,0
DA:50,0
DA:51,0
DA:54,0
DA:56,0
DA:57,0
DA:58,0
DA:59,0
DA:60,0
DA:61,0
DA:64,0
DA:66,0
LF:27
LH:10
end_of_record
SF:lib/features/restaurants/domain/usecases/search_restaurants_usecase.dart
DA:10,2
DA:12,1
DA:14,3
DA:15,0
DA:18,2
DA:19,1
DA:20,1
DA:21,1
DA:31,1
DA:37,0
DA:40,0
DA:41,0
DA:42,0
DA:43,0
DA:46,0
DA:47,0
DA:49,0
DA:50,0
LF:18
LH:8
end_of_record
SF:lib/features/restaurants/application/list/restaurants_state.dart
DA:9,47
DA:20,0
DA:21,5
DA:22,0
DA:23,0
LF:5
LH:2
end_of_record
SF:lib/features/restaurants/data/dtos/restaurant_dto.dart
DA:30,1
DA:31,1
DA:35,0
DA:36,0
DA:37,0
DA:38,0
DA:39,0
DA:40,0
DA:41,0
DA:42,0
DA:43,0
DA:44,0
DA:45,0
DA:46,0
LF:14
LH:2
end_of_record
SF:lib/features/restaurants/data/dtos/restaurant_dto.g.dart
DA:9,1
DA:10,1
DA:11,1
DA:12,1
DA:13,1
DA:14,1
DA:15,1
DA:16,1
DA:17,1
DA:18,1
DA:19,2
DA:20,2
DA:23,0
DA:24,0
DA:25,0
DA:26,0
DA:27,0
DA:28,0
DA:29,0
DA:30,0
DA:31,0
DA:32,0
DA:33,0
DA:34,0
LF:24
LH:12
end_of_record
SF:lib/features/restaurants/data/dtos/menu_item_dto.dart
DA:19,1
DA:20,1
DA:24,0
DA:25,0
DA:26,0
DA:27,0
DA:28,0
DA:29,0
DA:30,0
DA:31,0
DA:32,0
LF:11
LH:2
end_of_record
SF:lib/features/restaurants/data/dtos/menu_item_dto.g.dart
DA:9,2
DA:10,1
DA:11,1
DA:12,1
DA:13,1
DA:14,2
DA:15,1
DA:16,2
DA:19,0
DA:20,0
DA:21,0
DA:22,0
DA:23,0
DA:24,0
DA:25,0
DA:26,0
DA:27,0
LF:17
LH:8
end_of_record
SF:lib/features/restaurants/data/dtos/get_restaurants_request_dto.dart
DA:17,0
DA:18,0
LF:2
LH:0
end_of_record
SF:lib/features/restaurants/data/dtos/get_restaurants_request_dto.g.dart
DA:9,0
DA:11,0
DA:12,0
DA:13,0
DA:14,0
DA:15,0
DA:16,0
DA:17,0
DA:20,1
DA:22,1
DA:23,1
DA:24,1
DA:25,1
DA:26,1
DA:27,1
DA:28,1
LF:16
LH:8
end_of_record
SF:lib/features/restaurants/data/dtos/search_restaurants_request_dto.dart
DA:17,0
DA:18,0
LF:2
LH:0
end_of_record
SF:lib/features/restaurants/data/dtos/search_restaurants_request_dto.g.dart
DA:9,0
DA:11,0
DA:12,0
DA:13,0
DA:14,0
DA:15,0
DA:16,0
DA:17,0
DA:20,1
DA:22,1
DA:23,1
DA:24,1
DA:25,1
DA:26,1
DA:27,1
DA:28,1
LF:16
LH:8
end_of_record
SF:lib/features/restaurants/data/datasources/restaurant_remote_datasource_impl.g.dart
DA:14,1
DA:22,1
DA:26,1
DA:27,1
DA:28,2
DA:29,1
DA:31,1
DA:32,1
DA:33,1
DA:34,2
DA:39,6
DA:41,2
DA:44,1
DA:45,1
DA:46,2
DA:48,1
DA:49,2
DA:51,1
DA:52,0
DA:55,0
DA:61,1
DA:63,1
DA:64,1
DA:65,1
DA:67,1
DA:68,1
DA:69,1
DA:70,2
DA:71,1
DA:75,6
DA:77,2
DA:80,1
DA:81,1
DA:82,2
DA:85,0
DA:91,1
DA:95,1
DA:96,1
DA:97,1
DA:99,1
DA:100,1
DA:101,1
DA:102,2
DA:103,1
DA:107,6
DA:109,2
DA:112,1
DA:113,1
DA:114,2
DA:116,1
DA:117,2
DA:119,1
DA:120,0
DA:123,0
DA:129,1
DA:133,1
DA:134,1
DA:135,2
DA:136,1
DA:138,1
DA:139,1
DA:140,1
DA:141,2
DA:146,6
DA:148,2
DA:151,1
DA:152,1
DA:153,2
DA:155,1
DA:156,2
DA:158,1
DA:159,0
DA:162,0
DA:168,1
DA:169,1
DA:170,2
DA:171,2
DA:172,1
DA:173,0
DA:175,1
DA:181,1
DA:182,0
DA:186,0
DA:188,0
DA:189,0
DA:192,0
LF:86
LH:73
end_of_record
SF:lib/features/restaurants/data/datasources/restaurant_remote_datasource_impl.dart
DA:42,0
DA:44,0
DA:49,0
DA:50,0
DA:51,0
DA:52,0
DA:55,0
DA:56,0
DA:57,0
DA:59,0
DA:60,0
DA:64,0
DA:67,0
DA:68,0
DA:69,0
DA:71,0
DA:72,0
DA:73,0
DA:75,0
DA:76,0
DA:80,0
DA:85,0
DA:86,0
DA:87,0
DA:88,0
DA:91,0
DA:92,0
DA:93,0
DA:95,0
DA:96,0
DA:100,0
DA:105,0
DA:106,0
DA:107,0
DA:109,0
DA:110,0
DA:111,0
DA:113,0
DA:114,0
LF:39
LH:0
end_of_record
SF:lib/features/restaurants/data/repositories_impl/restaurant_repository_impl.dart
DA:17,0
DA:21,0
DA:31,0
DA:40,0
DA:42,0
DA:43,0
DA:44,0
DA:45,0
DA:46,0
DA:48,0
DA:50,0
DA:51,0
DA:53,0
DA:57,0
DA:60,0
DA:62,0
DA:63,0
DA:65,0
DA:67,0
DA:68,0
DA:70,0
DA:74,0
DA:79,0
DA:81,0
DA:82,0
DA:83,0
DA:84,0
DA:85,0
DA:87,0
DA:89,0
DA:90,0
DA:92,0
DA:96,0
DA:106,0
DA:115,0
DA:117,0
DA:118,0
DA:119,0
DA:120,0
DA:121,0
DA:123,0
DA:125,0
DA:126,0
DA:128,0
LF:44
LH:0
end_of_record
SF:lib/features/restaurants/di/restaurant_network_providers.g.dart
DA:13,0
DA:23,0
DA:24,0
DA:34,0
DA:35,0
DA:37,0
DA:41,0
DA:43,0
DA:45,0
DA:49,0
DA:50,0
DA:52,0
DA:57,0
DA:61,0
DA:62,0
DA:72,0
DA:73,0
DA:83,0
DA:84,0
DA:86,0
DA:90,0
DA:92,0
DA:94,0
DA:98,0
DA:99,0
DA:101,0
DA:106,0
LF:27
LH:0
end_of_record
SF:lib/features/restaurants/di/restaurant_network_providers.dart
DA:9,0
DA:11,0
DA:12,0
DA:14,0
DA:18,0
DA:20,0
DA:21,0
LF:7
LH:0
end_of_record
SF:lib/features/orders/data/repositories/order_repository_impl.dart
DA:15,1
DA:17,1
DA:23,2
DA:24,0
DA:25,0
DA:26,0
DA:27,1
DA:28,2
DA:30,0
DA:34,1
DA:37,2
DA:38,0
DA:39,1
DA:40,2
DA:42,0
DA:46,0
DA:51,0
DA:52,0
DA:53,0
DA:54,0
DA:56,0
DA:60,0
DA:66,0
DA:70,0
DA:71,0
DA:72,0
DA:74,0
DA:78,0
DA:79,0
DA:80,0
DA:81,0
DA:82,0
DA:83,0
DA:84,0
DA:85,0
DA:86,0
DA:87,0
DA:88,0
DA:89,0
DA:90,0
DA:91,0
DA:92,0
DA:93,0
DA:94,0
DA:95,0
DA:98,0
LF:46
LH:9
end_of_record
SF:lib/features/orders/application/state/orders/create_order_async_notifiers.dart
DA:14,1
DA:21,1
DA:22,2
DA:23,1
DA:26,3
DA:27,1
DA:29,1
DA:30,1
DA:31,5
DA:34,1
DA:35,2
DA:37,3
DA:42,0
DA:48,0
DA:49,0
DA:56,1
DA:63,1
DA:64,2
DA:65,1
DA:68,3
DA:69,1
DA:74,1
DA:75,1
DA:76,5
DA:79,1
DA:80,2
DA:81,2
DA:83,3
DA:89,0
DA:90,0
DA:97,0
DA:98,0
LF:32
LH:25
end_of_record
SF:lib/features/orders/application/state/orders/create_order_async_notifiers.g.dart
DA:14,3
DA:20,1
DA:21,1
DA:31,1
DA:32,1
DA:34,1
DA:36,1
DA:39,1
DA:45,1
DA:48,1
DA:50,1
DA:57,2
DA:64,3
DA:70,1
DA:71,1
DA:81,1
DA:82,1
DA:84,1
DA:86,1
DA:89,1
DA:95,1
DA:98,1
DA:100,1
DA:107,2
LF:24
LH:24
end_of_record
SF:lib/features/orders/application/state/orders/orders_list_notifier.g.dart
DA:14,15
DA:20,5
DA:21,5
DA:31,2
DA:32,2
DA:34,2
DA:36,2
DA:39,2
DA:45,2
DA:49,2
DA:51,2
DA:58,4
LF:12
LH:12
end_of_record
SF:lib/features/orders/application/state/orders/orders_list_notifier.dart
DA:14,2
DA:16,2
DA:17,2
DA:18,2
DA:21,2
DA:22,6
DA:23,2
DA:24,2
DA:28,4
DA:29,4
DA:30,1
DA:37,0
DA:38,0
DA:39,0
DA:40,0
DA:42,0
DA:43,0
DA:47,1
DA:48,3
DA:50,2
DA:51,2
DA:55,3
DA:56,1
DA:57,1
DA:61,1
DA:62,1
DA:63,2
DA:66,1
DA:67,3
DA:68,1
DA:70,4
DA:76,0
DA:77,0
DA:81,1
DA:82,2
DA:83,6
DA:88,1
DA:89,2
DA:90,2
DA:91,4
DA:92,1
DA:93,2
LF:42
LH:34
end_of_record
SF:lib/features/orders/di/order_providers.g.dart
DA:13,0
DA:19,0
DA:20,0
DA:30,0
DA:31,0
DA:33,0
DA:36,0
DA:38,0
DA:40,0
DA:44,0
DA:45,0
DA:47,0
DA:52,0
DA:55,0
DA:65,0
DA:66,0
DA:76,0
DA:77,0
DA:79,0
DA:83,0
DA:85,0
DA:87,0
DA:91,0
DA:92,0
DA:94,0
DA:99,0
DA:103,12
DA:109,4
DA:110,4
DA:120,0
DA:121,0
DA:123,0
DA:126,0
DA:128,0
DA:130,0
DA:134,4
DA:135,4
DA:137,4
DA:142,0
DA:145,6
DA:155,2
DA:156,2
DA:166,2
DA:167,2
DA:169,2
DA:173,2
DA:175,2
DA:177,2
DA:181,0
DA:182,0
DA:184,0
DA:189,2
DA:193,6
DA:203,2
DA:204,2
DA:214,2
DA:215,2
DA:217,2
DA:221,2
DA:223,2
DA:225,2
DA:229,0
DA:230,0
DA:232,0
DA:237,2
DA:241,6
DA:251,2
DA:252,2
DA:262,2
DA:263,2
DA:265,2
DA:269,2
DA:271,2
DA:273,2
DA:277,0
DA:278,0
DA:280,0
DA:285,2
DA:289,9
DA:299,3
DA:300,3
DA:310,3
DA:311,3
DA:313,3
DA:317,3
DA:319,3
DA:321,3
DA:325,0
DA:326,0
DA:328,0
DA:333,3
LF:91
LH:46
end_of_record
SF:lib/features/orders/di/order_providers.dart
DA:13,0
DA:15,0
DA:16,0
DA:19,0
DA:21,0
DA:22,0
DA:26,0
DA:28,0
DA:29,0
DA:33,2
DA:35,4
DA:36,2
DA:39,2
DA:41,4
DA:42,2
DA:45,2
DA:47,4
DA:48,2
DA:51,3
DA:53,6
DA:54,3
LF:21
LH:12
end_of_record
SF:lib/features/orders/application/state/orders/order_detail_notifier.g.dart
DA:14,9
DA:20,3
DA:23,3
DA:31,2
DA:32,2
DA:34,0
DA:36,0
DA:38,0
DA:41,2
DA:43,2
DA:45,3
DA:47,9
DA:50,2
DA:52,4
DA:56,2
DA:69,3
DA:70,3
DA:80,3
DA:81,3
DA:83,0
DA:90,6
DA:91,2
DA:94,2
DA:97,2
DA:99,2
DA:106,8
LF:26
LH:22
end_of_record
SF:lib/features/orders/application/state/orders/order_detail_notifier.dart
DA:11,2
DA:13,6
DA:14,2
DA:16,2
DA:17,0
DA:19,2
DA:24,1
DA:25,1
DA:26,3
DA:29,2
DA:30,1
DA:31,4
DA:32,3
DA:35,0
DA:40,0
DA:41,0
LF:16
LH:12
end_of_record
SF:lib/features/orders/data/datasources/order_remote_datasource_impl.dart
DA:16,0
DA:18,0
DA:21,0
DA:22,0
DA:23,0
DA:24,0
DA:27,0
DA:28,0
DA:30,0
DA:32,0
DA:33,0
DA:34,0
DA:36,0
DA:41,0
DA:44,0
DA:45,0
DA:46,0
DA:48,0
DA:49,0
DA:51,0
DA:53,0
DA:54,0
DA:55,0
DA:57,0
DA:62,0
DA:65,0
DA:66,0
DA:67,0
DA:69,0
DA:70,0
DA:72,0
DA:74,0
DA:75,0
DA:76,0
DA:78,0
DA:83,0
DA:86,0
DA:87,0
DA:90,0
DA:92,0
DA:95,0
DA:97,0
DA:98,0
DA:99,0
DA:101,0
LF:45
LH:0
end_of_record
SF:lib/features/orders/domain/usecases/orders_usecases.dart
DA:11,2
DA:13,2
DA:17,4
DA:25,2
DA:27,2
DA:28,2
DA:29,0
DA:31,4
DA:39,2
DA:41,2
DA:45,4
DA:46,0
DA:49,6
DA:50,0
DA:53,6
DA:54,0
DA:57,6
DA:58,0
DA:61,4
DA:84,0
DA:91,3
DA:93,3
DA:94,3
DA:95,0
DA:98,6
LF:25
LH:18
end_of_record
SF:lib/core/network/_riverpod/network_providers.g.dart
DA:15,3
DA:24,1
DA:25,1
DA:35,1
DA:36,1
DA:38,1
DA:41,1
DA:43,1
DA:45,1
DA:49,0
DA:50,0
DA:52,0
DA:57,1
LF:13
LH:10
end_of_record
SF:lib/core/network/_riverpod/network_providers.dart
DA:10,1
DA:13,1
DA:14,1
LF:3
LH:3
end_of_record
SF:lib/core/routing/app_router.dart
DA:40,43
DA:42,0
DA:43,0
DA:44,0
DA:45,0
DA:46,0
DA:47,0
DA:48,0
DA:49,0
DA:50,0
DA:51,0
DA:52,0
DA:53,0
DA:54,0
DA:55,0
DA:56,0
DA:57,0
DA:58,0
DA:59,0
DA:60,0
DA:61,0
DA:62,0
DA:63,0
DA:64,0
DA:65,0
DA:73,1
DA:78,1
DA:80,1
DA:82,1
DA:83,1
DA:84,1
DA:85,1
DA:87,3
DA:88,1
DA:91,1
DA:93,1
DA:96,0
DA:100,1
DA:103,0
DA:107,1
DA:110,2
DA:112,1
DA:115,0
DA:118,1
DA:121,0
DA:123,1
DA:126,0
DA:128,1
DA:131,0
DA:135,1
DA:138,2
DA:139,1
DA:140,1
DA:143,0
DA:147,1
DA:150,0
DA:154,1
DA:157,2
DA:158,1
DA:159,1
DA:162,1
DA:163,1
DA:164,2
DA:167,1
DA:168,1
DA:170,1
DA:171,1
DA:174,0
DA:175,0
DA:176,0
DA:179,0
DA:180,0
DA:187,1
DA:190,2
DA:194,1
DA:197,0
DA:198,1
DA:199,1
DA:202,0
DA:203,0
DA:204,0
DA:207,0
DA:208,0
DA:215,1
DA:218,0
DA:220,1
DA:223,0
DA:225,1
DA:228,0
DA:232,1
DA:235,0
DA:237,1
DA:240,0
DA:242,1
DA:245,0
DA:246,0
DA:247,0
DA:249,0
DA:250,0
DA:252,0
DA:257,1
DA:260,0
DA:263,0
DA:267,2
DA:268,2
DA:269,2
DA:274,0
DA:275,0
DA:276,0
DA:277,0
DA:278,0
DA:279,0
DA:280,0
DA:281,0
DA:282,0
DA:284,0
DA:285,0
DA:287,0
DA:289,0
DA:292,0
DA:293,0
DA:294,0
DA:295,0
LF:123
LH:50
end_of_record
SF:lib/features/home/presentation/pages/home_page.dart
DA:6,84
DA:8,0
LF:2
LH:1
end_of_record
SF:lib/features/orders/presentation/screens/order_detail_screen.dart
DA:6,0
DA:10,0
DA:12,0
LF:3
LH:0
end_of_record
SF:lib/features/orders/presentation/screens/refund_status_history_screen.dart
DA:6,43
DA:8,1
LF:2
LH:2
end_of_record
SF:lib/features/auth/presentation/screens/login_screen.dart
DA:7,42
DA:9,0
LF:2
LH:1
end_of_record
SF:lib/features/auth/presentation/screens/register_screen.dart
DA:7,42
DA:9,0
LF:2
LH:1
end_of_record
SF:lib/features/notification/presentation/screens/notification_screen.dart
DA:6,43
DA:8,1
LF:2
LH:2
end_of_record
SF:lib/features/search/presentation/screens/search_screen.dart
DA:6,42
DA:8,0
LF:2
LH:1
end_of_record
SF:lib/features/main/presentation/pages/main_screen.dart
DA:12,42
DA:14,0
DA:16,0
DA:17,0
DA:20,0
DA:21,0
LF:6
LH:1
end_of_record
SF:lib/features/user_address/presentation/screens/address_list_screen.dart
DA:7,42
DA:9,0
LF:2
LH:1
end_of_record
SF:lib/features/user_address/presentation/screens/add_edit_address_screen.dart
DA:9,42
DA:14,0
DA:15,0
DA:16,0
LF:4
LH:1
end_of_record
SF:lib/features/splash/presentation/screens/splash_screen.dart
DA:5,42
DA:7,0
LF:2
LH:1
end_of_record
SF:lib/core/routing/constants/app_routes.dart
DA:45,0
DA:46,0
DA:47,0
DA:48,0
LF:4
LH:0
end_of_record
SF:lib/core/routing/models/app_router_config.dart
DA:13,43
DA:23,0
DA:32,0
DA:33,0
DA:34,0
DA:35,0
DA:36,0
DA:37,0
DA:38,0
DA:39,0
LF:10
LH:1
end_of_record
SF:lib/core/routing/models/i_auth_checker.dart
DA:20,0
DA:21,0
LF:2
LH:0
end_of_record
SF:lib/core/routing/guards/guard_manager.dart
DA:12,1
DA:15,1
DA:16,1
DA:23,2
DA:24,1
DA:26,2
DA:30,2
DA:31,2
DA:39,0
DA:40,0
DA:47,0
DA:48,0
DA:55,0
DA:59,0
DA:63,0
LF:15
LH:8
end_of_record
SF:lib/core/routing/helpers/navigation_helper.dart
DA:8,0
DA:9,0
DA:13,0
DA:14,0
DA:18,0
DA:19,0
DA:23,0
DA:24,0
DA:28,0
DA:29,0
DA:33,0
DA:34,0
DA:38,0
DA:39,0
DA:43,0
DA:44,0
DA:48,0
DA:49,0
DA:53,0
DA:54,0
DA:58,0
DA:59,0
DA:63,0
DA:64,0
DA:68,0
DA:69,0
DA:73,0
DA:74,0
DA:78,0
DA:79,0
DA:85,0
DA:86,0
DA:90,0
DA:91,0
DA:95,0
DA:96,0
DA:100,0
DA:101,0
DA:105,0
DA:106,0
DA:110,0
DA:111,0
DA:115,0
DA:116,0
DA:120,0
DA:121,0
DA:125,0
DA:126,0
DA:130,0
DA:131,0
DA:135,0
DA:136,0
DA:141,0
DA:142,0
DA:146,0
DA:147,0
DA:151,0
DA:152,0
DA:156,0
DA:157,0
DA:163,0
DA:164,0
DA:165,0
DA:170,0
DA:171,0
DA:175,0
DA:176,0
DA:180,0
DA:184,0
DA:188,0
DA:193,0
DA:199,0
DA:201,0
DA:202,0
DA:203,0
DA:204,0
DA:205,0
DA:206,0
DA:207,0
DA:208,0
DA:210,0
DA:212,0
DA:223,0
DA:229,0
DA:230,0
DA:231,0
DA:232,0
DA:233,0
DA:234,0
DA:235,0
DA:236,0
DA:237,0
DA:238,0
DA:240,0
DA:241,0
DA:242,0
DA:243,0
DA:244,0
DA:245,0
DA:246,0
DA:247,0
DA:248,0
DA:249,0
DA:250,0
DA:251,0
DA:252,0
DA:253,0
DA:254,0
DA:255,0
DA:256,0
DA:257,0
DA:260,0
DA:261,0
DA:262,0
DA:263,0
DA:264,0
LF:116
LH:0
end_of_record
SF:lib/core/routing/providers/riverpod_auth_notifier.dart
DA:21,0
DA:24,0
DA:25,0
DA:26,0
DA:27,0
DA:31,0
DA:32,0
DA:34,0
DA:36,0
LF:9
LH:0
end_of_record
SF:lib/features/auth/application/session/auth_state.dart
DA:8,44
DA:25,4
DA:26,1
DA:27,2
DA:28,2
DA:29,0
DA:30,1
DA:32,0
DA:33,0
DA:34,0
DA:37,2
DA:38,0
DA:39,0
DA:42,0
DA:43,3
DA:45,0
DA:46,0
LF:17
LH:8
end_of_record
SF:lib/core/routing/providers/router_config.g.dart
DA:15,0
DA:26,0
DA:27,0
DA:37,0
DA:38,0
DA:40,0
DA:43,0
DA:45,0
DA:47,0
DA:51,0
DA:52,0
DA:54,0
DA:59,0
DA:64,0
DA:73,0
DA:74,0
DA:84,0
DA:85,0
DA:87,0
DA:90,0
DA:92,0
DA:94,0
DA:98,0
DA:99,0
DA:101,0
DA:106,0
DA:111,0
DA:120,0
DA:121,0
DA:131,0
DA:132,0
DA:134,0
DA:137,0
DA:139,0
DA:141,0
DA:145,0
DA:146,0
DA:148,0
DA:153,0
DA:158,0
DA:167,0
DA:168,0
DA:178,0
DA:179,0
DA:181,0
DA:184,0
DA:186,0
DA:188,0
DA:192,0
DA:193,0
DA:195,0
DA:200,0
LF:52
LH:0
end_of_record
SF:lib/core/routing/providers/router_config.dart
DA:9,0
DA:12,0
DA:14,0
DA:19,0
DA:32,0
DA:45,0
LF:6
LH:0
end_of_record
SF:lib/core/routing/providers/router_provider.g.dart
DA:20,0
DA:40,0
DA:41,0
DA:51,0
DA:52,0
DA:54,0
DA:57,0
DA:59,0
DA:61,0
DA:65,0
DA:66,0
DA:68,0
DA:73,0
LF:13
LH:0
end_of_record
SF:lib/core/routing/providers/router_provider.dart
DA:19,0
DA:21,0
DA:22,0
DA:25,0
DA:28,0
DA:29,0
DA:33,0
DA:36,0
DA:39,0
LF:9
LH:0
end_of_record
SF:lib/features/auth/application/session/auth_notifier.dart
DA:35,2
DA:37,8
DA:38,8
DA:39,8
DA:40,8
DA:41,7
DA:42,4
DA:43,4
DA:44,4
DA:45,4
DA:46,4
DA:51,1
DA:59,2
DA:60,1
DA:62,2
DA:64,1
DA:68,2
DA:69,2
DA:72,2
DA:74,2
DA:76,1
DA:77,1
DA:78,2
DA:80,1
DA:82,2
DA:83,1
DA:85,1
DA:86,0
DA:87,0
DA:89,2
DA:92,2
DA:93,2
DA:94,1
DA:95,1
DA:102,1
DA:103,2
DA:104,1
DA:107,2
DA:111,2
DA:112,1
DA:117,1
DA:121,2
DA:122,2
DA:123,2
DA:126,2
DA:127,2
DA:129,1
DA:130,0
DA:131,0
DA:133,1
DA:134,2
DA:135,1
DA:137,1
DA:138,0
DA:139,0
DA:141,2
DA:144,2
DA:145,2
DA:146,1
DA:147,1
DA:152,0
DA:153,0
DA:154,0
DA:155,0
DA:162,0
DA:166,0
DA:167,0
DA:170,0
DA:171,0
DA:172,0
DA:179,0
DA:181,0
DA:182,0
DA:183,0
DA:184,0
DA:186,0
DA:188,0
DA:189,0
DA:190,0
DA:199,1
DA:209,2
DA:210,1
DA:212,1
DA:218,2
DA:220,2
DA:222,1
DA:223,1
DA:224,2
DA:227,1
DA:228,1
DA:235,1
DA:236,2
DA:240,4
DA:242,0
DA:245,1
DA:246,2
DA:247,1
DA:249,1
DA:250,0
DA:251,2
DA:256,3
DA:257,1
DA:258,0
DA:259,0
DA:261,2
DA:264,2
DA:265,1
DA:272,0
DA:273,0
DA:274,0
DA:278,1
DA:279,3
DA:281,2
DA:283,1
DA:284,0
DA:285,0
DA:286,0
DA:288,1
DA:290,2
DA:291,1
DA:292,1
DA:295,0
DA:297,1
DA:303,1
DA:304,2
DA:305,2
DA:307,1
DA:308,0
DA:309,0
DA:313,2
DA:319,1
DA:321,1
DA:322,2
DA:324,2
DA:326,1
DA:327,0
DA:328,0
DA:329,0
DA:332,1
DA:333,1
DA:336,2
DA:337,1
DA:340,2
DA:342,1
DA:343,0
DA:344,0
DA:346,2
DA:349,2
DA:350,1
DA:351,1
DA:354,1
DA:360,0
DA:363,0
DA:366,0
LF:154
LH:108
end_of_record
SF:lib/features/auth/application/session/auth_notifier.g.dart
DA:13,9
DA:17,3
DA:18,3
DA:28,2
DA:29,2
DA:31,2
DA:33,2
DA:36,1
DA:37,1
DA:39,1
DA:44,2
DA:48,2
DA:51,2
DA:53,2
DA:60,4
LF:15
LH:15
end_of_record
SF:lib/core/services/deep_link/_riverpod/deep_link_provider.g.dart
DA:13,0
DA:23,0
DA:24,0
DA:34,0
DA:35,0
DA:37,0
DA:40,0
DA:42,0
DA:44,0
DA:48,0
DA:49,0
DA:51,0
DA:56,0
LF:13
LH:0
end_of_record
SF:lib/core/services/deep_link/_riverpod/deep_link_provider.dart
DA:7,0
DA:9,0
LF:2
LH:0
end_of_record
SF:lib/core/services/app_initializer/_riverpod/app_initializer_provider.g.dart
DA:15,6
DA:30,2
DA:31,2
DA:41,0
DA:42,0
DA:44,0
DA:48,0
DA:50,0
DA:52,0
DA:56,2
DA:57,2
DA:59,2
DA:64,0
LF:13
LH:6
end_of_record
SF:lib/core/services/app_initializer/_riverpod/app_initializer_provider.dart
DA:13,0
DA:15,0
DA:16,0
DA:17,0
DA:19,0
DA:20,0
DA:21,0
DA:22,0
DA:23,0
DA:25,0
DA:27,0
DA:32,0
DA:33,0
DA:34,0
DA:35,0
DA:37,0
DA:39,0
LF:17
LH:0
end_of_record
SF:lib/core/services/app_initializer/app_initializer_service.dart
DA:10,0
DA:16,0
DA:19,0
DA:21,0
DA:22,0
DA:25,0
DA:28,0
DA:33,0
DA:36,0
DA:38,0
DA:39,0
DA:42,0
DA:44,0
LF:13
LH:0
end_of_record
SF:lib/core/services/push_notification_service.dart
DA:21,1
DA:47,1
DA:48,2
DA:50,1
DA:52,1
DA:53,2
DA:54,1
DA:55,1
DA:56,1
DA:63,1
DA:64,1
DA:65,1
DA:67,3
DA:69,0
DA:73,2
DA:77,2
DA:78,4
DA:79,1
DA:80,1
DA:81,2
DA:87,2
DA:88,4
DA:89,2
DA:94,2
DA:95,4
DA:96,2
DA:102,2
DA:103,1
DA:104,2
DA:110,1
DA:112,1
DA:114,1
DA:115,1
DA:116,1
DA:118,1
DA:122,1
DA:123,1
DA:125,2
DA:127,1
DA:131,2
DA:132,1
DA:133,2
DA:134,2
DA:138,1
DA:139,3
DA:142,1
DA:143,1
DA:144,4
DA:146,1
DA:147,1
DA:149,0
DA:152,1
DA:155,1
DA:156,1
DA:157,2
DA:158,2
DA:159,1
DA:160,0
DA:166,2
DA:167,2
DA:168,1
DA:172,1
DA:174,2
DA:177,1
DA:178,2
DA:184,1
DA:188,1
DA:190,1
DA:191,1
DA:192,2
DA:195,2
DA:196,1
DA:200,2
DA:202,1
DA:203,1
DA:207,2
DA:210,1
DA:212,1
DA:213,1
DA:216,1
DA:217,2
DA:218,2
DA:220,1
DA:221,3
DA:224,2
DA:226,2
DA:230,1
DA:232,2
DA:234,2
DA:235,2
DA:239,1
DA:240,2
DA:241,2
DA:242,1
DA:244,1
DA:247,1
DA:248,3
DA:251,1
DA:252,2
DA:253,1
DA:255,2
DA:256,2
DA:260,0
DA:261,0
DA:264,0
DA:265,0
DA:268,0
DA:269,0
DA:272,0
DA:273,0
DA:276,3
DA:277,0
DA:278,0
DA:279,0
DA:280,0
DA:281,0
DA:283,0
LF:117
LH:100
end_of_record
SF:lib/core/services/deep_link/deep_link_service.dart
DA:15,0
DA:20,0
DA:21,0
DA:29,0
DA:32,0
DA:33,0
DA:34,0
DA:35,0
DA:37,0
DA:38,0
DA:43,0
DA:45,0
DA:46,0
DA:49,0
DA:54,0
DA:55,0
DA:57,0
DA:60,0
DA:64,0
DA:65,0
DA:66,0
DA:68,0
DA:72,0
DA:74,0
DA:75,0
DA:79,0
DA:85,0
DA:87,0
DA:89,0
LF:29
LH:0
end_of_record
SF:lib/core/services/push/customer_push_wake_coordinator.dart
DA:8,8
DA:16,1
DA:20,1
DA:22,6
DA:25,3
DA:27,3
DA:28,5
DA:33,2
DA:34,1
DA:35,2
LF:10
LH:10
end_of_record
SF:lib/core/services/push/push_notification_contracts.dart
DA:2,2
DA:10,4
DA:22,2
DA:23,1
DA:24,1
DA:25,1
DA:26,1
DA:29,1
DA:30,1
DA:31,1
DA:32,2
DA:35,2
DA:37,2
DA:38,6
DA:39,6
DA:40,6
DA:41,6
DA:43,0
DA:45,0
DA:61,1
DA:65,3
DA:66,3
DA:67,1
DA:71,2
DA:72,1
DA:73,3
DA:79,1
DA:87,1
DA:89,1
DA:90,3
DA:93,1
DA:96,1
DA:97,1
DA:98,1
DA:99,1
DA:135,1
DA:139,1
DA:140,1
LF:38
LH:36
end_of_record
SF:lib/core/services/push/firebase_push_adapters.dart
DA:17,0
DA:18,0
DA:22,0
DA:24,0
DA:33,0
DA:34,0
DA:37,0
DA:39,0
DA:40,0
DA:43,0
DA:44,0
DA:46,0
DA:48,0
DA:49,0
DA:52,0
DA:53,0
DA:55,0
DA:57,0
DA:59,0
DA:61,0
DA:64,0
DA:65,0
DA:66,0
DA:67,0
DA:68,0
DA:73,1
DA:77,1
DA:79,3
DA:82,1
DA:84,2
DA:86,1
DA:87,2
DA:93,0
DA:95,0
DA:109,0
DA:111,0
DA:112,0
DA:121,0
DA:122,0
DA:123,0
DA:124,0
DA:127,0
DA:131,0
DA:138,0
DA:139,0
DA:157,0
DA:158,0
DA:159,0
DA:165,0
DA:167,0
DA:168,0
DA:169,0
DA:172,0
DA:173,0
DA:174,0
DA:175,0
LF:56
LH:7
end_of_record
SF:lib/firebase_options.dart
DA:18,0
DA:22,0
DA:23,0
DA:25,0
DA:27,0
DA:28,0
DA:32,0
DA:33,0
DA:37,0
DA:38,0
DA:43,0
LF:11
LH:0
end_of_record
SF:lib/core/services/push/push_persistence_adapter.dart
DA:9,1
DA:19,0
DA:21,0
DA:23,0
DA:26,0
DA:28,0
DA:32,1
DA:33,2
DA:34,1
DA:35,3
DA:36,0
DA:37,0
DA:39,0
DA:40,0
DA:44,1
DA:45,2
DA:46,1
DA:47,3
DA:48,2
DA:49,4
DA:53,2
DA:54,3
DA:55,0
DA:57,1
DA:61,1
DA:62,2
DA:63,1
DA:64,2
DA:65,1
DA:66,2
DA:67,2
DA:68,3
DA:70,1
DA:74,0
DA:75,0
DA:76,0
DA:77,0
DA:80,1
DA:81,2
DA:82,1
DA:84,1
DA:85,1
DA:86,1
DA:87,1
DA:88,3
DA:89,1
DA:90,1
DA:91,1
DA:92,1
DA:93,1
DA:94,1
DA:95,1
DA:96,1
DA:98,0
DA:102,3
DA:104,2
DA:105,1
DA:106,5
DA:110,1
DA:111,1
DA:112,1
DA:113,2
DA:114,0
DA:118,1
DA:119,1
DA:120,4
DA:122,2
DA:124,0
DA:127,1
DA:132,1
DA:133,1
DA:134,1
DA:141,1
DA:142,3
LF:74
LH:57
end_of_record
SF:lib/features/auth/di/storage_di_providers.g.dart
DA:14,3
DA:27,1
DA:28,1
DA:38,1
DA:39,1
DA:41,1
DA:45,1
DA:47,1
DA:49,1
DA:53,0
DA:54,0
DA:56,0
DA:61,1
DA:66,3
DA:79,1
DA:80,1
DA:90,1
DA:91,1
DA:93,1
DA:97,1
DA:99,1
DA:101,1
DA:105,0
DA:106,0
DA:108,0
DA:113,1
DA:119,6
DA:132,2
DA:133,2
DA:143,1
DA:144,1
DA:146,1
DA:150,1
DA:152,1
DA:154,1
DA:158,1
DA:159,1
DA:161,1
DA:166,1
DA:172,6
DA:185,2
DA:186,2
DA:196,2
DA:197,2
DA:199,2
DA:203,2
DA:205,2
DA:207,2
DA:211,0
DA:212,0
DA:214,0
DA:219,2
DA:225,3
DA:238,1
DA:239,1
DA:249,1
DA:250,1
DA:252,1
DA:255,1
DA:257,1
DA:259,1
DA:263,0
DA:264,0
DA:266,0
DA:271,1
DA:276,3
DA:289,1
DA:290,1
DA:300,1
DA:301,1
DA:303,1
DA:307,1
DA:309,1
DA:311,1
DA:315,0
DA:316,0
DA:318,0
DA:323,1
LF:78
LH:63
[...]
end_of_record
SF:lib/features/user_address/presentation/components/address_form_components.dart
DA:9,1
DA:18,1
DA:20,2
DA:21,1
DA:22,1
DA:24,1
DA:25,1
DA:26,2
DA:28,1
DA:30,1
DA:31,1
DA:32,1
DA:33,0
DA:39,2
DA:40,1
DA:41,1
DA:42,1
DA:44,1
DA:45,1
DA:46,1
DA:47,0
DA:48,1
DA:49,4
DA:50,1
DA:54,2
DA:56,1
DA:57,1
DA:58,4
DA:59,1
DA:66,1
DA:67,2
DA:77,1
DA:102,1
DA:104,1
DA:105,1
DA:107,1
DA:108,2
DA:110,1
DA:112,1
DA:113,1
DA:114,1
DA:116,1
DA:117,1
DA:118,3
DA:121,1
DA:123,1
DA:124,1
DA:125,1
DA:127,1
DA:128,0
DA:129,0
DA:133,1
DA:135,1
DA:136,1
DA:137,1
DA:140,1
DA:141,0
DA:142,0
DA:146,2
DA:148,1
DA:150,1
DA:151,1
DA:152,1
DA:154,1
DA:155,0
DA:156,0
DA:160,1
DA:161,1
DA:162,1
DA:163,1
DA:165,1
DA:166,1
DA:167,1
DA:169,1
DA:170,0
DA:171,0
DA:176,1
DA:177,1
DA:179,1
DA:180,1
DA:181,1
DA:183,1
DA:184,0
DA:185,0
DA:192,1
DA:193,1
DA:194,1
DA:195,1
DA:197,1
DA:198,1
DA:199,1
DA:201,1
DA:202,0
DA:203,0
DA:208,1
DA:209,1
DA:211,1
DA:212,1
DA:213,1
DA:215,0
DA:216,0
DA:226,1
DA:227,2
DA:228,1
DA:229,0
DA:230,0
DA:231,0
DA:232,0
DA:233,0
DA:234,0
DA:235,0
DA:236,0
DA:238,1
DA:239,1
DA:245,1
DA:249,1
DA:250,1
DA:251,1
DA:252,1
DA:254,3
DA:259,1
DA:278,1
DA:279,1
DA:280,1
DA:281,1
DA:282,1
DA:283,1
DA:284,1
DA:285,1
DA:286,2
DA:287,1
LF:131
LH:107
end_of_record
SF:lib/features/user_address/presentation/components/address_list_card.dart
DA:8,1
DA:27,1
DA:29,2
DA:30,1
DA:33,1
DA:35,1
DA:36,2
DA:37,1
DA:38,0
DA:39,2
DA:42,1
DA:43,2
DA:44,1
DA:46,1
DA:48,1
DA:49,5
DA:51,1
DA:52,1
DA:53,1
DA:54,1
DA:57,1
DA:58,0
DA:67,1
DA:69,1
DA:70,3
DA:71,0
DA:72,0
DA:74,2
DA:83,2
DA:84,0
DA:92,1
DA:113,1
DA:118,1
DA:120,2
DA:121,1
DA:123,0
DA:124,0
DA:125,0
DA:127,0
DA:130,2
DA:131,1
DA:132,1
DA:133,1
DA:136,1
DA:139,2
DA:146,1
DA:151,1
DA:153,1
DA:154,1
DA:155,1
DA:157,1
DA:158,1
DA:162,1
DA:163,1
DA:164,2
DA:165,3
DA:169,2
DA:170,1
DA:173,1
DA:174,1
DA:176,1
DA:177,1
DA:180,1
DA:181,1
DA:185,5
DA:187,1
DA:188,4
DA:189,0
DA:190,5
DA:191,2
DA:194,1
DA:195,1
DA:196,2
DA:197,3
DA:198,1
DA:202,3
DA:204,1
DA:206,1
DA:207,2
DA:209,1
DA:211,3
DA:212,1
DA:224,1
DA:236,1
DA:237,1
DA:238,1
DA:239,1
DA:242,1
DA:244,1
DA:246,1
DA:247,3
DA:249,1
DA:250,1
DA:251,4
DA:252,1
LF:95
LH:85
end_of_record
SF:lib/features/user_address/presentation/pages/address_form_page.dart
DA:15,0
DA:19,0
DA:20,0
DA:27,0
DA:29,0
DA:30,0
DA:31,0
DA:32,0
DA:33,0
DA:34,0
DA:35,0
DA:40,0
DA:42,0
DA:44,0
DA:46,0
DA:47,0
DA:48,0
DA:52,0
DA:53,0
DA:54,0
DA:55,0
DA:59,0
DA:61,0
DA:62,0
DA:63,0
DA:65,0
DA:66,0
DA:67,0
DA:68,0
DA:69,0
DA:71,0
DA:72,0
DA:73,0
DA:74,0
DA:75,0
DA:77,0
DA:78,0
DA:80,0
DA:81,0
DA:82,0
DA:83,0
DA:84,0
DA:87,0
DA:88,0
DA:89,0
DA:92,0
DA:93,0
DA:94,0
DA:95,0
DA:97,0
DA:98,0
DA:99,0
DA:100,0
DA:103,0
DA:104,0
DA:112,0
DA:119,0
DA:120,0
DA:121,0
DA:122,0
DA:123,0
DA:124,0
DA:126,0
DA:127,0
DA:128,0
DA:130,0
LF:66
LH:0
end_of_record
SF:lib/features/user_address/presentation/views/address_form_view.dart
DA:12,1
DA:21,1
DA:22,1
DA:35,1
DA:37,1
DA:38,3
DA:39,3
DA:40,3
DA:41,3
DA:42,3
DA:43,3
DA:44,3
DA:45,3
DA:46,3
DA:49,0
DA:51,0
DA:52,0
DA:53,0
DA:54,0
DA:55,0
DA:56,0
DA:57,0
DA:58,0
DA:59,0
DA:60,0
DA:63,0
DA:64,0
DA:65,0
DA:67,0
DA:72,1
DA:74,2
DA:75,2
DA:76,2
DA:77,2
DA:78,2
DA:79,2
DA:80,2
DA:81,2
DA:82,1
DA:85,1
DA:87,3
DA:90,3
DA:91,0
DA:92,0
DA:93,0
DA:94,0
DA:98,1
DA:99,2
DA:100,1
DA:101,1
DA:102,1
DA:104,2
DA:106,0
DA:108,1
DA:109,2
DA:111,1
DA:112,1
DA:113,0
DA:115,0
DA:117,0
DA:119,0
DA:123,1
DA:125,1
DA:127,1
DA:128,1
DA:129,1
DA:130,1
DA:132,3
DA:135,1
DA:136,2
DA:137,4
DA:138,1
DA:142,1
DA:143,1
DA:144,0
DA:145,0
DA:148,1
DA:149,1
DA:150,1
DA:151,1
DA:152,1
DA:153,1
DA:154,1
DA:155,1
DA:156,1
DA:158,2
DA:164,1
DA:166,2
DA:173,1
DA:181,1
DA:182,1
DA:185,1
DA:186,1
DA:187,2
DA:188,1
DA:189,2
DA:190,1
DA:191,2
DA:195,1
DA:200,1
DA:205,1
DA:207,1
DA:208,1
DA:210,1
DA:212,1
DA:214,1
DA:216,1
DA:217,1
DA:220,3
DA:221,2
DA:223,0
DA:226,1
DA:228,1
DA:230,2
DA:232,3
DA:233,2
DA:239,1
DA:240,2
DA:241,0
DA:242,1
DA:255,0
DA:265,0
DA:266,0
DA:267,0
DA:268,0
DA:270,0
DA:273,0
DA:274,0
DA:276,0
DA:278,0
DA:279,0
DA:281,0
DA:282,0
LF:133
LH:92
end_of_record
SF:lib/features/user_address/presentation/pages/address_list_page.dart
DA:17,42
DA:19,0
DA:20,0
DA:25,0
DA:27,0
DA:28,0
DA:29,0
DA:30,0
DA:34,0
DA:36,0
DA:37,0
DA:40,0
DA:42,0
DA:45,0
DA:46,0
DA:47,0
DA:48,0
DA:51,0
DA:53,0
DA:58,0
DA:60,0
DA:61,0
DA:62,0
DA:66,0
DA:67,0
DA:68,0
DA:69,0
DA:74,0
DA:76,0
DA:77,0
DA:78,0
DA:80,0
DA:81,0
DA:82,0
DA:84,0
DA:85,0
DA:86,0
DA:88,0
DA:89,0
DA:90,0
DA:91,0
DA:92,0
DA:94,0
DA:95,0
DA:96,0
DA:97,0
DA:99,0
DA:100,0
DA:103,0
DA:104,0
DA:105,0
DA:108,0
DA:109,0
DA:110,0
DA:111,0
DA:112,0
DA:113,0
DA:114,0
DA:115,0
DA:116,0
DA:117,0
DA:118,0
DA:120,0
DA:121,0
DA:122,0
DA:130,0
DA:136,0
DA:137,0
DA:138,0
DA:141,0
DA:142,0
DA:143,0
DA:144,0
DA:145,0
DA:149,0
LF:75
LH:1
end_of_record
SF:lib/features/user_address/presentation/views/address_list_view.dart
DA:11,1
DA:20,1
DA:22,1
DA:23,1
DA:24,1
DA:25,2
DA:26,1
DA:27,1
DA:29,1
DA:31,3
DA:35,1
DA:36,1
DA:38,0
DA:40,2
DA:45,1
DA:46,2
DA:49,2
DA:50,0
DA:51,0
DA:52,0
DA:55,2
DA:56,0
DA:57,0
DA:60,1
DA:61,0
DA:62,1
DA:64,3
DA:65,0
DA:66,1
DA:67,3
DA:68,1
DA:70,4
DA:71,4
DA:72,5
DA:73,5
DA:74,0
DA:75,0
DA:76,0
DA:85,0
DA:89,0
DA:91,0
DA:92,0
DA:93,0
DA:94,0
DA:96,0
DA:98,0
DA:99,0
DA:101,0
DA:102,0
DA:103,0
DA:105,0
DA:108,0
DA:109,0
DA:111,0
DA:113,0
DA:116,0
DA:117,0
DA:119,0
DA:129,0
DA:134,0
DA:135,0
DA:136,0
DA:138,0
DA:140,0
DA:141,0
DA:144,0
DA:147,0
DA:149,0
DA:150,0
LF:69
LH:27
end_of_record
SF:lib/core/design_system/components/app_surface.dart
DA:5,4
DA:10,4
DA:12,4
DA:16,4
DA:17,4
DA:18,4
DA:25,2
DA:29,2
DA:31,2
DA:32,2
DA:33,2
DA:35,6
LF:12
LH:12
end_of_record
SF:lib/core/design_system/foundations/app_breakpoints.dart
DA:5,0
DA:6,0
DA:7,0
DA:8,0
LF:4
LH:0
end_of_record
SF:lib/core/presentation/mvvm/ui_effect.dart
DA:9,12
DA:14,0
DA:15,0
DA:19,5
DA:23,5
DA:24,20
LF:6
LH:4
end_of_record
SF:lib/core/presentation/mvvm/ui_operation.dart
DA:5,4
DA:6,0
LF:2
LH:1
end_of_record
SF:lib/generated/intl/messages_all.dart
DA:23,57
DA:24,38
DA:25,0
DA:28,19
DA:30,19
DA:31,19
DA:32,0
DA:33,0
DA:40,19
DA:41,19
DA:43,57
DA:44,0
DA:47,0
DA:49,38
DA:50,19
DA:51,57
DA:52,38
DA:53,19
DA:56,19
DA:58,19
DA:64,19
DA:65,19
DA:68,0
DA:71,19
LF:24
LH:18
end_of_record
SF:lib/generated/intl/messages_en.dart
DA:16,57
DA:21,0
DA:23,0
DA:25,0
DA:27,0
DA:28,0
DA:30,0
DA:31,0
DA:33,0
DA:35,0
DA:37,0
DA:39,0
DA:41,0
DA:43,0
DA:45,0
DA:47,0
DA:49,0
DA:51,0
DA:53,0
DA:56,38
DA:57,19
DA:58,19
DA:59,19
DA:60,19
DA:63,19
DA:66,19
DA:68,19
DA:69,19
DA:70,19
DA:73,19
DA:74,19
DA:77,19
DA:78,19
DA:79,19
DA:80,19
DA:83,19
DA:84,19
DA:87,19
DA:90,19
DA:91,19
DA:92,19
DA:93,19
DA:96,19
DA:99,19
DA:100,19
DA:103,19
DA:106,19
DA:107,19
DA:108,19
DA:111,19
DA:114,19
DA:117,19
DA:118,19
DA:119,19
DA:122,19
DA:125,19
DA:128,19
DA:129,19
DA:130,19
DA:131,19
DA:132,19
DA:133,19
DA:136,19
DA:137,19
DA:138,19
DA:141,19
DA:142,19
DA:143,19
DA:144,19
DA:147,19
DA:148,19
DA:149,19
DA:150,19
DA:153,19
DA:154,19
DA:157,19
DA:160,19
DA:163,19
DA:166,19
DA:169,19
DA:172,19
DA:173,19
DA:174,19
DA:175,19
DA:176,19
DA:179,19
DA:182,19
DA:185,19
DA:188,19
DA:189,19
DA:192,19
DA:195,19
DA:198,19
DA:201,19
DA:202,19
DA:205,19
DA:206,19
DA:209,19
DA:212,19
DA:215,19
DA:219,19
DA:220,19
DA:221,19
DA:222,19
DA:224,19
DA:227,19
DA:228,19
DA:229,19
DA:230,19
DA:231,19
DA:234,19
DA:235,19
DA:238,19
DA:239,19
DA:242,19
DA:245,19
DA:248,19
DA:250,19
DA:251,19
DA:254,19
DA:255,19
DA:256,19
DA:257,19
DA:260,19
DA:263,19
DA:264,19
DA:265,19
DA:266,19
DA:267,19
DA:268,19
DA:271,19
DA:274,19
DA:275,19
DA:276,19
DA:279,19
DA:280,19
DA:283,19
DA:284,19
DA:285,19
DA:286,19
DA:287,19
DA:290,19
DA:293,19
DA:296,19
DA:297,19
DA:298,19
DA:301,19
DA:302,19
DA:305,19
DA:308,19
DA:311,19
DA:314,19
DA:315,19
DA:316,19
DA:317,19
DA:318,19
DA:319,19
DA:320,19
DA:321,19
DA:322,19
DA:325,19
DA:326,19
DA:327,19
DA:330,19
DA:331,19
DA:332,19
DA:333,19
DA:336,19
DA:339,19
DA:340,19
DA:341,19
DA:344,19
DA:347,19
DA:348,19
DA:349,19
DA:350,19
DA:353,19
DA:356,19
DA:359,19
DA:360,19
DA:361,19
DA:364,19
DA:367,19
DA:370,19
DA:373,19
DA:376,19
DA:377,19
DA:378,19
DA:379,19
DA:380,19
DA:383,19
DA:384,19
DA:387,19
DA:388,19
DA:392,19
DA:393,19
DA:394,19
DA:397,19
DA:400,19
DA:401,19
DA:402,19
DA:405,19
DA:408,19
DA:411,19
DA:414,19
DA:417,19
DA:420,19
DA:423,19
DA:426,19
DA:429,19
DA:432,19
DA:433,19
DA:434,19
DA:437,19
DA:438,19
DA:441,19
DA:444,19
DA:447,19
DA:448,19
DA:451,19
DA:452,19
DA:455,19
DA:458,19
DA:459,19
DA:460,19
DA:463,19
DA:464,19
DA:465,19
DA:468,19
DA:469,19
DA:470,19
DA:471,19
DA:472,19
DA:475,19
DA:476,19
DA:479,19
DA:480,19
DA:481,19
DA:482,19
DA:485,19
DA:488,19
DA:491,19
DA:494,19
DA:497,19
DA:502,19
DA:504,19
DA:505,19
DA:506,19
DA:509,19
DA:510,19
DA:511,19
DA:512,19
DA:513,19
DA:516,19
DA:517,19
DA:520,19
DA:521,19
DA:524,19
DA:527,19
DA:528,19
DA:529,19
DA:530,19
DA:531,19
DA:532,19
DA:535,19
DA:536,19
DA:538,19
DA:539,19
DA:542,19
DA:543,19
DA:546,19
DA:549,19
DA:552,19
DA:555,19
DA:556,19
DA:559,19
DA:560,19
DA:563,19
DA:564,19
DA:565,19
DA:568,19
DA:571,19
DA:574,19
DA:575,19
DA:576,19
DA:579,19
DA:582,19
DA:583,19
DA:584,19
DA:585,19
DA:587,19
DA:588,19
DA:591,19
DA:592,19
DA:595,19
DA:598,19
DA:601,19
DA:602,19
DA:603,19
DA:607,19
DA:608,19
DA:611,19
DA:612,19
DA:615,19
DA:618,19
DA:619,19
DA:620,19
DA:621,19
DA:622,19
DA:625,19
DA:626,19
DA:627,19
DA:630,19
DA:633,19
DA:634,19
DA:635,19
DA:636,19
DA:639,19
DA:640,19
DA:641,19
DA:644,19
DA:647,19
DA:650,19
DA:651,19
DA:652,19
DA:655,19
DA:658,19
DA:661,19
DA:662,19
DA:665,19
DA:668,19
DA:671,19
DA:674,19
DA:675,19
DA:678,19
DA:681,19
DA:682,19
DA:685,19
DA:688,19
DA:691,19
DA:692,19
DA:695,19
DA:696,19
DA:699,19
DA:700,19
DA:703,19
DA:704,19
DA:707,19
DA:708,19
DA:711,19
DA:712,19
DA:715,19
DA:716,19
DA:719,19
DA:720,19
DA:721,19
DA:722,19
DA:723,19
DA:724,19
DA:727,19
DA:730,19
DA:731,19
DA:734,19
DA:737,19
DA:740,19
DA:743,19
DA:744,19
DA:745,19
DA:746,19
DA:747,19
DA:750,19
DA:753,19
DA:756,19
DA:759,19
DA:762,19
DA:765,19
DA:768,19
DA:769,19
DA:770,19
DA:773,19
DA:774,19
DA:777,19
DA:778,19
DA:779,19
DA:780,19
DA:781,19
DA:784,19
DA:785,19
DA:786,19
DA:787,19
DA:788,19
DA:791,19
DA:794,19
DA:795,19
DA:796,19
DA:797,19
DA:798,19
DA:801,19
DA:802,19
DA:803,19
DA:804,19
DA:805,19
DA:806,19
DA:809,19
DA:810,19
LF:405
LH:387
end_of_record
SF:lib/generated/intl/messages_vi.dart
DA:16,0
DA:21,0
DA:23,0
DA:25,0
DA:27,0
DA:28,0
DA:30,0
DA:31,0
DA:33,0
DA:35,0
DA:37,0
DA:39,0
DA:41,0
DA:43,0
DA:45,0
DA:47,0
DA:49,0
DA:51,0
DA:53,0
DA:56,0
DA:57,0
DA:58,0
DA:59,0
DA:60,0
DA:63,0
DA:66,0
DA:68,0
DA:69,0
DA:70,0
DA:73,0
DA:74,0
DA:77,0
DA:78,0
DA:79,0
DA:80,0
DA:83,0
DA:84,0
DA:87,0
DA:90,0
DA:91,0
DA:92,0
DA:93,0
DA:96,0
DA:99,0
DA:100,0
DA:103,0
DA:106,0
DA:107,0
DA:108,0
DA:111,0
DA:114,0
DA:117,0
DA:118,0
DA:119,0
DA:122,0
DA:125,0
DA:128,0
DA:129,0
DA:130,0
DA:131,0
DA:132,0
DA:133,0
DA:134,0
DA:135,0
DA:136,0
DA:139,0
DA:140,0
DA:141,0
DA:142,0
DA:143,0
DA:144,0
DA:145,0
DA:146,0
DA:147,0
DA:148,0
DA:151,0
DA:154,0
DA:157,0
DA:160,0
DA:163,0
DA:166,0
DA:167,0
DA:168,0
DA:169,0
DA:170,0
DA:173,0
DA:176,0
DA:179,0
DA:182,0
DA:183,0
DA:186,0
DA:189,0
DA:192,0
DA:195,0
DA:196,0
DA:199,0
DA:200,0
DA:203,0
DA:206,0
DA:209,0
DA:213,0
DA:216,0
DA:217,0
DA:218,0
DA:220,0
DA:223,0
DA:224,0
DA:225,0
DA:226,0
DA:227,0
DA:230,0
DA:231,0
DA:234,0
DA:235,0
DA:238,0
DA:241,0
DA:244,0
DA:246,0
DA:249,0
DA:252,0
DA:253,0
DA:254,0
DA:255,0
DA:258,0
DA:261,0
DA:262,0
DA:263,0
DA:264,0
DA:265,0
DA:266,0
DA:269,0
DA:272,0
DA:273,0
DA:274,0
DA:277,0
DA:278,0
DA:281,0
DA:282,0
DA:283,0
DA:284,0
DA:285,0
DA:288,0
DA:289,0
DA:292,0
DA:293,0
DA:294,0
DA:295,0
DA:296,0
DA:299,0
DA:302,0
DA:305,0
DA:308,0
DA:309,0
DA:310,0
DA:311,0
DA:312,0
DA:313,0
DA:314,0
DA:315,0
DA:316,0
DA:319,0
DA:320,0
DA:321,0
DA:324,0
DA:325,0
DA:326,0
DA:327,0
DA:328,0
DA:331,0
DA:332,0
DA:333,0
DA:336,0
DA:339,0
DA:340,0
DA:341,0
DA:342,0
DA:343,0
DA:344,0
DA:347,0
DA:348,0
DA:349,0
DA:352,0
DA:355,0
DA:358,0
DA:361,0
DA:362,0
DA:363,0
DA:364,0
DA:365,0
DA:366,0
DA:369,0
DA:370,0
DA:373,0
DA:374,0
DA:376,0
DA:377,0
DA:378,0
DA:381,0
DA:384,0
DA:385,0
DA:386,0
DA:389,0
DA:392,0
DA:395,0
DA:398,0
DA:401,0
DA:404,0
DA:407,0
DA:410,0
DA:413,0
DA:416,0
DA:417,0
DA:418,0
DA:421,0
DA:422,0
DA:425,0
DA:428,0
DA:431,0
DA:434,0
DA:437,0
DA:438,0
DA:441,0
DA:444,0
DA:445,0
DA:446,0
DA:449,0
DA:452,0
DA:453,0
DA:456,0
DA:457,0
DA:458,0
DA:459,0
DA:460,0
DA:463,0
DA:466,0
DA:469,0
DA:470,0
DA:473,0
DA:474,0
DA:477,0
DA:480,0
DA:483,0
DA:486,0
DA:489,0
DA:494,0
DA:496,0
DA:497,0
DA:498,0
DA:501,0
DA:502,0
DA:503,0
DA:504,0
DA:505,0
DA:506,0
DA:507,0
DA:510,0
DA:511,0
DA:514,0
DA:517,0
DA:518,0
DA:521,0
DA:522,0
DA:523,0
DA:524,0
DA:527,0
DA:528,0
DA:530,0
DA:531,0
DA:534,0
DA:535,0
DA:538,0
DA:541,0
DA:544,0
DA:547,0
DA:550,0
DA:553,0
DA:554,0
DA:557,0
DA:558,0
DA:561,0
DA:564,0
DA:567,0
DA:570,0
DA:571,0
DA:572,0
DA:575,0
DA:578,0
DA:579,0
DA:580,0
DA:581,0
DA:585,0
DA:586,0
DA:589,0
DA:590,0
DA:593,0
DA:596,0
DA:599,0
DA:600,0
DA:601,0
DA:605,0
DA:606,0
DA:609,0
DA:610,0
DA:613,0
DA:616,0
DA:617,0
DA:618,0
DA:619,0
DA:620,0
DA:623,0
DA:624,0
DA:625,0
DA:628,0
DA:631,0
DA:632,0
DA:633,0
DA:634,0
DA:637,0
DA:638,0
DA:639,0
DA:642,0
DA:645,0
DA:648,0
DA:651,0
DA:652,0
DA:655,0
DA:658,0
DA:661,0
DA:662,0
DA:665,0
DA:666,0
DA:669,0
DA:672,0
DA:673,0
DA:676,0
DA:679,0
DA:680,0
DA:683,0
DA:686,0
DA:689,0
DA:692,0
DA:695,0
DA:698,0
DA:701,0
DA:704,0
DA:707,0
DA:708,0
DA:711,0
DA:712,0
DA:715,0
DA:716,0
DA:719,0
DA:720,0
DA:723,0
DA:724,0
DA:725,0
DA:726,0
DA:727,0
DA:728,0
DA:731,0
DA:732,0
DA:733,0
DA:734,0
DA:737,0
DA:740,0
DA:743,0
DA:744,0
DA:745,0
DA:746,0
DA:747,0
DA:750,0
DA:753,0
DA:756,0
DA:757,0
DA:760,0
DA:763,0
DA:766,0
DA:767,0
DA:770,0
DA:773,0
DA:774,0
DA:777,0
DA:778,0
DA:779,0
DA:780,0
DA:783,0
DA:786,0
DA:787,0
DA:788,0
DA:789,0
DA:790,0
DA:793,0
DA:794,0
DA:795,0
DA:796,0
DA:797,0
DA:798,0
DA:801,0
DA:802,0
DA:803,0
DA:806,0
DA:807,0
DA:808,0
DA:811,0
DA:812,0
LF:405
LH:0
end_of_record
SF:lib/features/auth/domain/entities/biometric_entity.dart
DA:6,0
DA:8,0
DA:11,0
DA:12,0
DA:13,0
DA:16,0
DA:17,0
DA:19,0
DA:21,0
DA:29,0
DA:31,0
DA:33,0
DA:35,0
LF:13
LH:0
end_of_record
SF:lib/features/auth/application/biometric/biometric_notifier.g.dart
DA:14,3
DA:20,1
DA:21,1
DA:31,1
DA:32,1
DA:34,1
DA:36,1
DA:39,0
DA:40,0
DA:42,0
DA:47,1
DA:53,1
DA:56,1
DA:58,1
DA:65,2
LF:15
LH:12
end_of_record
SF:lib/features/auth/application/biometric/biometric_notifier.dart
DA:26,1
DA:28,4
DA:29,4
DA:30,4
DA:31,4
DA:32,4
DA:33,4
DA:38,1
DA:39,1
DA:40,3
DA:42,3
DA:43,2
DA:45,0
DA:46,0
DA:47,0
DA:48,0
DA:54,0
DA:57,0
DA:58,0
DA:60,0
DA:61,0
DA:62,0
DA:63,0
DA:66,0
DA:70,0
DA:71,0
DA:72,0
DA:74,0
DA:82,0
DA:83,0
DA:86,0
DA:94,0
DA:95,0
DA:96,0
DA:98,0
DA:99,0
DA:101,0
DA:103,0
DA:104,0
DA:105,0
DA:106,0
DA:109,0
DA:110,0
DA:111,0
DA:118,0
DA:122,0
DA:123,0
DA:125,0
DA:126,0
DA:131,0
DA:133,0
DA:134,0
DA:135,0
DA:136,0
DA:142,0
DA:143,0
DA:144,0
DA:150,0
DA:151,0
DA:152,0
DA:154,0
DA:155,0
DA:157,0
DA:158,0
DA:159,0
DA:160,0
DA:162,0
DA:163,0
DA:164,0
DA:170,0
DA:171,0
DA:173,0
DA:174,0
DA:176,0
DA:177,0
DA:178,0
DA:179,0
DA:181,0
DA:183,0
DA:184,0
LF:80
LH:12
end_of_record
SF:lib/features/auth/di/biometric_di_providers.g.dart
DA:14,0
DA:27,0
DA:28,0
DA:38,0
DA:39,0
DA:41,0
DA:45,0
DA:47,0
DA:49,0
DA:53,0
DA:54,0
DA:56,0
DA:63,0
DA:68,0
DA:76,0
DA:77,0
DA:87,0
DA:88,0
DA:90,0
DA:93,0
DA:95,0
DA:97,0
DA:101,0
DA:102,0
DA:104,0
DA:109,0
DA:114,0
DA:127,0
DA:128,0
DA:138,0
DA:139,0
DA:141,0
DA:145,0
DA:147,0
DA:149,0
DA:153,0
DA:154,0
DA:156,0
DA:161,0
DA:167,3
DA:180,1
DA:181,1
DA:191,0
DA:192,0
DA:194,0
DA:198,0
DA:200,0
DA:202,0
DA:206,1
DA:207,1
DA:209,1
DA:214,0
DA:220,2
DA:221,1
DA:234,1
DA:235,1
DA:245,1
DA:247,1
DA:249,1
DA:253,1
DA:255,1
DA:257,1
DA:261,0
DA:262,0
DA:264,0
DA:271,1
DA:277,2
DA:278,1
DA:291,1
DA:292,1
DA:302,1
DA:303,1
DA:305,1
DA:309,1
DA:311,1
DA:313,1
DA:317,0
DA:318,0
DA:320,0
DA:327,1
DA:333,2
DA:334,1
DA:347,1
DA:348,1
DA:358,1
DA:359,1
DA:361,1
DA:365,1
DA:367,1
DA:369,1
DA:373,0
DA:374,0
DA:376,0
DA:383,1
DA:389,3
DA:402,1
DA:403,1
DA:413,1
DA:414,1
DA:416,1
DA:420,1
DA:422,1
DA:424,1
DA:428,0
DA:429,0
DA:431,0
DA:436,1
DA:442,3
DA:455,1
DA:456,1
DA:466,1
DA:467,1
DA:469,1
DA:473,1
DA:475,1
DA:477,1
DA:481,0
DA:482,0
DA:484,0
DA:489,1
DA:495,3
DA:508,1
DA:509,1
DA:519,1
DA:520,1
DA:522,1
DA:526,1
DA:528,1
DA:530,1
DA:534,0
DA:535,0
DA:537,0
DA:542,1
LF:133
LH:69
end_of_record
SF:lib/features/auth/di/biometric_di_providers.dart
DA:22,0
DA:24,0
DA:28,0
DA:30,0
DA:38,0
DA:40,0
DA:41,0
DA:42,0
DA:50,0
DA:52,0
DA:53,0
DA:61,1
DA:63,2
DA:64,1
DA:68,1
DA:70,2
DA:71,1
DA:75,1
DA:77,2
DA:78,1
DA:82,1
DA:84,2
DA:85,1
DA:89,1
DA:91,2
DA:92,1
DA:96,1
DA:98,2
DA:99,1
LF:29
LH:18
end_of_record
SF:lib/features/auth/domain/usecases/authenticate_with_biometric_usecase.dart
DA:11,1
DA:13,0
DA:17,0
DA:25,0
LF:4
LH:1
end_of_record
SF:lib/features/auth/domain/usecases/check_biometric_availability_usecase.dart
DA:10,1
DA:12,1
DA:14,2
LF:3
LH:3
end_of_record
SF:lib/features/auth/domain/usecases/disable_biometric_usecase.dart
DA:10,1
DA:12,0
DA:14,0
LF:3
LH:1
end_of_record
SF:lib/features/auth/domain/usecases/enable_biometric_usecase.dart
DA:10,1
DA:12,0
DA:15,0
DA:16,0
DA:19,0
DA:20,0
DA:21,0
DA:31,0
LF:8
LH:1
end_of_record
SF:lib/features/auth/domain/usecases/get_available_biometrics_usecase.dart
DA:12,1
DA:14,0
DA:16,0
LF:3
LH:1
end_of_record
SF:lib/features/auth/domain/usecases/get_auth_session_usecase.dart
DA:11,1
DA:13,0
DA:15,0
LF:3
LH:1
end_of_record
SF:lib/features/auth/application/biometric/biometric_state.dart
DA:12,2
DA:21,0
DA:22,0
DA:23,0
DA:26,0
DA:27,0
DA:28,0
DA:30,1
DA:38,1
DA:39,1
DA:40,1
DA:41,0
DA:42,1
DA:43,0
DA:47,1
DA:50,1
DA:51,3
DA:52,3
DA:53,3
DA:54,0
DA:55,0
DA:58,0
DA:60,0
DA:61,0
DA:62,0
DA:63,0
DA:64,0
DA:67,0
DA:69,0
LF:29
LH:11
end_of_record
SF:lib/features/auth/data/datasources/biometric_local_datasource_impl.dart
DA:17,0
DA:19,0
DA:22,0
DA:23,0
DA:24,0
DA:26,0
DA:29,0
DA:30,0
DA:31,0
DA:36,0
DA:39,0
DA:40,0
DA:42,0
DA:44,0
DA:46,0
DA:47,0
DA:48,0
DA:49,0
DA:50,0
DA:51,0
DA:55,0
DA:58,0
DA:59,0
DA:63,0
DA:66,0
DA:68,0
DA:77,0
DA:79,0
DA:84,0
DA:85,0
DA:89,0
DA:95,0
DA:97,0
DA:102,0
DA:103,0
DA:105,0
DA:107,0
DA:108,0
DA:112,0
DA:115,0
DA:117,0
DA:119,0
DA:123,0
DA:124,0
DA:127,0
DA:130,0
DA:131,0
DA:135,0
DA:138,0
DA:140,0
DA:141,0
DA:143,0
DA:145,0
DA:146,0
DA:150,0
DA:153,0
DA:154,0
DA:157,0
DA:162,0
DA:165,0
DA:166,0
DA:170,0
DA:173,0
DA:175,0
DA:176,0
LF:65
LH:0
end_of_record
SF:lib/features/auth/data/repositories_impl/biometric_repository_impl.dart
DA:14,0
DA:16,0
DA:19,0
DA:20,0
DA:21,0
DA:22,0
DA:24,0
DA:28,0
DA:31,0
DA:32,0
DA:33,0
DA:34,0
DA:36,0
DA:40,0
DA:43,0
DA:44,0
DA:45,0
DA:46,0
DA:48,0
DA:52,0
DA:58,0
DA:62,0
DA:63,0
DA:64,0
DA:66,0
DA:70,0
DA:73,0
DA:74,0
DA:75,0
DA:76,0
DA:78,0
DA:82,0
DA:85,0
DA:86,0
DA:87,0
DA:88,0
DA:90,0
DA:94,0
DA:97,0
DA:98,0
DA:99,0
DA:100,0
DA:102,0
DA:106,0
DA:109,0
DA:110,0
DA:111,0
DA:112,0
DA:114,0
LF:49
LH:0
end_of_record
SF:lib/features/cart/di/checkout_voucher_provider.dart
DA:10,0
DA:11,0
DA:13,0
LF:3
LH:0
end_of_record
SF:lib/features/cart/di/checkout_preview_provider.g.dart
DA:14,3
DA:23,1
DA:24,1
DA:34,0
DA:35,0
DA:37,0
DA:40,0
DA:42,0
DA:44,0
DA:48,1
DA:49,1
DA:51,1
DA:56,0
DA:63,3
DA:75,1
DA:76,1
DA:86,1
DA:87,1
DA:89,1
DA:91,1
DA:94,1
DA:103,1
DA:107,1
DA:113,1
DA:123,2
LF:25
LH:18
end_of_record
SF:lib/features/cart/di/checkout_preview_provider.dart
DA:9,0
DA:11,0
DA:12,0
DA:19,1
DA:25,1
DA:28,2
DA:29,1
DA:31,3
DA:32,1
DA:34,2
DA:36,3
DA:37,2
DA:38,2
DA:41,2
DA:44,2
DA:45,2
DA:52,0
DA:53,0
LF:18
LH:13
end_of_record
SF:lib/features/orders/presentation/widgets/track_order/order_delivery_tracking_card.dart
DA:10,1
DA:14,1
DA:16,2
DA:17,1
DA:22,1
DA:24,2
LF:6
LH:6
end_of_record
SF:lib/features/orders/presentation/widgets/track_order/tracking_error_message.dart
DA:8,1
DA:10,0
DA:12,0
DA:13,0
DA:14,0
DA:15,0
DA:16,0
DA:17,0
DA:19,0
DA:20,0
DA:21,0
DA:22,0
DA:23,0
DA:24,0
DA:25,0
DA:26,0
DA:29,0
DA:30,0
DA:31,0
DA:32,0
LF:20
LH:1
end_of_record
